[2022-12-14T06:24:26.975+0000] {processor.py:153} INFO - Started process (PID=102) to work on /opt/airflow/dags/sparkify_dag.py
[2022-12-14T06:24:27.190+0000] {processor.py:743} INFO - Processing file /opt/airflow/dags/sparkify_dag.py for tasks to queue
[2022-12-14T06:24:27.586+0000] {logging_mixin.py:137} INFO - [2022-12-14T06:24:27.501+0000] {dagbag.py:538} INFO - Filling up the DagBag from /opt/airflow/dags/sparkify_dag.py
[2022-12-14T06:24:30.963+0000] {logging_mixin.py:137} INFO - [2022-12-14T06:24:30.128+0000] {dagbag.py:343} ERROR - Failed to import: /opt/airflow/dags/sparkify_dag.py
Traceback (most recent call last):
  File "/home/airflow/.local/lib/python3.7/site-packages/airflow/models/dagbag.py", line 339, in parse
    loader.exec_module(new_module)
  File "<frozen importlib._bootstrap_external>", line 728, in exec_module
  File "<frozen importlib._bootstrap>", line 219, in _call_with_frames_removed
  File "/opt/airflow/dags/sparkify_dag.py", line 5, in <module>
    from airflow.operators import (StageToRedshiftOperator, LoadFactOperator,
ImportError: cannot import name 'StageToRedshiftOperator' from 'airflow.operators' (/home/airflow/.local/lib/python3.7/site-packages/airflow/operators/__init__.py)
[2022-12-14T06:24:31.001+0000] {processor.py:755} WARNING - No viable dags retrieved from /opt/airflow/dags/sparkify_dag.py
[2022-12-14T06:24:34.015+0000] {processor.py:175} INFO - Processing /opt/airflow/dags/sparkify_dag.py took 7.380 seconds
[2022-12-14T07:34:58.477+0000] {processor.py:153} INFO - Started process (PID=63) to work on /opt/airflow/dags/sparkify_dag.py
[2022-12-14T07:34:58.509+0000] {processor.py:743} INFO - Processing file /opt/airflow/dags/sparkify_dag.py for tasks to queue
[2022-12-14T07:34:58.522+0000] {logging_mixin.py:137} INFO - [2022-12-14T07:34:58.515+0000] {dagbag.py:538} INFO - Filling up the DagBag from /opt/airflow/dags/sparkify_dag.py
[2022-12-14T07:34:58.671+0000] {logging_mixin.py:137} INFO - [2022-12-14T07:34:58.643+0000] {dagbag.py:343} ERROR - Failed to import: /opt/airflow/dags/sparkify_dag.py
Traceback (most recent call last):
  File "/home/airflow/.local/lib/python3.7/site-packages/airflow/models/dagbag.py", line 339, in parse
    loader.exec_module(new_module)
  File "<frozen importlib._bootstrap_external>", line 728, in exec_module
  File "<frozen importlib._bootstrap>", line 219, in _call_with_frames_removed
  File "/opt/airflow/dags/sparkify_dag.py", line 5, in <module>
    from airflow.operators import (StageToRedshiftOperator, LoadFactOperator,
ImportError: cannot import name 'StageToRedshiftOperator' from 'airflow.operators' (/home/airflow/.local/lib/python3.7/site-packages/airflow/operators/__init__.py)
[2022-12-14T07:34:58.683+0000] {processor.py:755} WARNING - No viable dags retrieved from /opt/airflow/dags/sparkify_dag.py
[2022-12-14T07:35:00.300+0000] {processor.py:175} INFO - Processing /opt/airflow/dags/sparkify_dag.py took 1.931 seconds
