[2022-12-14T06:24:53.426+0000] {processor.py:153} INFO - Started process (PID=112) to work on /home/airflow/.local/lib/python3.7/site-packages/airflow/example_dags/example_complex.py
[2022-12-14T06:24:53.493+0000] {processor.py:743} INFO - Processing file /home/airflow/.local/lib/python3.7/site-packages/airflow/example_dags/example_complex.py for tasks to queue
[2022-12-14T06:24:53.739+0000] {logging_mixin.py:137} INFO - [2022-12-14T06:24:53.738+0000] {dagbag.py:538} INFO - Filling up the DagBag from /home/airflow/.local/lib/python3.7/site-packages/airflow/example_dags/example_complex.py
[2022-12-14T06:24:58.109+0000] {logging_mixin.py:137} INFO - [2022-12-14T06:24:58.101+0000] {taskmixin.py:205} WARNING - Dependency <Task(BashOperator): create_entry_group>, delete_entry_group already registered for DAG: example_complex
[2022-12-14T06:24:58.147+0000] {logging_mixin.py:137} INFO - [2022-12-14T06:24:58.146+0000] {taskmixin.py:205} WARNING - Dependency <Task(BashOperator): delete_entry_group>, create_entry_group already registered for DAG: example_complex
[2022-12-14T06:24:58.168+0000] {logging_mixin.py:137} INFO - [2022-12-14T06:24:58.168+0000] {taskmixin.py:205} WARNING - Dependency <Task(BashOperator): create_entry_gcs>, delete_entry already registered for DAG: example_complex
[2022-12-14T06:24:58.195+0000] {logging_mixin.py:137} INFO - [2022-12-14T06:24:58.175+0000] {taskmixin.py:205} WARNING - Dependency <Task(BashOperator): delete_entry>, create_entry_gcs already registered for DAG: example_complex
[2022-12-14T06:24:58.208+0000] {logging_mixin.py:137} INFO - [2022-12-14T06:24:58.208+0000] {taskmixin.py:205} WARNING - Dependency <Task(BashOperator): create_tag>, delete_tag already registered for DAG: example_complex
[2022-12-14T06:24:58.348+0000] {logging_mixin.py:137} INFO - [2022-12-14T06:24:58.347+0000] {taskmixin.py:205} WARNING - Dependency <Task(BashOperator): delete_tag>, create_tag already registered for DAG: example_complex
[2022-12-14T06:25:01.634+0000] {processor.py:753} INFO - DAG(s) dict_keys(['example_complex']) retrieved from /home/airflow/.local/lib/python3.7/site-packages/airflow/example_dags/example_complex.py
[2022-12-14T06:25:11.470+0000] {logging_mixin.py:137} INFO - [2022-12-14T06:25:11.467+0000] {dag.py:2676} INFO - Sync 1 DAGs
[2022-12-14T06:25:25.121+0000] {logging_mixin.py:137} INFO - [2022-12-14T06:25:25.113+0000] {dag.py:3427} INFO - Setting next_dagrun for example_complex to None, run_after=None
[2022-12-14T06:25:33.088+0000] {processor.py:175} INFO - Processing /home/airflow/.local/lib/python3.7/site-packages/airflow/example_dags/example_complex.py took 41.401 seconds
[2022-12-14T07:35:08.279+0000] {processor.py:153} INFO - Started process (PID=72) to work on /home/airflow/.local/lib/python3.7/site-packages/airflow/example_dags/example_complex.py
[2022-12-14T07:35:08.313+0000] {processor.py:743} INFO - Processing file /home/airflow/.local/lib/python3.7/site-packages/airflow/example_dags/example_complex.py for tasks to queue
[2022-12-14T07:35:08.347+0000] {logging_mixin.py:137} INFO - [2022-12-14T07:35:08.323+0000] {dagbag.py:538} INFO - Filling up the DagBag from /home/airflow/.local/lib/python3.7/site-packages/airflow/example_dags/example_complex.py
[2022-12-14T07:35:08.680+0000] {logging_mixin.py:137} INFO - [2022-12-14T07:35:08.680+0000] {taskmixin.py:205} WARNING - Dependency <Task(BashOperator): create_entry_group>, delete_entry_group already registered for DAG: example_complex
[2022-12-14T07:35:08.690+0000] {logging_mixin.py:137} INFO - [2022-12-14T07:35:08.690+0000] {taskmixin.py:205} WARNING - Dependency <Task(BashOperator): delete_entry_group>, create_entry_group already registered for DAG: example_complex
[2022-12-14T07:35:08.699+0000] {logging_mixin.py:137} INFO - [2022-12-14T07:35:08.699+0000] {taskmixin.py:205} WARNING - Dependency <Task(BashOperator): create_entry_gcs>, delete_entry already registered for DAG: example_complex
[2022-12-14T07:35:08.703+0000] {logging_mixin.py:137} INFO - [2022-12-14T07:35:08.703+0000] {taskmixin.py:205} WARNING - Dependency <Task(BashOperator): delete_entry>, create_entry_gcs already registered for DAG: example_complex
[2022-12-14T07:35:08.708+0000] {logging_mixin.py:137} INFO - [2022-12-14T07:35:08.707+0000] {taskmixin.py:205} WARNING - Dependency <Task(BashOperator): create_tag>, delete_tag already registered for DAG: example_complex
[2022-12-14T07:35:08.717+0000] {logging_mixin.py:137} INFO - [2022-12-14T07:35:08.717+0000] {taskmixin.py:205} WARNING - Dependency <Task(BashOperator): delete_tag>, create_tag already registered for DAG: example_complex
[2022-12-14T07:35:08.972+0000] {processor.py:753} INFO - DAG(s) dict_keys(['example_complex']) retrieved from /home/airflow/.local/lib/python3.7/site-packages/airflow/example_dags/example_complex.py
[2022-12-14T07:35:10.415+0000] {logging_mixin.py:137} INFO - [2022-12-14T07:35:10.414+0000] {dag.py:2676} INFO - Sync 1 DAGs
[2022-12-14T07:35:15.485+0000] {logging_mixin.py:137} INFO - [2022-12-14T07:35:15.445+0000] {dag.py:3427} INFO - Setting next_dagrun for example_complex to None, run_after=None
[2022-12-14T07:35:16.987+0000] {processor.py:175} INFO - Processing /home/airflow/.local/lib/python3.7/site-packages/airflow/example_dags/example_complex.py took 8.784 seconds
