[2022-12-14T06:20:41.949+0000] {processor.py:153} INFO - Started process (PID=97) to work on /home/airflow/.local/lib/python3.7/site-packages/airflow/example_dags/example_short_circuit_decorator.py
[2022-12-14T06:20:41.953+0000] {processor.py:743} INFO - Processing file /home/airflow/.local/lib/python3.7/site-packages/airflow/example_dags/example_short_circuit_decorator.py for tasks to queue
[2022-12-14T06:20:41.954+0000] {logging_mixin.py:137} INFO - [2022-12-14T06:20:41.954+0000] {dagbag.py:538} INFO - Filling up the DagBag from /home/airflow/.local/lib/python3.7/site-packages/airflow/example_dags/example_short_circuit_decorator.py
[2022-12-14T06:20:42.067+0000] {processor.py:753} INFO - DAG(s) dict_keys(['example_short_circuit_decorator']) retrieved from /home/airflow/.local/lib/python3.7/site-packages/airflow/example_dags/example_short_circuit_decorator.py
[2022-12-14T06:20:42.154+0000] {logging_mixin.py:137} INFO - [2022-12-14T06:20:42.154+0000] {dag.py:2676} INFO - Sync 1 DAGs
[2022-12-14T06:20:42.206+0000] {logging_mixin.py:137} INFO - [2022-12-14T06:20:42.206+0000] {dag.py:3427} INFO - Setting next_dagrun for example_short_circuit_decorator to 2022-12-13T06:20:42.205924+00:00, run_after=2022-12-14T06:20:42.205924+00:00
[2022-12-14T06:20:42.316+0000] {processor.py:175} INFO - Processing /home/airflow/.local/lib/python3.7/site-packages/airflow/example_dags/example_short_circuit_decorator.py took 0.380 seconds
[2022-12-14T06:21:12.576+0000] {processor.py:153} INFO - Started process (PID=173) to work on /home/airflow/.local/lib/python3.7/site-packages/airflow/example_dags/example_short_circuit_decorator.py
[2022-12-14T06:21:12.579+0000] {processor.py:743} INFO - Processing file /home/airflow/.local/lib/python3.7/site-packages/airflow/example_dags/example_short_circuit_decorator.py for tasks to queue
[2022-12-14T06:21:12.584+0000] {logging_mixin.py:137} INFO - [2022-12-14T06:21:12.583+0000] {dagbag.py:538} INFO - Filling up the DagBag from /home/airflow/.local/lib/python3.7/site-packages/airflow/example_dags/example_short_circuit_decorator.py
[2022-12-14T06:21:12.672+0000] {processor.py:753} INFO - DAG(s) dict_keys(['example_short_circuit_decorator']) retrieved from /home/airflow/.local/lib/python3.7/site-packages/airflow/example_dags/example_short_circuit_decorator.py
[2022-12-14T06:21:13.102+0000] {logging_mixin.py:137} INFO - [2022-12-14T06:21:13.102+0000] {dag.py:2676} INFO - Sync 1 DAGs
[2022-12-14T06:21:13.169+0000] {logging_mixin.py:137} INFO - [2022-12-14T06:21:13.169+0000] {dag.py:3427} INFO - Setting next_dagrun for example_short_circuit_decorator to 2022-12-13T06:21:13.169123+00:00, run_after=2022-12-14T06:21:13.169123+00:00
[2022-12-14T06:21:13.207+0000] {processor.py:175} INFO - Processing /home/airflow/.local/lib/python3.7/site-packages/airflow/example_dags/example_short_circuit_decorator.py took 0.642 seconds
[2022-12-14T06:21:44.380+0000] {processor.py:153} INFO - Started process (PID=250) to work on /home/airflow/.local/lib/python3.7/site-packages/airflow/example_dags/example_short_circuit_decorator.py
[2022-12-14T06:21:44.387+0000] {processor.py:743} INFO - Processing file /home/airflow/.local/lib/python3.7/site-packages/airflow/example_dags/example_short_circuit_decorator.py for tasks to queue
[2022-12-14T06:21:44.405+0000] {logging_mixin.py:137} INFO - [2022-12-14T06:21:44.404+0000] {dagbag.py:538} INFO - Filling up the DagBag from /home/airflow/.local/lib/python3.7/site-packages/airflow/example_dags/example_short_circuit_decorator.py
[2022-12-14T06:21:44.502+0000] {processor.py:753} INFO - DAG(s) dict_keys(['example_short_circuit_decorator']) retrieved from /home/airflow/.local/lib/python3.7/site-packages/airflow/example_dags/example_short_circuit_decorator.py
[2022-12-14T06:21:44.750+0000] {logging_mixin.py:137} INFO - [2022-12-14T06:21:44.749+0000] {dag.py:2676} INFO - Sync 1 DAGs
[2022-12-14T06:21:44.807+0000] {logging_mixin.py:137} INFO - [2022-12-14T06:21:44.807+0000] {dag.py:3427} INFO - Setting next_dagrun for example_short_circuit_decorator to 2022-12-13T06:21:44.807236+00:00, run_after=2022-12-14T06:21:44.807236+00:00
[2022-12-14T06:21:44.870+0000] {processor.py:175} INFO - Processing /home/airflow/.local/lib/python3.7/site-packages/airflow/example_dags/example_short_circuit_decorator.py took 0.534 seconds
[2022-12-14T06:22:14.941+0000] {processor.py:153} INFO - Started process (PID=325) to work on /home/airflow/.local/lib/python3.7/site-packages/airflow/example_dags/example_short_circuit_decorator.py
[2022-12-14T06:22:14.946+0000] {processor.py:743} INFO - Processing file /home/airflow/.local/lib/python3.7/site-packages/airflow/example_dags/example_short_circuit_decorator.py for tasks to queue
[2022-12-14T06:22:14.950+0000] {logging_mixin.py:137} INFO - [2022-12-14T06:22:14.950+0000] {dagbag.py:538} INFO - Filling up the DagBag from /home/airflow/.local/lib/python3.7/site-packages/airflow/example_dags/example_short_circuit_decorator.py
[2022-12-14T06:22:14.975+0000] {processor.py:753} INFO - DAG(s) dict_keys(['example_short_circuit_decorator']) retrieved from /home/airflow/.local/lib/python3.7/site-packages/airflow/example_dags/example_short_circuit_decorator.py
[2022-12-14T06:22:15.028+0000] {logging_mixin.py:137} INFO - [2022-12-14T06:22:15.028+0000] {dag.py:2676} INFO - Sync 1 DAGs
[2022-12-14T06:22:15.070+0000] {logging_mixin.py:137} INFO - [2022-12-14T06:22:15.070+0000] {dag.py:3427} INFO - Setting next_dagrun for example_short_circuit_decorator to 2022-12-13T06:22:15.070195+00:00, run_after=2022-12-14T06:22:15.070195+00:00
[2022-12-14T06:22:15.116+0000] {processor.py:175} INFO - Processing /home/airflow/.local/lib/python3.7/site-packages/airflow/example_dags/example_short_circuit_decorator.py took 0.179 seconds
[2022-12-14T06:23:35.775+0000] {processor.py:153} INFO - Started process (PID=427) to work on /home/airflow/.local/lib/python3.7/site-packages/airflow/example_dags/example_short_circuit_decorator.py
[2022-12-14T06:23:35.784+0000] {processor.py:743} INFO - Processing file /home/airflow/.local/lib/python3.7/site-packages/airflow/example_dags/example_short_circuit_decorator.py for tasks to queue
[2022-12-14T06:23:35.794+0000] {logging_mixin.py:137} INFO - [2022-12-14T06:23:35.793+0000] {dagbag.py:538} INFO - Filling up the DagBag from /home/airflow/.local/lib/python3.7/site-packages/airflow/example_dags/example_short_circuit_decorator.py
[2022-12-14T06:23:37.343+0000] {processor.py:753} INFO - DAG(s) dict_keys(['example_short_circuit_decorator']) retrieved from /home/airflow/.local/lib/python3.7/site-packages/airflow/example_dags/example_short_circuit_decorator.py
[2022-12-14T06:23:40.574+0000] {logging_mixin.py:137} INFO - [2022-12-14T06:23:40.573+0000] {dag.py:2676} INFO - Sync 1 DAGs
[2022-12-14T06:23:41.663+0000] {logging_mixin.py:137} INFO - [2022-12-14T06:23:41.661+0000] {dag.py:3427} INFO - Setting next_dagrun for example_short_circuit_decorator to 2022-12-13T06:23:41.616633+00:00, run_after=2022-12-14T06:23:41.616633+00:00
[2022-12-14T06:23:42.509+0000] {processor.py:175} INFO - Processing /home/airflow/.local/lib/python3.7/site-packages/airflow/example_dags/example_short_circuit_decorator.py took 6.779 seconds
[2022-12-14T06:47:05.712+0000] {processor.py:153} INFO - Started process (PID=121) to work on /home/airflow/.local/lib/python3.7/site-packages/airflow/example_dags/example_short_circuit_decorator.py
[2022-12-14T06:47:05.746+0000] {processor.py:743} INFO - Processing file /home/airflow/.local/lib/python3.7/site-packages/airflow/example_dags/example_short_circuit_decorator.py for tasks to queue
[2022-12-14T06:47:05.762+0000] {logging_mixin.py:137} INFO - [2022-12-14T06:47:05.762+0000] {dagbag.py:538} INFO - Filling up the DagBag from /home/airflow/.local/lib/python3.7/site-packages/airflow/example_dags/example_short_circuit_decorator.py
[2022-12-14T06:47:06.227+0000] {processor.py:753} INFO - DAG(s) dict_keys(['example_short_circuit_decorator']) retrieved from /home/airflow/.local/lib/python3.7/site-packages/airflow/example_dags/example_short_circuit_decorator.py
[2022-12-14T06:47:06.903+0000] {logging_mixin.py:137} INFO - [2022-12-14T06:47:06.902+0000] {dag.py:2676} INFO - Sync 1 DAGs
[2022-12-14T06:47:07.161+0000] {logging_mixin.py:137} INFO - [2022-12-14T06:47:07.160+0000] {dag.py:3427} INFO - Setting next_dagrun for example_short_circuit_decorator to 2022-12-13T06:47:07.160163+00:00, run_after=2022-12-14T06:47:07.160163+00:00
[2022-12-14T06:47:07.579+0000] {processor.py:175} INFO - Processing /home/airflow/.local/lib/python3.7/site-packages/airflow/example_dags/example_short_circuit_decorator.py took 1.954 seconds
