[2022-12-14T06:20:43.183+0000] {processor.py:153} INFO - Started process (PID=100) to work on /home/airflow/.local/lib/python3.7/site-packages/airflow/example_dags/example_time_delta_sensor_async.py
[2022-12-14T06:20:43.186+0000] {processor.py:743} INFO - Processing file /home/airflow/.local/lib/python3.7/site-packages/airflow/example_dags/example_time_delta_sensor_async.py for tasks to queue
[2022-12-14T06:20:43.196+0000] {logging_mixin.py:137} INFO - [2022-12-14T06:20:43.196+0000] {dagbag.py:538} INFO - Filling up the DagBag from /home/airflow/.local/lib/python3.7/site-packages/airflow/example_dags/example_time_delta_sensor_async.py
[2022-12-14T06:20:43.318+0000] {processor.py:753} INFO - DAG(s) dict_keys(['example_time_delta_sensor_async']) retrieved from /home/airflow/.local/lib/python3.7/site-packages/airflow/example_dags/example_time_delta_sensor_async.py
[2022-12-14T06:20:43.515+0000] {logging_mixin.py:137} INFO - [2022-12-14T06:20:43.515+0000] {dag.py:2676} INFO - Sync 1 DAGs
[2022-12-14T06:20:43.792+0000] {logging_mixin.py:137} INFO - [2022-12-14T06:20:43.792+0000] {dag.py:3427} INFO - Setting next_dagrun for example_time_delta_sensor_async to None, run_after=None
[2022-12-14T06:20:43.960+0000] {processor.py:175} INFO - Processing /home/airflow/.local/lib/python3.7/site-packages/airflow/example_dags/example_time_delta_sensor_async.py took 0.797 seconds
[2022-12-14T06:21:14.550+0000] {processor.py:153} INFO - Started process (PID=176) to work on /home/airflow/.local/lib/python3.7/site-packages/airflow/example_dags/example_time_delta_sensor_async.py
[2022-12-14T06:21:14.553+0000] {processor.py:743} INFO - Processing file /home/airflow/.local/lib/python3.7/site-packages/airflow/example_dags/example_time_delta_sensor_async.py for tasks to queue
[2022-12-14T06:21:14.556+0000] {logging_mixin.py:137} INFO - [2022-12-14T06:21:14.555+0000] {dagbag.py:538} INFO - Filling up the DagBag from /home/airflow/.local/lib/python3.7/site-packages/airflow/example_dags/example_time_delta_sensor_async.py
[2022-12-14T06:21:14.582+0000] {processor.py:753} INFO - DAG(s) dict_keys(['example_time_delta_sensor_async']) retrieved from /home/airflow/.local/lib/python3.7/site-packages/airflow/example_dags/example_time_delta_sensor_async.py
[2022-12-14T06:21:14.657+0000] {logging_mixin.py:137} INFO - [2022-12-14T06:21:14.657+0000] {dag.py:2676} INFO - Sync 1 DAGs
[2022-12-14T06:21:14.722+0000] {logging_mixin.py:137} INFO - [2022-12-14T06:21:14.721+0000] {dag.py:3427} INFO - Setting next_dagrun for example_time_delta_sensor_async to None, run_after=None
[2022-12-14T06:21:14.756+0000] {processor.py:175} INFO - Processing /home/airflow/.local/lib/python3.7/site-packages/airflow/example_dags/example_time_delta_sensor_async.py took 0.212 seconds
[2022-12-14T06:21:45.404+0000] {processor.py:153} INFO - Started process (PID=253) to work on /home/airflow/.local/lib/python3.7/site-packages/airflow/example_dags/example_time_delta_sensor_async.py
[2022-12-14T06:21:45.411+0000] {processor.py:743} INFO - Processing file /home/airflow/.local/lib/python3.7/site-packages/airflow/example_dags/example_time_delta_sensor_async.py for tasks to queue
[2022-12-14T06:21:45.414+0000] {logging_mixin.py:137} INFO - [2022-12-14T06:21:45.413+0000] {dagbag.py:538} INFO - Filling up the DagBag from /home/airflow/.local/lib/python3.7/site-packages/airflow/example_dags/example_time_delta_sensor_async.py
[2022-12-14T06:21:45.468+0000] {processor.py:753} INFO - DAG(s) dict_keys(['example_time_delta_sensor_async']) retrieved from /home/airflow/.local/lib/python3.7/site-packages/airflow/example_dags/example_time_delta_sensor_async.py
[2022-12-14T06:21:45.595+0000] {logging_mixin.py:137} INFO - [2022-12-14T06:21:45.595+0000] {dag.py:2676} INFO - Sync 1 DAGs
[2022-12-14T06:21:45.710+0000] {logging_mixin.py:137} INFO - [2022-12-14T06:21:45.710+0000] {dag.py:3427} INFO - Setting next_dagrun for example_time_delta_sensor_async to None, run_after=None
[2022-12-14T06:21:45.774+0000] {processor.py:175} INFO - Processing /home/airflow/.local/lib/python3.7/site-packages/airflow/example_dags/example_time_delta_sensor_async.py took 0.376 seconds
[2022-12-14T06:22:16.725+0000] {processor.py:153} INFO - Started process (PID=329) to work on /home/airflow/.local/lib/python3.7/site-packages/airflow/example_dags/example_time_delta_sensor_async.py
[2022-12-14T06:22:16.728+0000] {processor.py:743} INFO - Processing file /home/airflow/.local/lib/python3.7/site-packages/airflow/example_dags/example_time_delta_sensor_async.py for tasks to queue
[2022-12-14T06:22:16.742+0000] {logging_mixin.py:137} INFO - [2022-12-14T06:22:16.742+0000] {dagbag.py:538} INFO - Filling up the DagBag from /home/airflow/.local/lib/python3.7/site-packages/airflow/example_dags/example_time_delta_sensor_async.py
[2022-12-14T06:22:16.788+0000] {processor.py:753} INFO - DAG(s) dict_keys(['example_time_delta_sensor_async']) retrieved from /home/airflow/.local/lib/python3.7/site-packages/airflow/example_dags/example_time_delta_sensor_async.py
[2022-12-14T06:22:16.904+0000] {logging_mixin.py:137} INFO - [2022-12-14T06:22:16.904+0000] {dag.py:2676} INFO - Sync 1 DAGs
[2022-12-14T06:22:16.988+0000] {logging_mixin.py:137} INFO - [2022-12-14T06:22:16.988+0000] {dag.py:3427} INFO - Setting next_dagrun for example_time_delta_sensor_async to None, run_after=None
[2022-12-14T06:22:17.034+0000] {processor.py:175} INFO - Processing /home/airflow/.local/lib/python3.7/site-packages/airflow/example_dags/example_time_delta_sensor_async.py took 0.315 seconds
[2022-12-14T06:23:49.305+0000] {processor.py:153} INFO - Started process (PID=436) to work on /home/airflow/.local/lib/python3.7/site-packages/airflow/example_dags/example_time_delta_sensor_async.py
[2022-12-14T06:23:49.320+0000] {processor.py:743} INFO - Processing file /home/airflow/.local/lib/python3.7/site-packages/airflow/example_dags/example_time_delta_sensor_async.py for tasks to queue
[2022-12-14T06:23:49.356+0000] {logging_mixin.py:137} INFO - [2022-12-14T06:23:49.342+0000] {dagbag.py:538} INFO - Filling up the DagBag from /home/airflow/.local/lib/python3.7/site-packages/airflow/example_dags/example_time_delta_sensor_async.py
[2022-12-14T06:23:50.117+0000] {processor.py:753} INFO - DAG(s) dict_keys(['example_time_delta_sensor_async']) retrieved from /home/airflow/.local/lib/python3.7/site-packages/airflow/example_dags/example_time_delta_sensor_async.py
[2022-12-14T06:23:57.117+0000] {logging_mixin.py:137} INFO - [2022-12-14T06:23:57.116+0000] {dag.py:2676} INFO - Sync 1 DAGs
[2022-12-14T06:23:58.108+0000] {logging_mixin.py:137} INFO - [2022-12-14T06:23:58.108+0000] {dag.py:3427} INFO - Setting next_dagrun for example_time_delta_sensor_async to None, run_after=None
[2022-12-14T06:23:58.684+0000] {processor.py:175} INFO - Processing /home/airflow/.local/lib/python3.7/site-packages/airflow/example_dags/example_time_delta_sensor_async.py took 9.660 seconds
[2022-12-14T06:47:13.934+0000] {processor.py:153} INFO - Started process (PID=133) to work on /home/airflow/.local/lib/python3.7/site-packages/airflow/example_dags/example_time_delta_sensor_async.py
[2022-12-14T06:47:13.942+0000] {processor.py:743} INFO - Processing file /home/airflow/.local/lib/python3.7/site-packages/airflow/example_dags/example_time_delta_sensor_async.py for tasks to queue
[2022-12-14T06:47:13.949+0000] {logging_mixin.py:137} INFO - [2022-12-14T06:47:13.945+0000] {dagbag.py:538} INFO - Filling up the DagBag from /home/airflow/.local/lib/python3.7/site-packages/airflow/example_dags/example_time_delta_sensor_async.py
[2022-12-14T06:47:14.159+0000] {processor.py:753} INFO - DAG(s) dict_keys(['example_time_delta_sensor_async']) retrieved from /home/airflow/.local/lib/python3.7/site-packages/airflow/example_dags/example_time_delta_sensor_async.py
[2022-12-14T06:47:14.559+0000] {logging_mixin.py:137} INFO - [2022-12-14T06:47:14.559+0000] {dag.py:2676} INFO - Sync 1 DAGs
[2022-12-14T06:47:14.863+0000] {logging_mixin.py:137} INFO - [2022-12-14T06:47:14.863+0000] {dag.py:3427} INFO - Setting next_dagrun for example_time_delta_sensor_async to None, run_after=None
[2022-12-14T06:47:15.139+0000] {processor.py:175} INFO - Processing /home/airflow/.local/lib/python3.7/site-packages/airflow/example_dags/example_time_delta_sensor_async.py took 1.236 seconds
