[2022-12-14T06:20:47.765+0000] {processor.py:153} INFO - Started process (PID=118) to work on /home/airflow/.local/lib/python3.7/site-packages/airflow/example_dags/example_task_group_decorator.py
[2022-12-14T06:20:47.780+0000] {processor.py:743} INFO - Processing file /home/airflow/.local/lib/python3.7/site-packages/airflow/example_dags/example_task_group_decorator.py for tasks to queue
[2022-12-14T06:20:47.785+0000] {logging_mixin.py:137} INFO - [2022-12-14T06:20:47.783+0000] {dagbag.py:538} INFO - Filling up the DagBag from /home/airflow/.local/lib/python3.7/site-packages/airflow/example_dags/example_task_group_decorator.py
[2022-12-14T06:20:48.106+0000] {processor.py:753} INFO - DAG(s) dict_keys(['example_task_group_decorator']) retrieved from /home/airflow/.local/lib/python3.7/site-packages/airflow/example_dags/example_task_group_decorator.py
[2022-12-14T06:20:48.427+0000] {logging_mixin.py:137} INFO - [2022-12-14T06:20:48.427+0000] {dag.py:2676} INFO - Sync 1 DAGs
[2022-12-14T06:20:48.597+0000] {logging_mixin.py:137} INFO - [2022-12-14T06:20:48.597+0000] {dag.py:3427} INFO - Setting next_dagrun for example_task_group_decorator to 2022-12-13T06:20:48.597271+00:00, run_after=2022-12-14T06:20:48.597271+00:00
[2022-12-14T06:20:48.769+0000] {processor.py:175} INFO - Processing /home/airflow/.local/lib/python3.7/site-packages/airflow/example_dags/example_task_group_decorator.py took 1.008 seconds
[2022-12-14T06:21:19.178+0000] {processor.py:153} INFO - Started process (PID=185) to work on /home/airflow/.local/lib/python3.7/site-packages/airflow/example_dags/example_task_group_decorator.py
[2022-12-14T06:21:19.188+0000] {processor.py:743} INFO - Processing file /home/airflow/.local/lib/python3.7/site-packages/airflow/example_dags/example_task_group_decorator.py for tasks to queue
[2022-12-14T06:21:19.205+0000] {logging_mixin.py:137} INFO - [2022-12-14T06:21:19.205+0000] {dagbag.py:538} INFO - Filling up the DagBag from /home/airflow/.local/lib/python3.7/site-packages/airflow/example_dags/example_task_group_decorator.py
[2022-12-14T06:21:19.375+0000] {processor.py:753} INFO - DAG(s) dict_keys(['example_task_group_decorator']) retrieved from /home/airflow/.local/lib/python3.7/site-packages/airflow/example_dags/example_task_group_decorator.py
[2022-12-14T06:21:19.545+0000] {logging_mixin.py:137} INFO - [2022-12-14T06:21:19.542+0000] {dag.py:2676} INFO - Sync 1 DAGs
[2022-12-14T06:21:19.654+0000] {logging_mixin.py:137} INFO - [2022-12-14T06:21:19.653+0000] {dag.py:3427} INFO - Setting next_dagrun for example_task_group_decorator to 2022-12-13T06:21:19.653267+00:00, run_after=2022-12-14T06:21:19.653267+00:00
[2022-12-14T06:21:19.760+0000] {processor.py:175} INFO - Processing /home/airflow/.local/lib/python3.7/site-packages/airflow/example_dags/example_task_group_decorator.py took 0.606 seconds
[2022-12-14T06:21:50.843+0000] {processor.py:153} INFO - Started process (PID=271) to work on /home/airflow/.local/lib/python3.7/site-packages/airflow/example_dags/example_task_group_decorator.py
[2022-12-14T06:21:50.860+0000] {processor.py:743} INFO - Processing file /home/airflow/.local/lib/python3.7/site-packages/airflow/example_dags/example_task_group_decorator.py for tasks to queue
[2022-12-14T06:21:50.862+0000] {logging_mixin.py:137} INFO - [2022-12-14T06:21:50.862+0000] {dagbag.py:538} INFO - Filling up the DagBag from /home/airflow/.local/lib/python3.7/site-packages/airflow/example_dags/example_task_group_decorator.py
[2022-12-14T06:21:51.074+0000] {processor.py:753} INFO - DAG(s) dict_keys(['example_task_group_decorator']) retrieved from /home/airflow/.local/lib/python3.7/site-packages/airflow/example_dags/example_task_group_decorator.py
[2022-12-14T06:21:51.247+0000] {logging_mixin.py:137} INFO - [2022-12-14T06:21:51.247+0000] {dag.py:2676} INFO - Sync 1 DAGs
[2022-12-14T06:21:51.298+0000] {logging_mixin.py:137} INFO - [2022-12-14T06:21:51.298+0000] {dag.py:3427} INFO - Setting next_dagrun for example_task_group_decorator to 2022-12-13T06:21:51.298111+00:00, run_after=2022-12-14T06:21:51.298111+00:00
[2022-12-14T06:21:51.337+0000] {processor.py:175} INFO - Processing /home/airflow/.local/lib/python3.7/site-packages/airflow/example_dags/example_task_group_decorator.py took 0.507 seconds
[2022-12-14T06:22:23.464+0000] {processor.py:153} INFO - Started process (PID=338) to work on /home/airflow/.local/lib/python3.7/site-packages/airflow/example_dags/example_task_group_decorator.py
[2022-12-14T06:22:23.480+0000] {processor.py:743} INFO - Processing file /home/airflow/.local/lib/python3.7/site-packages/airflow/example_dags/example_task_group_decorator.py for tasks to queue
[2022-12-14T06:22:23.482+0000] {logging_mixin.py:137} INFO - [2022-12-14T06:22:23.482+0000] {dagbag.py:538} INFO - Filling up the DagBag from /home/airflow/.local/lib/python3.7/site-packages/airflow/example_dags/example_task_group_decorator.py
[2022-12-14T06:22:23.618+0000] {processor.py:753} INFO - DAG(s) dict_keys(['example_task_group_decorator']) retrieved from /home/airflow/.local/lib/python3.7/site-packages/airflow/example_dags/example_task_group_decorator.py
[2022-12-14T06:22:23.819+0000] {logging_mixin.py:137} INFO - [2022-12-14T06:22:23.818+0000] {dag.py:2676} INFO - Sync 1 DAGs
[2022-12-14T06:22:23.953+0000] {logging_mixin.py:137} INFO - [2022-12-14T06:22:23.953+0000] {dag.py:3427} INFO - Setting next_dagrun for example_task_group_decorator to 2022-12-13T06:22:23.953172+00:00, run_after=2022-12-14T06:22:23.953172+00:00
[2022-12-14T06:22:24.003+0000] {processor.py:175} INFO - Processing /home/airflow/.local/lib/python3.7/site-packages/airflow/example_dags/example_task_group_decorator.py took 0.562 seconds
[2022-12-14T06:24:25.517+0000] {processor.py:153} INFO - Started process (PID=461) to work on /home/airflow/.local/lib/python3.7/site-packages/airflow/example_dags/example_task_group_decorator.py
[2022-12-14T06:24:25.558+0000] {processor.py:743} INFO - Processing file /home/airflow/.local/lib/python3.7/site-packages/airflow/example_dags/example_task_group_decorator.py for tasks to queue
[2022-12-14T06:24:25.590+0000] {logging_mixin.py:137} INFO - [2022-12-14T06:24:25.570+0000] {dagbag.py:538} INFO - Filling up the DagBag from /home/airflow/.local/lib/python3.7/site-packages/airflow/example_dags/example_task_group_decorator.py
[2022-12-14T06:24:28.561+0000] {processor.py:753} INFO - DAG(s) dict_keys(['example_task_group_decorator']) retrieved from /home/airflow/.local/lib/python3.7/site-packages/airflow/example_dags/example_task_group_decorator.py
[2022-12-14T06:24:38.374+0000] {logging_mixin.py:137} INFO - [2022-12-14T06:24:38.336+0000] {dag.py:2676} INFO - Sync 1 DAGs
[2022-12-14T06:24:45.266+0000] {logging_mixin.py:137} INFO - [2022-12-14T06:24:45.264+0000] {dag.py:3427} INFO - Setting next_dagrun for example_task_group_decorator to 2022-12-13T06:24:45.263155+00:00, run_after=2022-12-14T06:24:45.263155+00:00
[2022-12-14T06:24:46.770+0000] {processor.py:175} INFO - Processing /home/airflow/.local/lib/python3.7/site-packages/airflow/example_dags/example_task_group_decorator.py took 21.328 seconds
[2022-12-14T06:48:55.790+0000] {processor.py:153} INFO - Started process (PID=154) to work on /home/airflow/.local/lib/python3.7/site-packages/airflow/example_dags/example_task_group_decorator.py
[2022-12-14T06:48:55.917+0000] {processor.py:743} INFO - Processing file /home/airflow/.local/lib/python3.7/site-packages/airflow/example_dags/example_task_group_decorator.py for tasks to queue
[2022-12-14T06:48:56.011+0000] {logging_mixin.py:137} INFO - [2022-12-14T06:48:56.007+0000] {dagbag.py:538} INFO - Filling up the DagBag from /home/airflow/.local/lib/python3.7/site-packages/airflow/example_dags/example_task_group_decorator.py
[2022-12-14T06:49:05.555+0000] {processor.py:753} INFO - DAG(s) dict_keys(['example_task_group_decorator']) retrieved from /home/airflow/.local/lib/python3.7/site-packages/airflow/example_dags/example_task_group_decorator.py
