[2022-12-14T06:20:29.756+0000] {processor.py:153} INFO - Started process (PID=82) to work on /home/airflow/.local/lib/python3.7/site-packages/airflow/example_dags/example_complex.py
[2022-12-14T06:20:29.777+0000] {processor.py:743} INFO - Processing file /home/airflow/.local/lib/python3.7/site-packages/airflow/example_dags/example_complex.py for tasks to queue
[2022-12-14T06:20:29.783+0000] {logging_mixin.py:137} INFO - [2022-12-14T06:20:29.783+0000] {dagbag.py:538} INFO - Filling up the DagBag from /home/airflow/.local/lib/python3.7/site-packages/airflow/example_dags/example_complex.py
[2022-12-14T06:20:29.935+0000] {logging_mixin.py:137} INFO - [2022-12-14T06:20:29.935+0000] {taskmixin.py:205} WARNING - Dependency <Task(BashOperator): create_entry_group>, delete_entry_group already registered for DAG: example_complex
[2022-12-14T06:20:29.949+0000] {logging_mixin.py:137} INFO - [2022-12-14T06:20:29.949+0000] {taskmixin.py:205} WARNING - Dependency <Task(BashOperator): delete_entry_group>, create_entry_group already registered for DAG: example_complex
[2022-12-14T06:20:29.954+0000] {logging_mixin.py:137} INFO - [2022-12-14T06:20:29.954+0000] {taskmixin.py:205} WARNING - Dependency <Task(BashOperator): create_entry_gcs>, delete_entry already registered for DAG: example_complex
[2022-12-14T06:20:29.957+0000] {logging_mixin.py:137} INFO - [2022-12-14T06:20:29.957+0000] {taskmixin.py:205} WARNING - Dependency <Task(BashOperator): delete_entry>, create_entry_gcs already registered for DAG: example_complex
[2022-12-14T06:20:29.965+0000] {logging_mixin.py:137} INFO - [2022-12-14T06:20:29.965+0000] {taskmixin.py:205} WARNING - Dependency <Task(BashOperator): create_tag>, delete_tag already registered for DAG: example_complex
[2022-12-14T06:20:29.968+0000] {logging_mixin.py:137} INFO - [2022-12-14T06:20:29.967+0000] {taskmixin.py:205} WARNING - Dependency <Task(BashOperator): delete_tag>, create_tag already registered for DAG: example_complex
[2022-12-14T06:20:30.024+0000] {processor.py:753} INFO - DAG(s) dict_keys(['example_complex']) retrieved from /home/airflow/.local/lib/python3.7/site-packages/airflow/example_dags/example_complex.py
[2022-12-14T06:20:30.430+0000] {logging_mixin.py:137} INFO - [2022-12-14T06:20:30.430+0000] {dag.py:2676} INFO - Sync 1 DAGs
[2022-12-14T06:20:30.832+0000] {logging_mixin.py:137} INFO - [2022-12-14T06:20:30.831+0000] {dag.py:3427} INFO - Setting next_dagrun for example_complex to None, run_after=None
[2022-12-14T06:20:30.933+0000] {processor.py:175} INFO - Processing /home/airflow/.local/lib/python3.7/site-packages/airflow/example_dags/example_complex.py took 1.215 seconds
[2022-12-14T06:21:01.516+0000] {processor.py:153} INFO - Started process (PID=149) to work on /home/airflow/.local/lib/python3.7/site-packages/airflow/example_dags/example_complex.py
[2022-12-14T06:21:01.524+0000] {processor.py:743} INFO - Processing file /home/airflow/.local/lib/python3.7/site-packages/airflow/example_dags/example_complex.py for tasks to queue
[2022-12-14T06:21:01.529+0000] {logging_mixin.py:137} INFO - [2022-12-14T06:21:01.526+0000] {dagbag.py:538} INFO - Filling up the DagBag from /home/airflow/.local/lib/python3.7/site-packages/airflow/example_dags/example_complex.py
[2022-12-14T06:21:01.573+0000] {logging_mixin.py:137} INFO - [2022-12-14T06:21:01.573+0000] {taskmixin.py:205} WARNING - Dependency <Task(BashOperator): create_entry_group>, delete_entry_group already registered for DAG: example_complex
[2022-12-14T06:21:01.577+0000] {logging_mixin.py:137} INFO - [2022-12-14T06:21:01.577+0000] {taskmixin.py:205} WARNING - Dependency <Task(BashOperator): delete_entry_group>, create_entry_group already registered for DAG: example_complex
[2022-12-14T06:21:01.579+0000] {logging_mixin.py:137} INFO - [2022-12-14T06:21:01.579+0000] {taskmixin.py:205} WARNING - Dependency <Task(BashOperator): create_entry_gcs>, delete_entry already registered for DAG: example_complex
[2022-12-14T06:21:01.585+0000] {logging_mixin.py:137} INFO - [2022-12-14T06:21:01.584+0000] {taskmixin.py:205} WARNING - Dependency <Task(BashOperator): delete_entry>, create_entry_gcs already registered for DAG: example_complex
[2022-12-14T06:21:01.589+0000] {logging_mixin.py:137} INFO - [2022-12-14T06:21:01.589+0000] {taskmixin.py:205} WARNING - Dependency <Task(BashOperator): create_tag>, delete_tag already registered for DAG: example_complex
[2022-12-14T06:21:01.593+0000] {logging_mixin.py:137} INFO - [2022-12-14T06:21:01.593+0000] {taskmixin.py:205} WARNING - Dependency <Task(BashOperator): delete_tag>, create_tag already registered for DAG: example_complex
[2022-12-14T06:21:01.622+0000] {processor.py:753} INFO - DAG(s) dict_keys(['example_complex']) retrieved from /home/airflow/.local/lib/python3.7/site-packages/airflow/example_dags/example_complex.py
[2022-12-14T06:21:01.782+0000] {logging_mixin.py:137} INFO - [2022-12-14T06:21:01.781+0000] {dag.py:2676} INFO - Sync 1 DAGs
[2022-12-14T06:21:01.876+0000] {logging_mixin.py:137} INFO - [2022-12-14T06:21:01.876+0000] {dag.py:3427} INFO - Setting next_dagrun for example_complex to None, run_after=None
[2022-12-14T06:21:01.935+0000] {processor.py:175} INFO - Processing /home/airflow/.local/lib/python3.7/site-packages/airflow/example_dags/example_complex.py took 0.429 seconds
[2022-12-14T06:21:32.092+0000] {processor.py:153} INFO - Started process (PID=225) to work on /home/airflow/.local/lib/python3.7/site-packages/airflow/example_dags/example_complex.py
[2022-12-14T06:21:32.095+0000] {processor.py:743} INFO - Processing file /home/airflow/.local/lib/python3.7/site-packages/airflow/example_dags/example_complex.py for tasks to queue
[2022-12-14T06:21:32.096+0000] {logging_mixin.py:137} INFO - [2022-12-14T06:21:32.096+0000] {dagbag.py:538} INFO - Filling up the DagBag from /home/airflow/.local/lib/python3.7/site-packages/airflow/example_dags/example_complex.py
[2022-12-14T06:21:32.113+0000] {logging_mixin.py:137} INFO - [2022-12-14T06:21:32.113+0000] {taskmixin.py:205} WARNING - Dependency <Task(BashOperator): create_entry_group>, delete_entry_group already registered for DAG: example_complex
[2022-12-14T06:21:32.114+0000] {logging_mixin.py:137} INFO - [2022-12-14T06:21:32.114+0000] {taskmixin.py:205} WARNING - Dependency <Task(BashOperator): delete_entry_group>, create_entry_group already registered for DAG: example_complex
[2022-12-14T06:21:32.117+0000] {logging_mixin.py:137} INFO - [2022-12-14T06:21:32.117+0000] {taskmixin.py:205} WARNING - Dependency <Task(BashOperator): create_entry_gcs>, delete_entry already registered for DAG: example_complex
[2022-12-14T06:21:32.119+0000] {logging_mixin.py:137} INFO - [2022-12-14T06:21:32.119+0000] {taskmixin.py:205} WARNING - Dependency <Task(BashOperator): delete_entry>, create_entry_gcs already registered for DAG: example_complex
[2022-12-14T06:21:32.120+0000] {logging_mixin.py:137} INFO - [2022-12-14T06:21:32.120+0000] {taskmixin.py:205} WARNING - Dependency <Task(BashOperator): create_tag>, delete_tag already registered for DAG: example_complex
[2022-12-14T06:21:32.122+0000] {logging_mixin.py:137} INFO - [2022-12-14T06:21:32.122+0000] {taskmixin.py:205} WARNING - Dependency <Task(BashOperator): delete_tag>, create_tag already registered for DAG: example_complex
[2022-12-14T06:21:32.132+0000] {processor.py:753} INFO - DAG(s) dict_keys(['example_complex']) retrieved from /home/airflow/.local/lib/python3.7/site-packages/airflow/example_dags/example_complex.py
[2022-12-14T06:21:32.187+0000] {logging_mixin.py:137} INFO - [2022-12-14T06:21:32.187+0000] {dag.py:2676} INFO - Sync 1 DAGs
[2022-12-14T06:21:32.209+0000] {logging_mixin.py:137} INFO - [2022-12-14T06:21:32.209+0000] {dag.py:3427} INFO - Setting next_dagrun for example_complex to None, run_after=None
[2022-12-14T06:21:32.226+0000] {processor.py:175} INFO - Processing /home/airflow/.local/lib/python3.7/site-packages/airflow/example_dags/example_complex.py took 0.138 seconds
[2022-12-14T06:22:07.754+0000] {processor.py:153} INFO - Started process (PID=302) to work on /home/airflow/.local/lib/python3.7/site-packages/airflow/example_dags/example_complex.py
[2022-12-14T06:22:07.775+0000] {processor.py:743} INFO - Processing file /home/airflow/.local/lib/python3.7/site-packages/airflow/example_dags/example_complex.py for tasks to queue
[2022-12-14T06:22:07.787+0000] {logging_mixin.py:137} INFO - [2022-12-14T06:22:07.785+0000] {dagbag.py:538} INFO - Filling up the DagBag from /home/airflow/.local/lib/python3.7/site-packages/airflow/example_dags/example_complex.py
[2022-12-14T06:22:07.821+0000] {logging_mixin.py:137} INFO - [2022-12-14T06:22:07.821+0000] {taskmixin.py:205} WARNING - Dependency <Task(BashOperator): create_entry_group>, delete_entry_group already registered for DAG: example_complex
[2022-12-14T06:22:07.826+0000] {logging_mixin.py:137} INFO - [2022-12-14T06:22:07.825+0000] {taskmixin.py:205} WARNING - Dependency <Task(BashOperator): delete_entry_group>, create_entry_group already registered for DAG: example_complex
[2022-12-14T06:22:07.832+0000] {logging_mixin.py:137} INFO - [2022-12-14T06:22:07.832+0000] {taskmixin.py:205} WARNING - Dependency <Task(BashOperator): create_entry_gcs>, delete_entry already registered for DAG: example_complex
[2022-12-14T06:22:07.837+0000] {logging_mixin.py:137} INFO - [2022-12-14T06:22:07.836+0000] {taskmixin.py:205} WARNING - Dependency <Task(BashOperator): delete_entry>, create_entry_gcs already registered for DAG: example_complex
[2022-12-14T06:22:07.843+0000] {logging_mixin.py:137} INFO - [2022-12-14T06:22:07.842+0000] {taskmixin.py:205} WARNING - Dependency <Task(BashOperator): create_tag>, delete_tag already registered for DAG: example_complex
[2022-12-14T06:22:07.851+0000] {logging_mixin.py:137} INFO - [2022-12-14T06:22:07.850+0000] {taskmixin.py:205} WARNING - Dependency <Task(BashOperator): delete_tag>, create_tag already registered for DAG: example_complex
[2022-12-14T06:22:07.886+0000] {processor.py:753} INFO - DAG(s) dict_keys(['example_complex']) retrieved from /home/airflow/.local/lib/python3.7/site-packages/airflow/example_dags/example_complex.py
[2022-12-14T06:22:08.017+0000] {logging_mixin.py:137} INFO - [2022-12-14T06:22:08.017+0000] {dag.py:2676} INFO - Sync 1 DAGs
[2022-12-14T06:22:08.082+0000] {logging_mixin.py:137} INFO - [2022-12-14T06:22:08.081+0000] {dag.py:3427} INFO - Setting next_dagrun for example_complex to None, run_after=None
[2022-12-14T06:22:08.280+0000] {processor.py:175} INFO - Processing /home/airflow/.local/lib/python3.7/site-packages/airflow/example_dags/example_complex.py took 0.539 seconds
[2022-12-14T06:22:59.441+0000] {processor.py:153} INFO - Started process (PID=390) to work on /home/airflow/.local/lib/python3.7/site-packages/airflow/example_dags/example_complex.py
[2022-12-14T06:22:59.465+0000] {processor.py:743} INFO - Processing file /home/airflow/.local/lib/python3.7/site-packages/airflow/example_dags/example_complex.py for tasks to queue
[2022-12-14T06:22:59.469+0000] {logging_mixin.py:137} INFO - [2022-12-14T06:22:59.468+0000] {dagbag.py:538} INFO - Filling up the DagBag from /home/airflow/.local/lib/python3.7/site-packages/airflow/example_dags/example_complex.py
[2022-12-14T06:22:59.540+0000] {logging_mixin.py:137} INFO - [2022-12-14T06:22:59.536+0000] {taskmixin.py:205} WARNING - Dependency <Task(BashOperator): create_entry_group>, delete_entry_group already registered for DAG: example_complex
[2022-12-14T06:22:59.542+0000] {logging_mixin.py:137} INFO - [2022-12-14T06:22:59.542+0000] {taskmixin.py:205} WARNING - Dependency <Task(BashOperator): delete_entry_group>, create_entry_group already registered for DAG: example_complex
[2022-12-14T06:22:59.547+0000] {logging_mixin.py:137} INFO - [2022-12-14T06:22:59.546+0000] {taskmixin.py:205} WARNING - Dependency <Task(BashOperator): create_entry_gcs>, delete_entry already registered for DAG: example_complex
[2022-12-14T06:22:59.548+0000] {logging_mixin.py:137} INFO - [2022-12-14T06:22:59.548+0000] {taskmixin.py:205} WARNING - Dependency <Task(BashOperator): delete_entry>, create_entry_gcs already registered for DAG: example_complex
[2022-12-14T06:22:59.549+0000] {logging_mixin.py:137} INFO - [2022-12-14T06:22:59.549+0000] {taskmixin.py:205} WARNING - Dependency <Task(BashOperator): create_tag>, delete_tag already registered for DAG: example_complex
[2022-12-14T06:22:59.551+0000] {logging_mixin.py:137} INFO - [2022-12-14T06:22:59.550+0000] {taskmixin.py:205} WARNING - Dependency <Task(BashOperator): delete_tag>, create_tag already registered for DAG: example_complex
[2022-12-14T06:22:59.592+0000] {processor.py:753} INFO - DAG(s) dict_keys(['example_complex']) retrieved from /home/airflow/.local/lib/python3.7/site-packages/airflow/example_dags/example_complex.py
[2022-12-14T06:22:59.925+0000] {logging_mixin.py:137} INFO - [2022-12-14T06:22:59.924+0000] {dag.py:2676} INFO - Sync 1 DAGs
[2022-12-14T06:23:00.640+0000] {logging_mixin.py:137} INFO - [2022-12-14T06:23:00.638+0000] {dag.py:3427} INFO - Setting next_dagrun for example_complex to None, run_after=None
[2022-12-14T06:23:01.306+0000] {processor.py:175} INFO - Processing /home/airflow/.local/lib/python3.7/site-packages/airflow/example_dags/example_complex.py took 1.876 seconds
[2022-12-14T06:46:42.862+0000] {processor.py:153} INFO - Started process (PID=94) to work on /home/airflow/.local/lib/python3.7/site-packages/airflow/example_dags/example_complex.py
[2022-12-14T06:46:42.879+0000] {processor.py:743} INFO - Processing file /home/airflow/.local/lib/python3.7/site-packages/airflow/example_dags/example_complex.py for tasks to queue
[2022-12-14T06:46:42.897+0000] {logging_mixin.py:137} INFO - [2022-12-14T06:46:42.897+0000] {dagbag.py:538} INFO - Filling up the DagBag from /home/airflow/.local/lib/python3.7/site-packages/airflow/example_dags/example_complex.py
[2022-12-14T06:46:42.992+0000] {logging_mixin.py:137} INFO - [2022-12-14T06:46:42.992+0000] {taskmixin.py:205} WARNING - Dependency <Task(BashOperator): create_entry_group>, delete_entry_group already registered for DAG: example_complex
[2022-12-14T06:46:42.996+0000] {logging_mixin.py:137} INFO - [2022-12-14T06:46:42.994+0000] {taskmixin.py:205} WARNING - Dependency <Task(BashOperator): delete_entry_group>, create_entry_group already registered for DAG: example_complex
[2022-12-14T06:46:42.999+0000] {logging_mixin.py:137} INFO - [2022-12-14T06:46:42.998+0000] {taskmixin.py:205} WARNING - Dependency <Task(BashOperator): create_entry_gcs>, delete_entry already registered for DAG: example_complex
[2022-12-14T06:46:43.001+0000] {logging_mixin.py:137} INFO - [2022-12-14T06:46:43.001+0000] {taskmixin.py:205} WARNING - Dependency <Task(BashOperator): delete_entry>, create_entry_gcs already registered for DAG: example_complex
[2022-12-14T06:46:43.009+0000] {logging_mixin.py:137} INFO - [2022-12-14T06:46:43.007+0000] {taskmixin.py:205} WARNING - Dependency <Task(BashOperator): create_tag>, delete_tag already registered for DAG: example_complex
[2022-12-14T06:46:43.012+0000] {logging_mixin.py:137} INFO - [2022-12-14T06:46:43.012+0000] {taskmixin.py:205} WARNING - Dependency <Task(BashOperator): delete_tag>, create_tag already registered for DAG: example_complex
[2022-12-14T06:46:43.108+0000] {processor.py:753} INFO - DAG(s) dict_keys(['example_complex']) retrieved from /home/airflow/.local/lib/python3.7/site-packages/airflow/example_dags/example_complex.py
[2022-12-14T06:46:45.844+0000] {logging_mixin.py:137} INFO - [2022-12-14T06:46:45.843+0000] {dag.py:2676} INFO - Sync 1 DAGs
[2022-12-14T06:46:46.500+0000] {logging_mixin.py:137} INFO - [2022-12-14T06:46:46.499+0000] {dag.py:3427} INFO - Setting next_dagrun for example_complex to None, run_after=None
[2022-12-14T06:46:46.819+0000] {processor.py:175} INFO - Processing /home/airflow/.local/lib/python3.7/site-packages/airflow/example_dags/example_complex.py took 3.998 seconds
[2022-12-14T06:54:40.276+0000] {processor.py:153} INFO - Started process (PID=313) to work on /home/airflow/.local/lib/python3.7/site-packages/airflow/example_dags/example_complex.py
[2022-12-14T06:54:40.564+0000] {processor.py:743} INFO - Processing file /home/airflow/.local/lib/python3.7/site-packages/airflow/example_dags/example_complex.py for tasks to queue
[2022-12-14T06:54:41.237+0000] {logging_mixin.py:137} INFO - [2022-12-14T06:54:41.162+0000] {dagbag.py:538} INFO - Filling up the DagBag from /home/airflow/.local/lib/python3.7/site-packages/airflow/example_dags/example_complex.py
[2022-12-14T06:55:08.346+0000] {logging_mixin.py:137} INFO - [2022-12-14T06:55:08.335+0000] {taskmixin.py:205} WARNING - Dependency <Task(BashOperator): create_entry_group>, delete_entry_group already registered for DAG: example_complex
[2022-12-14T06:55:08.596+0000] {logging_mixin.py:137} INFO - [2022-12-14T06:55:08.350+0000] {taskmixin.py:205} WARNING - Dependency <Task(BashOperator): delete_entry_group>, create_entry_group already registered for DAG: example_complex
[2022-12-14T06:55:08.612+0000] {logging_mixin.py:137} INFO - [2022-12-14T06:55:08.611+0000] {taskmixin.py:205} WARNING - Dependency <Task(BashOperator): create_entry_gcs>, delete_entry already registered for DAG: example_complex
[2022-12-14T06:55:08.618+0000] {logging_mixin.py:137} INFO - [2022-12-14T06:55:08.617+0000] {taskmixin.py:205} WARNING - Dependency <Task(BashOperator): delete_entry>, create_entry_gcs already registered for DAG: example_complex
[2022-12-14T06:55:08.620+0000] {logging_mixin.py:137} INFO - [2022-12-14T06:55:08.620+0000] {taskmixin.py:205} WARNING - Dependency <Task(BashOperator): create_tag>, delete_tag already registered for DAG: example_complex
[2022-12-14T06:55:08.623+0000] {logging_mixin.py:137} INFO - [2022-12-14T06:55:08.623+0000] {taskmixin.py:205} WARNING - Dependency <Task(BashOperator): delete_tag>, create_tag already registered for DAG: example_complex
[2022-12-14T06:55:22.553+0000] {processor.py:753} INFO - DAG(s) dict_keys(['example_complex']) retrieved from /home/airflow/.local/lib/python3.7/site-packages/airflow/example_dags/example_complex.py
[2022-12-14T07:37:55.027+0000] {processor.py:153} INFO - Started process (PID=150) to work on /home/airflow/.local/lib/python3.7/site-packages/airflow/example_dags/example_complex.py
[2022-12-14T07:37:55.328+0000] {processor.py:743} INFO - Processing file /home/airflow/.local/lib/python3.7/site-packages/airflow/example_dags/example_complex.py for tasks to queue
[2022-12-14T07:37:55.582+0000] {logging_mixin.py:137} INFO - [2022-12-14T07:37:55.580+0000] {dagbag.py:538} INFO - Filling up the DagBag from /home/airflow/.local/lib/python3.7/site-packages/airflow/example_dags/example_complex.py
[2022-12-14T07:37:59.869+0000] {logging_mixin.py:137} INFO - [2022-12-14T07:37:59.536+0000] {taskmixin.py:205} WARNING - Dependency <Task(BashOperator): create_entry_group>, delete_entry_group already registered for DAG: example_complex
[2022-12-14T07:37:59.895+0000] {logging_mixin.py:137} INFO - [2022-12-14T07:37:59.895+0000] {taskmixin.py:205} WARNING - Dependency <Task(BashOperator): delete_entry_group>, create_entry_group already registered for DAG: example_complex
[2022-12-14T07:37:59.924+0000] {logging_mixin.py:137} INFO - [2022-12-14T07:37:59.924+0000] {taskmixin.py:205} WARNING - Dependency <Task(BashOperator): create_entry_gcs>, delete_entry already registered for DAG: example_complex
[2022-12-14T07:37:59.959+0000] {logging_mixin.py:137} INFO - [2022-12-14T07:37:59.959+0000] {taskmixin.py:205} WARNING - Dependency <Task(BashOperator): delete_entry>, create_entry_gcs already registered for DAG: example_complex
[2022-12-14T07:37:59.968+0000] {logging_mixin.py:137} INFO - [2022-12-14T07:37:59.967+0000] {taskmixin.py:205} WARNING - Dependency <Task(BashOperator): create_tag>, delete_tag already registered for DAG: example_complex
[2022-12-14T07:37:59.993+0000] {logging_mixin.py:137} INFO - [2022-12-14T07:37:59.992+0000] {taskmixin.py:205} WARNING - Dependency <Task(BashOperator): delete_tag>, create_tag already registered for DAG: example_complex
[2022-12-14T07:38:06.338+0000] {processor.py:753} INFO - DAG(s) dict_keys(['example_complex']) retrieved from /home/airflow/.local/lib/python3.7/site-packages/airflow/example_dags/example_complex.py
