[2022-12-14T06:20:42.401+0000] {processor.py:153} INFO - Started process (PID=98) to work on /home/airflow/.local/lib/python3.7/site-packages/airflow/example_dags/example_subdag_operator.py
[2022-12-14T06:20:42.405+0000] {processor.py:743} INFO - Processing file /home/airflow/.local/lib/python3.7/site-packages/airflow/example_dags/example_subdag_operator.py for tasks to queue
[2022-12-14T06:20:42.425+0000] {logging_mixin.py:137} INFO - [2022-12-14T06:20:42.424+0000] {dagbag.py:538} INFO - Filling up the DagBag from /home/airflow/.local/lib/python3.7/site-packages/airflow/example_dags/example_subdag_operator.py
[2022-12-14T06:20:42.502+0000] {processor.py:753} INFO - DAG(s) dict_keys(['example_subdag_operator.section-1', 'example_subdag_operator.section-2', 'example_subdag_operator']) retrieved from /home/airflow/.local/lib/python3.7/site-packages/airflow/example_dags/example_subdag_operator.py
[2022-12-14T06:20:42.615+0000] {logging_mixin.py:137} INFO - [2022-12-14T06:20:42.615+0000] {dag.py:2676} INFO - Sync 3 DAGs
[2022-12-14T06:20:42.816+0000] {logging_mixin.py:137} INFO - [2022-12-14T06:20:42.813+0000] {dag.py:3427} INFO - Setting next_dagrun for example_subdag_operator to 2022-01-01T00:00:00+00:00, run_after=2022-01-01T00:00:00+00:00
[2022-12-14T06:20:42.831+0000] {logging_mixin.py:137} INFO - [2022-12-14T06:20:42.831+0000] {dag.py:3427} INFO - Setting next_dagrun for example_subdag_operator.section-1 to None, run_after=None
[2022-12-14T06:20:42.844+0000] {logging_mixin.py:137} INFO - [2022-12-14T06:20:42.844+0000] {dag.py:3427} INFO - Setting next_dagrun for example_subdag_operator.section-2 to None, run_after=None
[2022-12-14T06:20:42.874+0000] {logging_mixin.py:137} INFO - [2022-12-14T06:20:42.873+0000] {dag.py:2676} INFO - Sync 2 DAGs
[2022-12-14T06:20:42.889+0000] {logging_mixin.py:137} INFO - [2022-12-14T06:20:42.888+0000] {dag.py:3427} INFO - Setting next_dagrun for example_subdag_operator.section-1 to None, run_after=None
[2022-12-14T06:20:42.898+0000] {logging_mixin.py:137} INFO - [2022-12-14T06:20:42.898+0000] {dag.py:3427} INFO - Setting next_dagrun for example_subdag_operator.section-2 to None, run_after=None
[2022-12-14T06:20:42.934+0000] {processor.py:175} INFO - Processing /home/airflow/.local/lib/python3.7/site-packages/airflow/example_dags/example_subdag_operator.py took 0.562 seconds
[2022-12-14T06:21:13.276+0000] {processor.py:153} INFO - Started process (PID=174) to work on /home/airflow/.local/lib/python3.7/site-packages/airflow/example_dags/example_subdag_operator.py
[2022-12-14T06:21:13.280+0000] {processor.py:743} INFO - Processing file /home/airflow/.local/lib/python3.7/site-packages/airflow/example_dags/example_subdag_operator.py for tasks to queue
[2022-12-14T06:21:13.283+0000] {logging_mixin.py:137} INFO - [2022-12-14T06:21:13.283+0000] {dagbag.py:538} INFO - Filling up the DagBag from /home/airflow/.local/lib/python3.7/site-packages/airflow/example_dags/example_subdag_operator.py
[2022-12-14T06:21:13.361+0000] {processor.py:753} INFO - DAG(s) dict_keys(['example_subdag_operator.section-1', 'example_subdag_operator.section-2', 'example_subdag_operator']) retrieved from /home/airflow/.local/lib/python3.7/site-packages/airflow/example_dags/example_subdag_operator.py
[2022-12-14T06:21:13.397+0000] {logging_mixin.py:137} INFO - [2022-12-14T06:21:13.397+0000] {dag.py:2676} INFO - Sync 3 DAGs
[2022-12-14T06:21:13.429+0000] {logging_mixin.py:137} INFO - [2022-12-14T06:21:13.429+0000] {dag.py:3427} INFO - Setting next_dagrun for example_subdag_operator to 2022-01-01T00:00:00+00:00, run_after=2022-01-01T00:00:00+00:00
[2022-12-14T06:21:13.435+0000] {logging_mixin.py:137} INFO - [2022-12-14T06:21:13.435+0000] {dag.py:3427} INFO - Setting next_dagrun for example_subdag_operator.section-1 to None, run_after=None
[2022-12-14T06:21:13.442+0000] {logging_mixin.py:137} INFO - [2022-12-14T06:21:13.441+0000] {dag.py:3427} INFO - Setting next_dagrun for example_subdag_operator.section-2 to None, run_after=None
[2022-12-14T06:21:13.455+0000] {logging_mixin.py:137} INFO - [2022-12-14T06:21:13.455+0000] {dag.py:2676} INFO - Sync 2 DAGs
[2022-12-14T06:21:13.468+0000] {logging_mixin.py:137} INFO - [2022-12-14T06:21:13.468+0000] {dag.py:3427} INFO - Setting next_dagrun for example_subdag_operator.section-1 to None, run_after=None
[2022-12-14T06:21:13.469+0000] {logging_mixin.py:137} INFO - [2022-12-14T06:21:13.468+0000] {dag.py:3427} INFO - Setting next_dagrun for example_subdag_operator.section-2 to None, run_after=None
[2022-12-14T06:21:13.495+0000] {processor.py:175} INFO - Processing /home/airflow/.local/lib/python3.7/site-packages/airflow/example_dags/example_subdag_operator.py took 0.225 seconds
[2022-12-14T06:21:45.032+0000] {processor.py:153} INFO - Started process (PID=251) to work on /home/airflow/.local/lib/python3.7/site-packages/airflow/example_dags/example_subdag_operator.py
[2022-12-14T06:21:45.044+0000] {processor.py:743} INFO - Processing file /home/airflow/.local/lib/python3.7/site-packages/airflow/example_dags/example_subdag_operator.py for tasks to queue
[2022-12-14T06:21:45.054+0000] {logging_mixin.py:137} INFO - [2022-12-14T06:21:45.054+0000] {dagbag.py:538} INFO - Filling up the DagBag from /home/airflow/.local/lib/python3.7/site-packages/airflow/example_dags/example_subdag_operator.py
[2022-12-14T06:21:45.155+0000] {processor.py:753} INFO - DAG(s) dict_keys(['example_subdag_operator.section-1', 'example_subdag_operator.section-2', 'example_subdag_operator']) retrieved from /home/airflow/.local/lib/python3.7/site-packages/airflow/example_dags/example_subdag_operator.py
[2022-12-14T06:21:45.196+0000] {logging_mixin.py:137} INFO - [2022-12-14T06:21:45.196+0000] {dag.py:2676} INFO - Sync 3 DAGs
[2022-12-14T06:21:45.244+0000] {logging_mixin.py:137} INFO - [2022-12-14T06:21:45.244+0000] {dag.py:3427} INFO - Setting next_dagrun for example_subdag_operator to 2022-01-01T00:00:00+00:00, run_after=2022-01-01T00:00:00+00:00
[2022-12-14T06:21:45.251+0000] {logging_mixin.py:137} INFO - [2022-12-14T06:21:45.251+0000] {dag.py:3427} INFO - Setting next_dagrun for example_subdag_operator.section-1 to None, run_after=None
[2022-12-14T06:21:45.255+0000] {logging_mixin.py:137} INFO - [2022-12-14T06:21:45.254+0000] {dag.py:3427} INFO - Setting next_dagrun for example_subdag_operator.section-2 to None, run_after=None
[2022-12-14T06:21:45.262+0000] {logging_mixin.py:137} INFO - [2022-12-14T06:21:45.262+0000] {dag.py:2676} INFO - Sync 2 DAGs
[2022-12-14T06:21:45.277+0000] {logging_mixin.py:137} INFO - [2022-12-14T06:21:45.277+0000] {dag.py:3427} INFO - Setting next_dagrun for example_subdag_operator.section-1 to None, run_after=None
[2022-12-14T06:21:45.281+0000] {logging_mixin.py:137} INFO - [2022-12-14T06:21:45.281+0000] {dag.py:3427} INFO - Setting next_dagrun for example_subdag_operator.section-2 to None, run_after=None
[2022-12-14T06:21:45.312+0000] {processor.py:175} INFO - Processing /home/airflow/.local/lib/python3.7/site-packages/airflow/example_dags/example_subdag_operator.py took 0.285 seconds
[2022-12-14T06:22:15.505+0000] {processor.py:153} INFO - Started process (PID=327) to work on /home/airflow/.local/lib/python3.7/site-packages/airflow/example_dags/example_subdag_operator.py
[2022-12-14T06:22:15.506+0000] {processor.py:743} INFO - Processing file /home/airflow/.local/lib/python3.7/site-packages/airflow/example_dags/example_subdag_operator.py for tasks to queue
[2022-12-14T06:22:15.507+0000] {logging_mixin.py:137} INFO - [2022-12-14T06:22:15.507+0000] {dagbag.py:538} INFO - Filling up the DagBag from /home/airflow/.local/lib/python3.7/site-packages/airflow/example_dags/example_subdag_operator.py
[2022-12-14T06:22:15.560+0000] {processor.py:753} INFO - DAG(s) dict_keys(['example_subdag_operator.section-1', 'example_subdag_operator.section-2', 'example_subdag_operator']) retrieved from /home/airflow/.local/lib/python3.7/site-packages/airflow/example_dags/example_subdag_operator.py
[2022-12-14T06:22:15.608+0000] {logging_mixin.py:137} INFO - [2022-12-14T06:22:15.608+0000] {dag.py:2676} INFO - Sync 3 DAGs
[2022-12-14T06:22:15.655+0000] {logging_mixin.py:137} INFO - [2022-12-14T06:22:15.655+0000] {dag.py:3427} INFO - Setting next_dagrun for example_subdag_operator to 2022-01-01T00:00:00+00:00, run_after=2022-01-01T00:00:00+00:00
[2022-12-14T06:22:15.663+0000] {logging_mixin.py:137} INFO - [2022-12-14T06:22:15.663+0000] {dag.py:3427} INFO - Setting next_dagrun for example_subdag_operator.section-1 to None, run_after=None
[2022-12-14T06:22:15.668+0000] {logging_mixin.py:137} INFO - [2022-12-14T06:22:15.668+0000] {dag.py:3427} INFO - Setting next_dagrun for example_subdag_operator.section-2 to None, run_after=None
[2022-12-14T06:22:15.682+0000] {logging_mixin.py:137} INFO - [2022-12-14T06:22:15.682+0000] {dag.py:2676} INFO - Sync 2 DAGs
[2022-12-14T06:22:15.689+0000] {logging_mixin.py:137} INFO - [2022-12-14T06:22:15.689+0000] {dag.py:3427} INFO - Setting next_dagrun for example_subdag_operator.section-1 to None, run_after=None
[2022-12-14T06:22:15.691+0000] {logging_mixin.py:137} INFO - [2022-12-14T06:22:15.691+0000] {dag.py:3427} INFO - Setting next_dagrun for example_subdag_operator.section-2 to None, run_after=None
[2022-12-14T06:22:15.705+0000] {processor.py:175} INFO - Processing /home/airflow/.local/lib/python3.7/site-packages/airflow/example_dags/example_subdag_operator.py took 0.204 seconds
[2022-12-14T06:23:43.442+0000] {processor.py:153} INFO - Started process (PID=428) to work on /home/airflow/.local/lib/python3.7/site-packages/airflow/example_dags/example_subdag_operator.py
[2022-12-14T06:23:43.468+0000] {processor.py:743} INFO - Processing file /home/airflow/.local/lib/python3.7/site-packages/airflow/example_dags/example_subdag_operator.py for tasks to queue
[2022-12-14T06:23:43.494+0000] {logging_mixin.py:137} INFO - [2022-12-14T06:23:43.493+0000] {dagbag.py:538} INFO - Filling up the DagBag from /home/airflow/.local/lib/python3.7/site-packages/airflow/example_dags/example_subdag_operator.py
[2022-12-14T06:23:44.843+0000] {processor.py:753} INFO - DAG(s) dict_keys(['example_subdag_operator.section-1', 'example_subdag_operator.section-2', 'example_subdag_operator']) retrieved from /home/airflow/.local/lib/python3.7/site-packages/airflow/example_dags/example_subdag_operator.py
[2022-12-14T06:23:46.401+0000] {logging_mixin.py:137} INFO - [2022-12-14T06:23:46.367+0000] {dag.py:2676} INFO - Sync 3 DAGs
[2022-12-14T06:23:47.076+0000] {logging_mixin.py:137} INFO - [2022-12-14T06:23:47.076+0000] {dag.py:3427} INFO - Setting next_dagrun for example_subdag_operator to 2022-01-01T00:00:00+00:00, run_after=2022-01-01T00:00:00+00:00
[2022-12-14T06:23:47.180+0000] {logging_mixin.py:137} INFO - [2022-12-14T06:23:47.179+0000] {dag.py:3427} INFO - Setting next_dagrun for example_subdag_operator.section-1 to None, run_after=None
[2022-12-14T06:23:47.219+0000] {logging_mixin.py:137} INFO - [2022-12-14T06:23:47.218+0000] {dag.py:3427} INFO - Setting next_dagrun for example_subdag_operator.section-2 to None, run_after=None
[2022-12-14T06:23:47.385+0000] {logging_mixin.py:137} INFO - [2022-12-14T06:23:47.385+0000] {dag.py:2676} INFO - Sync 2 DAGs
[2022-12-14T06:23:47.557+0000] {logging_mixin.py:137} INFO - [2022-12-14T06:23:47.555+0000] {dag.py:3427} INFO - Setting next_dagrun for example_subdag_operator.section-1 to None, run_after=None
[2022-12-14T06:23:47.565+0000] {logging_mixin.py:137} INFO - [2022-12-14T06:23:47.563+0000] {dag.py:3427} INFO - Setting next_dagrun for example_subdag_operator.section-2 to None, run_after=None
[2022-12-14T06:23:48.109+0000] {processor.py:175} INFO - Processing /home/airflow/.local/lib/python3.7/site-packages/airflow/example_dags/example_subdag_operator.py took 4.836 seconds
[2022-12-14T06:47:07.965+0000] {processor.py:153} INFO - Started process (PID=122) to work on /home/airflow/.local/lib/python3.7/site-packages/airflow/example_dags/example_subdag_operator.py
[2022-12-14T06:47:07.980+0000] {processor.py:743} INFO - Processing file /home/airflow/.local/lib/python3.7/site-packages/airflow/example_dags/example_subdag_operator.py for tasks to queue
[2022-12-14T06:47:08.080+0000] {logging_mixin.py:137} INFO - [2022-12-14T06:47:08.079+0000] {dagbag.py:538} INFO - Filling up the DagBag from /home/airflow/.local/lib/python3.7/site-packages/airflow/example_dags/example_subdag_operator.py
[2022-12-14T06:47:09.964+0000] {processor.py:753} INFO - DAG(s) dict_keys(['example_subdag_operator.section-1', 'example_subdag_operator.section-2', 'example_subdag_operator']) retrieved from /home/airflow/.local/lib/python3.7/site-packages/airflow/example_dags/example_subdag_operator.py
[2022-12-14T06:47:11.368+0000] {logging_mixin.py:137} INFO - [2022-12-14T06:47:11.367+0000] {dag.py:2676} INFO - Sync 3 DAGs
[2022-12-14T06:47:12.107+0000] {logging_mixin.py:137} INFO - [2022-12-14T06:47:12.107+0000] {dag.py:3427} INFO - Setting next_dagrun for example_subdag_operator to 2022-01-01T00:00:00+00:00, run_after=2022-01-01T00:00:00+00:00
[2022-12-14T06:47:12.212+0000] {logging_mixin.py:137} INFO - [2022-12-14T06:47:12.212+0000] {dag.py:3427} INFO - Setting next_dagrun for example_subdag_operator.section-1 to None, run_after=None
[2022-12-14T06:47:12.226+0000] {logging_mixin.py:137} INFO - [2022-12-14T06:47:12.226+0000] {dag.py:3427} INFO - Setting next_dagrun for example_subdag_operator.section-2 to None, run_after=None
[2022-12-14T06:47:12.459+0000] {logging_mixin.py:137} INFO - [2022-12-14T06:47:12.458+0000] {dag.py:2676} INFO - Sync 2 DAGs
[2022-12-14T06:47:12.604+0000] {logging_mixin.py:137} INFO - [2022-12-14T06:47:12.604+0000] {dag.py:3427} INFO - Setting next_dagrun for example_subdag_operator.section-1 to None, run_after=None
[2022-12-14T06:47:12.611+0000] {logging_mixin.py:137} INFO - [2022-12-14T06:47:12.610+0000] {dag.py:3427} INFO - Setting next_dagrun for example_subdag_operator.section-2 to None, run_after=None
[2022-12-14T06:47:13.003+0000] {processor.py:175} INFO - Processing /home/airflow/.local/lib/python3.7/site-packages/airflow/example_dags/example_subdag_operator.py took 5.237 seconds
