[2022-12-14T06:20:51.736+0000] {processor.py:153} INFO - Started process (PID=129) to work on /home/airflow/.local/lib/python3.7/site-packages/airflow/example_dags/example_sensors.py
[2022-12-14T06:20:51.739+0000] {processor.py:743} INFO - Processing file /home/airflow/.local/lib/python3.7/site-packages/airflow/example_dags/example_sensors.py for tasks to queue
[2022-12-14T06:20:51.743+0000] {logging_mixin.py:137} INFO - [2022-12-14T06:20:51.743+0000] {dagbag.py:538} INFO - Filling up the DagBag from /home/airflow/.local/lib/python3.7/site-packages/airflow/example_dags/example_sensors.py
[2022-12-14T06:20:51.777+0000] {processor.py:753} INFO - DAG(s) dict_keys(['example_sensors']) retrieved from /home/airflow/.local/lib/python3.7/site-packages/airflow/example_dags/example_sensors.py
[2022-12-14T06:20:51.882+0000] {logging_mixin.py:137} INFO - [2022-12-14T06:20:51.881+0000] {dag.py:2676} INFO - Sync 1 DAGs
[2022-12-14T06:20:51.963+0000] {logging_mixin.py:137} INFO - [2022-12-14T06:20:51.963+0000] {dag.py:3427} INFO - Setting next_dagrun for example_sensors to None, run_after=None
[2022-12-14T06:20:52.029+0000] {processor.py:175} INFO - Processing /home/airflow/.local/lib/python3.7/site-packages/airflow/example_dags/example_sensors.py took 0.299 seconds
[2022-12-14T06:21:23.505+0000] {processor.py:153} INFO - Started process (PID=203) to work on /home/airflow/.local/lib/python3.7/site-packages/airflow/example_dags/example_sensors.py
[2022-12-14T06:21:23.507+0000] {processor.py:743} INFO - Processing file /home/airflow/.local/lib/python3.7/site-packages/airflow/example_dags/example_sensors.py for tasks to queue
[2022-12-14T06:21:23.508+0000] {logging_mixin.py:137} INFO - [2022-12-14T06:21:23.508+0000] {dagbag.py:538} INFO - Filling up the DagBag from /home/airflow/.local/lib/python3.7/site-packages/airflow/example_dags/example_sensors.py
[2022-12-14T06:21:23.559+0000] {processor.py:753} INFO - DAG(s) dict_keys(['example_sensors']) retrieved from /home/airflow/.local/lib/python3.7/site-packages/airflow/example_dags/example_sensors.py
[2022-12-14T06:21:23.656+0000] {logging_mixin.py:137} INFO - [2022-12-14T06:21:23.656+0000] {dag.py:2676} INFO - Sync 1 DAGs
[2022-12-14T06:21:23.706+0000] {logging_mixin.py:137} INFO - [2022-12-14T06:21:23.706+0000] {dag.py:3427} INFO - Setting next_dagrun for example_sensors to None, run_after=None
[2022-12-14T06:21:23.752+0000] {processor.py:175} INFO - Processing /home/airflow/.local/lib/python3.7/site-packages/airflow/example_dags/example_sensors.py took 0.253 seconds
[2022-12-14T06:21:58.033+0000] {processor.py:153} INFO - Started process (PID=284) to work on /home/airflow/.local/lib/python3.7/site-packages/airflow/example_dags/example_sensors.py
[2022-12-14T06:21:58.089+0000] {processor.py:743} INFO - Processing file /home/airflow/.local/lib/python3.7/site-packages/airflow/example_dags/example_sensors.py for tasks to queue
[2022-12-14T06:21:58.115+0000] {logging_mixin.py:137} INFO - [2022-12-14T06:21:58.114+0000] {dagbag.py:538} INFO - Filling up the DagBag from /home/airflow/.local/lib/python3.7/site-packages/airflow/example_dags/example_sensors.py
[2022-12-14T06:21:59.342+0000] {processor.py:753} INFO - DAG(s) dict_keys(['example_sensors']) retrieved from /home/airflow/.local/lib/python3.7/site-packages/airflow/example_dags/example_sensors.py
[2022-12-14T06:22:00.104+0000] {logging_mixin.py:137} INFO - [2022-12-14T06:22:00.103+0000] {dag.py:2676} INFO - Sync 1 DAGs
[2022-12-14T06:22:00.281+0000] {logging_mixin.py:137} INFO - [2022-12-14T06:22:00.281+0000] {dag.py:3427} INFO - Setting next_dagrun for example_sensors to None, run_after=None
[2022-12-14T06:22:00.363+0000] {processor.py:175} INFO - Processing /home/airflow/.local/lib/python3.7/site-packages/airflow/example_dags/example_sensors.py took 2.431 seconds
[2022-12-14T06:22:32.109+0000] {processor.py:153} INFO - Started process (PID=360) to work on /home/airflow/.local/lib/python3.7/site-packages/airflow/example_dags/example_sensors.py
[2022-12-14T06:22:32.141+0000] {processor.py:743} INFO - Processing file /home/airflow/.local/lib/python3.7/site-packages/airflow/example_dags/example_sensors.py for tasks to queue
[2022-12-14T06:22:32.189+0000] {logging_mixin.py:137} INFO - [2022-12-14T06:22:32.188+0000] {dagbag.py:538} INFO - Filling up the DagBag from /home/airflow/.local/lib/python3.7/site-packages/airflow/example_dags/example_sensors.py
[2022-12-14T06:22:32.663+0000] {processor.py:753} INFO - DAG(s) dict_keys(['example_sensors']) retrieved from /home/airflow/.local/lib/python3.7/site-packages/airflow/example_dags/example_sensors.py
[2022-12-14T06:22:33.048+0000] {logging_mixin.py:137} INFO - [2022-12-14T06:22:33.047+0000] {dag.py:2676} INFO - Sync 1 DAGs
[2022-12-14T06:22:33.189+0000] {logging_mixin.py:137} INFO - [2022-12-14T06:22:33.188+0000] {dag.py:3427} INFO - Setting next_dagrun for example_sensors to None, run_after=None
[2022-12-14T06:22:33.333+0000] {processor.py:175} INFO - Processing /home/airflow/.local/lib/python3.7/site-packages/airflow/example_dags/example_sensors.py took 1.314 seconds
[2022-12-14T06:28:19.174+0000] {processor.py:153} INFO - Started process (PID=531) to work on /home/airflow/.local/lib/python3.7/site-packages/airflow/example_dags/example_sensors.py
[2022-12-14T06:28:19.294+0000] {processor.py:743} INFO - Processing file /home/airflow/.local/lib/python3.7/site-packages/airflow/example_dags/example_sensors.py for tasks to queue
[2022-12-14T06:28:19.357+0000] {logging_mixin.py:137} INFO - [2022-12-14T06:28:19.357+0000] {dagbag.py:538} INFO - Filling up the DagBag from /home/airflow/.local/lib/python3.7/site-packages/airflow/example_dags/example_sensors.py
[2022-12-14T06:28:34.105+0000] {processor.py:753} INFO - DAG(s) dict_keys(['example_sensors']) retrieved from /home/airflow/.local/lib/python3.7/site-packages/airflow/example_dags/example_sensors.py
[2022-12-14T06:28:36.554+0000] {logging_mixin.py:137} INFO - [2022-12-14T06:28:36.553+0000] {dag.py:2676} INFO - Sync 1 DAGs
[2022-12-14T06:28:38.963+0000] {logging_mixin.py:137} INFO - [2022-12-14T06:28:38.728+0000] {dag.py:3427} INFO - Setting next_dagrun for example_sensors to None, run_after=None
[2022-12-14T06:28:43.955+0000] {processor.py:175} INFO - Processing /home/airflow/.local/lib/python3.7/site-packages/airflow/example_dags/example_sensors.py took 26.454 seconds
[2022-12-14T06:51:23.612+0000] {processor.py:153} INFO - Started process (PID=191) to work on /home/airflow/.local/lib/python3.7/site-packages/airflow/example_dags/example_sensors.py
[2022-12-14T06:51:23.674+0000] {processor.py:743} INFO - Processing file /home/airflow/.local/lib/python3.7/site-packages/airflow/example_dags/example_sensors.py for tasks to queue
[2022-12-14T06:51:23.720+0000] {logging_mixin.py:137} INFO - [2022-12-14T06:51:23.717+0000] {dagbag.py:538} INFO - Filling up the DagBag from /home/airflow/.local/lib/python3.7/site-packages/airflow/example_dags/example_sensors.py
[2022-12-14T06:51:24.820+0000] {processor.py:753} INFO - DAG(s) dict_keys(['example_sensors']) retrieved from /home/airflow/.local/lib/python3.7/site-packages/airflow/example_dags/example_sensors.py
[2022-12-14T06:51:25.763+0000] {logging_mixin.py:137} INFO - [2022-12-14T06:51:25.761+0000] {dag.py:2676} INFO - Sync 1 DAGs
[2022-12-14T06:51:26.400+0000] {logging_mixin.py:137} INFO - [2022-12-14T06:51:26.400+0000] {dag.py:3427} INFO - Setting next_dagrun for example_sensors to None, run_after=None
[2022-12-14T06:51:27.067+0000] {processor.py:175} INFO - Processing /home/airflow/.local/lib/python3.7/site-packages/airflow/example_dags/example_sensors.py took 3.622 seconds
