[2022-12-14T06:20:51.818+0000] {processor.py:153} INFO - Started process (PID=130) to work on /home/airflow/.local/lib/python3.7/site-packages/airflow/example_dags/example_xcomargs.py
[2022-12-14T06:20:51.820+0000] {processor.py:743} INFO - Processing file /home/airflow/.local/lib/python3.7/site-packages/airflow/example_dags/example_xcomargs.py for tasks to queue
[2022-12-14T06:20:51.822+0000] {logging_mixin.py:137} INFO - [2022-12-14T06:20:51.821+0000] {dagbag.py:538} INFO - Filling up the DagBag from /home/airflow/.local/lib/python3.7/site-packages/airflow/example_dags/example_xcomargs.py
[2022-12-14T06:20:51.878+0000] {processor.py:753} INFO - DAG(s) dict_keys(['example_xcom_args_with_operators', 'example_xcom_args']) retrieved from /home/airflow/.local/lib/python3.7/site-packages/airflow/example_dags/example_xcomargs.py
[2022-12-14T06:20:51.991+0000] {logging_mixin.py:137} INFO - [2022-12-14T06:20:51.991+0000] {dag.py:2676} INFO - Sync 2 DAGs
[2022-12-14T06:20:52.022+0000] {logging_mixin.py:137} INFO - [2022-12-14T06:20:52.021+0000] {dag.py:3427} INFO - Setting next_dagrun for example_xcom_args to None, run_after=None
[2022-12-14T06:20:52.027+0000] {logging_mixin.py:137} INFO - [2022-12-14T06:20:52.027+0000] {dag.py:3427} INFO - Setting next_dagrun for example_xcom_args_with_operators to None, run_after=None
[2022-12-14T06:20:52.098+0000] {processor.py:175} INFO - Processing /home/airflow/.local/lib/python3.7/site-packages/airflow/example_dags/example_xcomargs.py took 0.284 seconds
[2022-12-14T06:21:23.812+0000] {processor.py:153} INFO - Started process (PID=207) to work on /home/airflow/.local/lib/python3.7/site-packages/airflow/example_dags/example_xcomargs.py
[2022-12-14T06:21:23.814+0000] {processor.py:743} INFO - Processing file /home/airflow/.local/lib/python3.7/site-packages/airflow/example_dags/example_xcomargs.py for tasks to queue
[2022-12-14T06:21:23.816+0000] {logging_mixin.py:137} INFO - [2022-12-14T06:21:23.815+0000] {dagbag.py:538} INFO - Filling up the DagBag from /home/airflow/.local/lib/python3.7/site-packages/airflow/example_dags/example_xcomargs.py
[2022-12-14T06:21:23.848+0000] {processor.py:753} INFO - DAG(s) dict_keys(['example_xcom_args_with_operators', 'example_xcom_args']) retrieved from /home/airflow/.local/lib/python3.7/site-packages/airflow/example_dags/example_xcomargs.py
[2022-12-14T06:21:23.915+0000] {logging_mixin.py:137} INFO - [2022-12-14T06:21:23.915+0000] {dag.py:2676} INFO - Sync 2 DAGs
[2022-12-14T06:21:23.946+0000] {logging_mixin.py:137} INFO - [2022-12-14T06:21:23.945+0000] {dag.py:3427} INFO - Setting next_dagrun for example_xcom_args to None, run_after=None
[2022-12-14T06:21:23.954+0000] {logging_mixin.py:137} INFO - [2022-12-14T06:21:23.953+0000] {dag.py:3427} INFO - Setting next_dagrun for example_xcom_args_with_operators to None, run_after=None
[2022-12-14T06:21:24.018+0000] {processor.py:175} INFO - Processing /home/airflow/.local/lib/python3.7/site-packages/airflow/example_dags/example_xcomargs.py took 0.209 seconds
[2022-12-14T06:22:00.711+0000] {processor.py:153} INFO - Started process (PID=285) to work on /home/airflow/.local/lib/python3.7/site-packages/airflow/example_dags/example_xcomargs.py
[2022-12-14T06:22:00.728+0000] {processor.py:743} INFO - Processing file /home/airflow/.local/lib/python3.7/site-packages/airflow/example_dags/example_xcomargs.py for tasks to queue
[2022-12-14T06:22:00.730+0000] {logging_mixin.py:137} INFO - [2022-12-14T06:22:00.730+0000] {dagbag.py:538} INFO - Filling up the DagBag from /home/airflow/.local/lib/python3.7/site-packages/airflow/example_dags/example_xcomargs.py
[2022-12-14T06:22:00.924+0000] {processor.py:753} INFO - DAG(s) dict_keys(['example_xcom_args', 'example_xcom_args_with_operators']) retrieved from /home/airflow/.local/lib/python3.7/site-packages/airflow/example_dags/example_xcomargs.py
[2022-12-14T06:22:01.272+0000] {logging_mixin.py:137} INFO - [2022-12-14T06:22:01.271+0000] {dag.py:2676} INFO - Sync 2 DAGs
[2022-12-14T06:22:01.319+0000] {logging_mixin.py:137} INFO - [2022-12-14T06:22:01.318+0000] {dag.py:3427} INFO - Setting next_dagrun for example_xcom_args to None, run_after=None
[2022-12-14T06:22:01.358+0000] {logging_mixin.py:137} INFO - [2022-12-14T06:22:01.358+0000] {dag.py:3427} INFO - Setting next_dagrun for example_xcom_args_with_operators to None, run_after=None
[2022-12-14T06:22:01.441+0000] {processor.py:175} INFO - Processing /home/airflow/.local/lib/python3.7/site-packages/airflow/example_dags/example_xcomargs.py took 0.802 seconds
[2022-12-14T06:22:33.568+0000] {processor.py:153} INFO - Started process (PID=361) to work on /home/airflow/.local/lib/python3.7/site-packages/airflow/example_dags/example_xcomargs.py
[2022-12-14T06:22:33.584+0000] {processor.py:743} INFO - Processing file /home/airflow/.local/lib/python3.7/site-packages/airflow/example_dags/example_xcomargs.py for tasks to queue
[2022-12-14T06:22:33.591+0000] {logging_mixin.py:137} INFO - [2022-12-14T06:22:33.591+0000] {dagbag.py:538} INFO - Filling up the DagBag from /home/airflow/.local/lib/python3.7/site-packages/airflow/example_dags/example_xcomargs.py
[2022-12-14T06:22:33.671+0000] {processor.py:753} INFO - DAG(s) dict_keys(['example_xcom_args_with_operators', 'example_xcom_args']) retrieved from /home/airflow/.local/lib/python3.7/site-packages/airflow/example_dags/example_xcomargs.py
[2022-12-14T06:22:33.769+0000] {logging_mixin.py:137} INFO - [2022-12-14T06:22:33.768+0000] {dag.py:2676} INFO - Sync 2 DAGs
[2022-12-14T06:22:33.815+0000] {logging_mixin.py:137} INFO - [2022-12-14T06:22:33.815+0000] {dag.py:3427} INFO - Setting next_dagrun for example_xcom_args to None, run_after=None
[2022-12-14T06:22:33.828+0000] {logging_mixin.py:137} INFO - [2022-12-14T06:22:33.828+0000] {dag.py:3427} INFO - Setting next_dagrun for example_xcom_args_with_operators to None, run_after=None
[2022-12-14T06:22:33.898+0000] {processor.py:175} INFO - Processing /home/airflow/.local/lib/python3.7/site-packages/airflow/example_dags/example_xcomargs.py took 0.339 seconds
[2022-12-14T06:28:45.318+0000] {processor.py:153} INFO - Started process (PID=546) to work on /home/airflow/.local/lib/python3.7/site-packages/airflow/example_dags/example_xcomargs.py
[2022-12-14T06:28:45.368+0000] {processor.py:743} INFO - Processing file /home/airflow/.local/lib/python3.7/site-packages/airflow/example_dags/example_xcomargs.py for tasks to queue
[2022-12-14T06:28:45.383+0000] {logging_mixin.py:137} INFO - [2022-12-14T06:28:45.383+0000] {dagbag.py:538} INFO - Filling up the DagBag from /home/airflow/.local/lib/python3.7/site-packages/airflow/example_dags/example_xcomargs.py
[2022-12-14T06:28:48.162+0000] {processor.py:753} INFO - DAG(s) dict_keys(['example_xcom_args_with_operators', 'example_xcom_args']) retrieved from /home/airflow/.local/lib/python3.7/site-packages/airflow/example_dags/example_xcomargs.py
[2022-12-14T06:28:57.386+0000] {logging_mixin.py:137} INFO - [2022-12-14T06:28:57.354+0000] {dag.py:2676} INFO - Sync 2 DAGs
[2022-12-14T06:28:59.769+0000] {logging_mixin.py:137} INFO - [2022-12-14T06:28:59.768+0000] {dag.py:3427} INFO - Setting next_dagrun for example_xcom_args to None, run_after=None
[2022-12-14T06:29:00.108+0000] {logging_mixin.py:137} INFO - [2022-12-14T06:29:00.108+0000] {dag.py:3427} INFO - Setting next_dagrun for example_xcom_args_with_operators to None, run_after=None
[2022-12-14T06:29:01.945+0000] {processor.py:175} INFO - Processing /home/airflow/.local/lib/python3.7/site-packages/airflow/example_dags/example_xcomargs.py took 16.802 seconds
[2022-12-14T06:51:24.131+0000] {processor.py:153} INFO - Started process (PID=194) to work on /home/airflow/.local/lib/python3.7/site-packages/airflow/example_dags/example_xcomargs.py
[2022-12-14T06:51:24.149+0000] {processor.py:743} INFO - Processing file /home/airflow/.local/lib/python3.7/site-packages/airflow/example_dags/example_xcomargs.py for tasks to queue
[2022-12-14T06:51:24.164+0000] {logging_mixin.py:137} INFO - [2022-12-14T06:51:24.163+0000] {dagbag.py:538} INFO - Filling up the DagBag from /home/airflow/.local/lib/python3.7/site-packages/airflow/example_dags/example_xcomargs.py
[2022-12-14T06:51:25.292+0000] {processor.py:753} INFO - DAG(s) dict_keys(['example_xcom_args_with_operators', 'example_xcom_args']) retrieved from /home/airflow/.local/lib/python3.7/site-packages/airflow/example_dags/example_xcomargs.py
[2022-12-14T06:51:26.327+0000] {logging_mixin.py:137} INFO - [2022-12-14T06:51:26.326+0000] {dag.py:2676} INFO - Sync 2 DAGs
[2022-12-14T06:51:27.061+0000] {logging_mixin.py:137} INFO - [2022-12-14T06:51:27.061+0000] {dag.py:3427} INFO - Setting next_dagrun for example_xcom_args to None, run_after=None
[2022-12-14T06:51:27.147+0000] {logging_mixin.py:137} INFO - [2022-12-14T06:51:27.146+0000] {dag.py:3427} INFO - Setting next_dagrun for example_xcom_args_with_operators to None, run_after=None
[2022-12-14T06:51:27.819+0000] {processor.py:175} INFO - Processing /home/airflow/.local/lib/python3.7/site-packages/airflow/example_dags/example_xcomargs.py took 3.703 seconds
