[2022-12-14T06:20:51.359+0000] {processor.py:153} INFO - Started process (PID=128) to work on /home/airflow/.local/lib/python3.7/site-packages/airflow/example_dags/example_external_task_marker_dag.py
[2022-12-14T06:20:51.364+0000] {processor.py:743} INFO - Processing file /home/airflow/.local/lib/python3.7/site-packages/airflow/example_dags/example_external_task_marker_dag.py for tasks to queue
[2022-12-14T06:20:51.368+0000] {logging_mixin.py:137} INFO - [2022-12-14T06:20:51.368+0000] {dagbag.py:538} INFO - Filling up the DagBag from /home/airflow/.local/lib/python3.7/site-packages/airflow/example_dags/example_external_task_marker_dag.py
[2022-12-14T06:20:51.425+0000] {processor.py:753} INFO - DAG(s) dict_keys(['example_external_task_marker_child', 'example_external_task_marker_parent']) retrieved from /home/airflow/.local/lib/python3.7/site-packages/airflow/example_dags/example_external_task_marker_dag.py
[2022-12-14T06:20:51.583+0000] {logging_mixin.py:137} INFO - [2022-12-14T06:20:51.583+0000] {dag.py:2676} INFO - Sync 2 DAGs
[2022-12-14T06:20:51.641+0000] {logging_mixin.py:137} INFO - [2022-12-14T06:20:51.641+0000] {dag.py:3427} INFO - Setting next_dagrun for example_external_task_marker_child to None, run_after=None
[2022-12-14T06:20:51.652+0000] {logging_mixin.py:137} INFO - [2022-12-14T06:20:51.652+0000] {dag.py:3427} INFO - Setting next_dagrun for example_external_task_marker_parent to None, run_after=None
[2022-12-14T06:20:51.718+0000] {processor.py:175} INFO - Processing /home/airflow/.local/lib/python3.7/site-packages/airflow/example_dags/example_external_task_marker_dag.py took 0.368 seconds
[2022-12-14T06:21:23.494+0000] {processor.py:153} INFO - Started process (PID=202) to work on /home/airflow/.local/lib/python3.7/site-packages/airflow/example_dags/example_external_task_marker_dag.py
[2022-12-14T06:21:23.498+0000] {processor.py:743} INFO - Processing file /home/airflow/.local/lib/python3.7/site-packages/airflow/example_dags/example_external_task_marker_dag.py for tasks to queue
[2022-12-14T06:21:23.502+0000] {logging_mixin.py:137} INFO - [2022-12-14T06:21:23.501+0000] {dagbag.py:538} INFO - Filling up the DagBag from /home/airflow/.local/lib/python3.7/site-packages/airflow/example_dags/example_external_task_marker_dag.py
[2022-12-14T06:21:23.528+0000] {processor.py:753} INFO - DAG(s) dict_keys(['example_external_task_marker_parent', 'example_external_task_marker_child']) retrieved from /home/airflow/.local/lib/python3.7/site-packages/airflow/example_dags/example_external_task_marker_dag.py
[2022-12-14T06:21:23.637+0000] {logging_mixin.py:137} INFO - [2022-12-14T06:21:23.637+0000] {dag.py:2676} INFO - Sync 2 DAGs
[2022-12-14T06:21:23.689+0000] {logging_mixin.py:137} INFO - [2022-12-14T06:21:23.689+0000] {dag.py:3427} INFO - Setting next_dagrun for example_external_task_marker_child to None, run_after=None
[2022-12-14T06:21:23.702+0000] {logging_mixin.py:137} INFO - [2022-12-14T06:21:23.702+0000] {dag.py:3427} INFO - Setting next_dagrun for example_external_task_marker_parent to None, run_after=None
[2022-12-14T06:21:23.752+0000] {processor.py:175} INFO - Processing /home/airflow/.local/lib/python3.7/site-packages/airflow/example_dags/example_external_task_marker_dag.py took 0.262 seconds
[2022-12-14T06:21:57.812+0000] {processor.py:153} INFO - Started process (PID=283) to work on /home/airflow/.local/lib/python3.7/site-packages/airflow/example_dags/example_external_task_marker_dag.py
[2022-12-14T06:21:57.845+0000] {processor.py:743} INFO - Processing file /home/airflow/.local/lib/python3.7/site-packages/airflow/example_dags/example_external_task_marker_dag.py for tasks to queue
[2022-12-14T06:21:57.888+0000] {logging_mixin.py:137} INFO - [2022-12-14T06:21:57.888+0000] {dagbag.py:538} INFO - Filling up the DagBag from /home/airflow/.local/lib/python3.7/site-packages/airflow/example_dags/example_external_task_marker_dag.py
[2022-12-14T06:21:59.093+0000] {processor.py:753} INFO - DAG(s) dict_keys(['example_external_task_marker_parent', 'example_external_task_marker_child']) retrieved from /home/airflow/.local/lib/python3.7/site-packages/airflow/example_dags/example_external_task_marker_dag.py
[2022-12-14T06:22:00.007+0000] {logging_mixin.py:137} INFO - [2022-12-14T06:22:00.007+0000] {dag.py:2676} INFO - Sync 2 DAGs
[2022-12-14T06:22:00.173+0000] {logging_mixin.py:137} INFO - [2022-12-14T06:22:00.173+0000] {dag.py:3427} INFO - Setting next_dagrun for example_external_task_marker_child to None, run_after=None
[2022-12-14T06:22:00.221+0000] {logging_mixin.py:137} INFO - [2022-12-14T06:22:00.221+0000] {dag.py:3427} INFO - Setting next_dagrun for example_external_task_marker_parent to None, run_after=None
[2022-12-14T06:22:00.363+0000] {processor.py:175} INFO - Processing /home/airflow/.local/lib/python3.7/site-packages/airflow/example_dags/example_external_task_marker_dag.py took 2.701 seconds
[2022-12-14T06:22:32.094+0000] {processor.py:153} INFO - Started process (PID=359) to work on /home/airflow/.local/lib/python3.7/site-packages/airflow/example_dags/example_external_task_marker_dag.py
[2022-12-14T06:22:32.152+0000] {processor.py:743} INFO - Processing file /home/airflow/.local/lib/python3.7/site-packages/airflow/example_dags/example_external_task_marker_dag.py for tasks to queue
[2022-12-14T06:22:32.198+0000] {logging_mixin.py:137} INFO - [2022-12-14T06:22:32.163+0000] {dagbag.py:538} INFO - Filling up the DagBag from /home/airflow/.local/lib/python3.7/site-packages/airflow/example_dags/example_external_task_marker_dag.py
[2022-12-14T06:22:32.589+0000] {processor.py:753} INFO - DAG(s) dict_keys(['example_external_task_marker_parent', 'example_external_task_marker_child']) retrieved from /home/airflow/.local/lib/python3.7/site-packages/airflow/example_dags/example_external_task_marker_dag.py
[2022-12-14T06:22:33.088+0000] {logging_mixin.py:137} INFO - [2022-12-14T06:22:33.087+0000] {dag.py:2676} INFO - Sync 2 DAGs
[2022-12-14T06:22:33.314+0000] {logging_mixin.py:137} INFO - [2022-12-14T06:22:33.314+0000] {dag.py:3427} INFO - Setting next_dagrun for example_external_task_marker_child to None, run_after=None
[2022-12-14T06:22:33.323+0000] {logging_mixin.py:137} INFO - [2022-12-14T06:22:33.323+0000] {dag.py:3427} INFO - Setting next_dagrun for example_external_task_marker_parent to None, run_after=None
[2022-12-14T06:22:33.417+0000] {processor.py:175} INFO - Processing /home/airflow/.local/lib/python3.7/site-packages/airflow/example_dags/example_external_task_marker_dag.py took 1.538 seconds
[2022-12-14T06:28:09.010+0000] {processor.py:153} INFO - Started process (PID=520) to work on /home/airflow/.local/lib/python3.7/site-packages/airflow/example_dags/example_external_task_marker_dag.py
[2022-12-14T06:28:09.063+0000] {processor.py:743} INFO - Processing file /home/airflow/.local/lib/python3.7/site-packages/airflow/example_dags/example_external_task_marker_dag.py for tasks to queue
[2022-12-14T06:28:09.148+0000] {logging_mixin.py:137} INFO - [2022-12-14T06:28:09.147+0000] {dagbag.py:538} INFO - Filling up the DagBag from /home/airflow/.local/lib/python3.7/site-packages/airflow/example_dags/example_external_task_marker_dag.py
[2022-12-14T06:28:15.914+0000] {processor.py:753} INFO - DAG(s) dict_keys(['example_external_task_marker_child', 'example_external_task_marker_parent']) retrieved from /home/airflow/.local/lib/python3.7/site-packages/airflow/example_dags/example_external_task_marker_dag.py
[2022-12-14T06:28:34.539+0000] {logging_mixin.py:137} INFO - [2022-12-14T06:28:34.523+0000] {dag.py:2676} INFO - Sync 2 DAGs
[2022-12-14T06:28:36.030+0000] {logging_mixin.py:137} INFO - [2022-12-14T06:28:36.029+0000] {dag.py:3427} INFO - Setting next_dagrun for example_external_task_marker_child to None, run_after=None
[2022-12-14T06:28:36.394+0000] {logging_mixin.py:137} INFO - [2022-12-14T06:28:36.393+0000] {dag.py:3427} INFO - Setting next_dagrun for example_external_task_marker_parent to None, run_after=None
[2022-12-14T06:28:37.689+0000] {processor.py:175} INFO - Processing /home/airflow/.local/lib/python3.7/site-packages/airflow/example_dags/example_external_task_marker_dag.py took 30.802 seconds
[2022-12-14T06:50:47.470+0000] {processor.py:153} INFO - Started process (PID=180) to work on /home/airflow/.local/lib/python3.7/site-packages/airflow/example_dags/example_external_task_marker_dag.py
[2022-12-14T06:50:49.318+0000] {processor.py:743} INFO - Processing file /home/airflow/.local/lib/python3.7/site-packages/airflow/example_dags/example_external_task_marker_dag.py for tasks to queue
[2022-12-14T06:50:52.572+0000] {logging_mixin.py:137} INFO - [2022-12-14T06:50:49.385+0000] {dagbag.py:538} INFO - Filling up the DagBag from /home/airflow/.local/lib/python3.7/site-packages/airflow/example_dags/example_external_task_marker_dag.py
[2022-12-14T06:51:02.718+0000] {processor.py:753} INFO - DAG(s) dict_keys(['example_external_task_marker_child', 'example_external_task_marker_parent']) retrieved from /home/airflow/.local/lib/python3.7/site-packages/airflow/example_dags/example_external_task_marker_dag.py
[2022-12-14T06:51:15.098+0000] {logging_mixin.py:137} INFO - [2022-12-14T06:51:15.096+0000] {dag.py:2676} INFO - Sync 2 DAGs
[2022-12-14T06:51:18.228+0000] {logging_mixin.py:137} INFO - [2022-12-14T06:51:18.225+0000] {dag.py:3427} INFO - Setting next_dagrun for example_external_task_marker_child to None, run_after=None
[2022-12-14T06:51:18.588+0000] {logging_mixin.py:137} INFO - [2022-12-14T06:51:18.587+0000] {dag.py:3427} INFO - Setting next_dagrun for example_external_task_marker_parent to None, run_after=None
[2022-12-14T06:51:21.787+0000] {processor.py:175} INFO - Processing /home/airflow/.local/lib/python3.7/site-packages/airflow/example_dags/example_external_task_marker_dag.py took 36.091 seconds
