[2022-12-14T06:20:48.276+0000] {processor.py:153} INFO - Started process (PID=119) to work on /home/airflow/.local/lib/python3.7/site-packages/airflow/example_dags/example_branch_operator.py
[2022-12-14T06:20:48.287+0000] {processor.py:743} INFO - Processing file /home/airflow/.local/lib/python3.7/site-packages/airflow/example_dags/example_branch_operator.py for tasks to queue
[2022-12-14T06:20:48.291+0000] {logging_mixin.py:137} INFO - [2022-12-14T06:20:48.291+0000] {dagbag.py:538} INFO - Filling up the DagBag from /home/airflow/.local/lib/python3.7/site-packages/airflow/example_dags/example_branch_operator.py
[2022-12-14T06:20:48.449+0000] {processor.py:753} INFO - DAG(s) dict_keys(['example_branch_operator']) retrieved from /home/airflow/.local/lib/python3.7/site-packages/airflow/example_dags/example_branch_operator.py
[2022-12-14T06:20:48.785+0000] {logging_mixin.py:137} INFO - [2022-12-14T06:20:48.768+0000] {dag.py:2676} INFO - Sync 1 DAGs
[2022-12-14T06:20:48.982+0000] {logging_mixin.py:137} INFO - [2022-12-14T06:20:48.982+0000] {dag.py:3427} INFO - Setting next_dagrun for example_branch_operator to 2022-12-13T00:00:00+00:00, run_after=2022-12-14T00:00:00+00:00
[2022-12-14T06:20:49.157+0000] {processor.py:175} INFO - Processing /home/airflow/.local/lib/python3.7/site-packages/airflow/example_dags/example_branch_operator.py took 0.918 seconds
[2022-12-14T06:21:19.318+0000] {processor.py:153} INFO - Started process (PID=186) to work on /home/airflow/.local/lib/python3.7/site-packages/airflow/example_dags/example_branch_operator.py
[2022-12-14T06:21:19.326+0000] {processor.py:743} INFO - Processing file /home/airflow/.local/lib/python3.7/site-packages/airflow/example_dags/example_branch_operator.py for tasks to queue
[2022-12-14T06:21:19.329+0000] {logging_mixin.py:137} INFO - [2022-12-14T06:21:19.328+0000] {dagbag.py:538} INFO - Filling up the DagBag from /home/airflow/.local/lib/python3.7/site-packages/airflow/example_dags/example_branch_operator.py
[2022-12-14T06:21:19.407+0000] {processor.py:753} INFO - DAG(s) dict_keys(['example_branch_operator']) retrieved from /home/airflow/.local/lib/python3.7/site-packages/airflow/example_dags/example_branch_operator.py
[2022-12-14T06:21:19.687+0000] {logging_mixin.py:137} INFO - [2022-12-14T06:21:19.687+0000] {dag.py:2676} INFO - Sync 1 DAGs
[2022-12-14T06:21:19.828+0000] {logging_mixin.py:137} INFO - [2022-12-14T06:21:19.828+0000] {dag.py:3427} INFO - Setting next_dagrun for example_branch_operator to 2022-12-13T00:00:00+00:00, run_after=2022-12-14T00:00:00+00:00
[2022-12-14T06:21:19.928+0000] {processor.py:175} INFO - Processing /home/airflow/.local/lib/python3.7/site-packages/airflow/example_dags/example_branch_operator.py took 0.624 seconds
[2022-12-14T06:21:51.456+0000] {processor.py:153} INFO - Started process (PID=272) to work on /home/airflow/.local/lib/python3.7/site-packages/airflow/example_dags/example_branch_operator.py
[2022-12-14T06:21:51.459+0000] {processor.py:743} INFO - Processing file /home/airflow/.local/lib/python3.7/site-packages/airflow/example_dags/example_branch_operator.py for tasks to queue
[2022-12-14T06:21:51.461+0000] {logging_mixin.py:137} INFO - [2022-12-14T06:21:51.461+0000] {dagbag.py:538} INFO - Filling up the DagBag from /home/airflow/.local/lib/python3.7/site-packages/airflow/example_dags/example_branch_operator.py
[2022-12-14T06:21:51.525+0000] {processor.py:753} INFO - DAG(s) dict_keys(['example_branch_operator']) retrieved from /home/airflow/.local/lib/python3.7/site-packages/airflow/example_dags/example_branch_operator.py
[2022-12-14T06:21:51.743+0000] {logging_mixin.py:137} INFO - [2022-12-14T06:21:51.743+0000] {dag.py:2676} INFO - Sync 1 DAGs
[2022-12-14T06:21:51.861+0000] {logging_mixin.py:137} INFO - [2022-12-14T06:21:51.861+0000] {dag.py:3427} INFO - Setting next_dagrun for example_branch_operator to 2022-12-13T00:00:00+00:00, run_after=2022-12-14T00:00:00+00:00
[2022-12-14T06:21:51.916+0000] {processor.py:175} INFO - Processing /home/airflow/.local/lib/python3.7/site-packages/airflow/example_dags/example_branch_operator.py took 0.467 seconds
[2022-12-14T06:22:23.879+0000] {processor.py:153} INFO - Started process (PID=339) to work on /home/airflow/.local/lib/python3.7/site-packages/airflow/example_dags/example_branch_operator.py
[2022-12-14T06:22:23.883+0000] {processor.py:743} INFO - Processing file /home/airflow/.local/lib/python3.7/site-packages/airflow/example_dags/example_branch_operator.py for tasks to queue
[2022-12-14T06:22:23.888+0000] {logging_mixin.py:137} INFO - [2022-12-14T06:22:23.888+0000] {dagbag.py:538} INFO - Filling up the DagBag from /home/airflow/.local/lib/python3.7/site-packages/airflow/example_dags/example_branch_operator.py
[2022-12-14T06:22:23.920+0000] {processor.py:753} INFO - DAG(s) dict_keys(['example_branch_operator']) retrieved from /home/airflow/.local/lib/python3.7/site-packages/airflow/example_dags/example_branch_operator.py
[2022-12-14T06:22:24.039+0000] {logging_mixin.py:137} INFO - [2022-12-14T06:22:24.039+0000] {dag.py:2676} INFO - Sync 1 DAGs
[2022-12-14T06:22:24.128+0000] {logging_mixin.py:137} INFO - [2022-12-14T06:22:24.128+0000] {dag.py:3427} INFO - Setting next_dagrun for example_branch_operator to 2022-12-13T00:00:00+00:00, run_after=2022-12-14T00:00:00+00:00
[2022-12-14T06:22:24.285+0000] {processor.py:175} INFO - Processing /home/airflow/.local/lib/python3.7/site-packages/airflow/example_dags/example_branch_operator.py took 0.424 seconds
[2022-12-14T06:24:50.256+0000] {processor.py:153} INFO - Started process (PID=478) to work on /home/airflow/.local/lib/python3.7/site-packages/airflow/example_dags/example_branch_operator.py
[2022-12-14T06:24:50.560+0000] {processor.py:743} INFO - Processing file /home/airflow/.local/lib/python3.7/site-packages/airflow/example_dags/example_branch_operator.py for tasks to queue
[2022-12-14T06:24:50.599+0000] {logging_mixin.py:137} INFO - [2022-12-14T06:24:50.599+0000] {dagbag.py:538} INFO - Filling up the DagBag from /home/airflow/.local/lib/python3.7/site-packages/airflow/example_dags/example_branch_operator.py
[2022-12-14T06:24:59.420+0000] {processor.py:753} INFO - DAG(s) dict_keys(['example_branch_operator']) retrieved from /home/airflow/.local/lib/python3.7/site-packages/airflow/example_dags/example_branch_operator.py
[2022-12-14T06:25:22.077+0000] {logging_mixin.py:137} INFO - [2022-12-14T06:25:21.174+0000] {dag.py:2676} INFO - Sync 1 DAGs
[2022-12-14T06:25:28.101+0000] {logging_mixin.py:137} INFO - [2022-12-14T06:25:28.023+0000] {dag.py:3427} INFO - Setting next_dagrun for example_branch_operator to 2022-12-13T00:00:00+00:00, run_after=2022-12-14T00:00:00+00:00
[2022-12-14T06:48:57.485+0000] {processor.py:153} INFO - Started process (PID=155) to work on /home/airflow/.local/lib/python3.7/site-packages/airflow/example_dags/example_branch_operator.py
[2022-12-14T06:48:57.598+0000] {processor.py:743} INFO - Processing file /home/airflow/.local/lib/python3.7/site-packages/airflow/example_dags/example_branch_operator.py for tasks to queue
[2022-12-14T06:48:57.623+0000] {logging_mixin.py:137} INFO - [2022-12-14T06:48:57.621+0000] {dagbag.py:538} INFO - Filling up the DagBag from /home/airflow/.local/lib/python3.7/site-packages/airflow/example_dags/example_branch_operator.py
[2022-12-14T06:49:06.081+0000] {processor.py:753} INFO - DAG(s) dict_keys(['example_branch_operator']) retrieved from /home/airflow/.local/lib/python3.7/site-packages/airflow/example_dags/example_branch_operator.py
