[2022-12-14T06:20:50.063+0000] {processor.py:153} INFO - Started process (PID=122) to work on /home/airflow/.local/lib/python3.7/site-packages/airflow/example_dags/example_branch_python_dop_operator_3.py
[2022-12-14T06:20:50.068+0000] {processor.py:743} INFO - Processing file /home/airflow/.local/lib/python3.7/site-packages/airflow/example_dags/example_branch_python_dop_operator_3.py for tasks to queue
[2022-12-14T06:20:50.073+0000] {logging_mixin.py:137} INFO - [2022-12-14T06:20:50.072+0000] {dagbag.py:538} INFO - Filling up the DagBag from /home/airflow/.local/lib/python3.7/site-packages/airflow/example_dags/example_branch_python_dop_operator_3.py
[2022-12-14T06:20:50.301+0000] {processor.py:753} INFO - DAG(s) dict_keys(['example_branch_dop_operator_v3']) retrieved from /home/airflow/.local/lib/python3.7/site-packages/airflow/example_dags/example_branch_python_dop_operator_3.py
[2022-12-14T06:20:50.848+0000] {logging_mixin.py:137} INFO - [2022-12-14T06:20:50.848+0000] {dag.py:2676} INFO - Sync 1 DAGs
[2022-12-14T06:20:51.052+0000] {logging_mixin.py:137} INFO - [2022-12-14T06:20:51.052+0000] {dag.py:3427} INFO - Setting next_dagrun for example_branch_dop_operator_v3 to 2022-12-14T06:19:00+00:00, run_after=2022-12-14T06:20:00+00:00
[2022-12-14T06:20:51.122+0000] {processor.py:175} INFO - Processing /home/airflow/.local/lib/python3.7/site-packages/airflow/example_dags/example_branch_python_dop_operator_3.py took 1.087 seconds
[2022-12-14T06:21:21.568+0000] {processor.py:153} INFO - Started process (PID=198) to work on /home/airflow/.local/lib/python3.7/site-packages/airflow/example_dags/example_branch_python_dop_operator_3.py
[2022-12-14T06:21:21.592+0000] {processor.py:743} INFO - Processing file /home/airflow/.local/lib/python3.7/site-packages/airflow/example_dags/example_branch_python_dop_operator_3.py for tasks to queue
[2022-12-14T06:21:21.598+0000] {logging_mixin.py:137} INFO - [2022-12-14T06:21:21.596+0000] {dagbag.py:538} INFO - Filling up the DagBag from /home/airflow/.local/lib/python3.7/site-packages/airflow/example_dags/example_branch_python_dop_operator_3.py
[2022-12-14T06:21:22.175+0000] {processor.py:753} INFO - DAG(s) dict_keys(['example_branch_dop_operator_v3']) retrieved from /home/airflow/.local/lib/python3.7/site-packages/airflow/example_dags/example_branch_python_dop_operator_3.py
[2022-12-14T06:21:22.554+0000] {logging_mixin.py:137} INFO - [2022-12-14T06:21:22.554+0000] {dag.py:2676} INFO - Sync 1 DAGs
[2022-12-14T06:21:22.893+0000] {logging_mixin.py:137} INFO - [2022-12-14T06:21:22.893+0000] {dag.py:3427} INFO - Setting next_dagrun for example_branch_dop_operator_v3 to 2022-12-14T06:20:00+00:00, run_after=2022-12-14T06:21:00+00:00
[2022-12-14T06:21:23.075+0000] {processor.py:175} INFO - Processing /home/airflow/.local/lib/python3.7/site-packages/airflow/example_dags/example_branch_python_dop_operator_3.py took 1.549 seconds
[2022-12-14T06:21:53.739+0000] {processor.py:153} INFO - Started process (PID=279) to work on /home/airflow/.local/lib/python3.7/site-packages/airflow/example_dags/example_branch_python_dop_operator_3.py
[2022-12-14T06:21:53.751+0000] {processor.py:743} INFO - Processing file /home/airflow/.local/lib/python3.7/site-packages/airflow/example_dags/example_branch_python_dop_operator_3.py for tasks to queue
[2022-12-14T06:21:53.757+0000] {logging_mixin.py:137} INFO - [2022-12-14T06:21:53.757+0000] {dagbag.py:538} INFO - Filling up the DagBag from /home/airflow/.local/lib/python3.7/site-packages/airflow/example_dags/example_branch_python_dop_operator_3.py
[2022-12-14T06:21:53.937+0000] {processor.py:753} INFO - DAG(s) dict_keys(['example_branch_dop_operator_v3']) retrieved from /home/airflow/.local/lib/python3.7/site-packages/airflow/example_dags/example_branch_python_dop_operator_3.py
[2022-12-14T06:21:54.017+0000] {logging_mixin.py:137} INFO - [2022-12-14T06:21:54.017+0000] {dag.py:2676} INFO - Sync 1 DAGs
[2022-12-14T06:21:54.161+0000] {logging_mixin.py:137} INFO - [2022-12-14T06:21:54.161+0000] {dag.py:3427} INFO - Setting next_dagrun for example_branch_dop_operator_v3 to 2022-12-14T06:20:00+00:00, run_after=2022-12-14T06:21:00+00:00
[2022-12-14T06:21:54.251+0000] {processor.py:175} INFO - Processing /home/airflow/.local/lib/python3.7/site-packages/airflow/example_dags/example_branch_python_dop_operator_3.py took 0.519 seconds
[2022-12-14T06:22:25.116+0000] {processor.py:153} INFO - Started process (PID=350) to work on /home/airflow/.local/lib/python3.7/site-packages/airflow/example_dags/example_branch_python_dop_operator_3.py
[2022-12-14T06:22:25.144+0000] {processor.py:743} INFO - Processing file /home/airflow/.local/lib/python3.7/site-packages/airflow/example_dags/example_branch_python_dop_operator_3.py for tasks to queue
[2022-12-14T06:22:25.154+0000] {logging_mixin.py:137} INFO - [2022-12-14T06:22:25.154+0000] {dagbag.py:538} INFO - Filling up the DagBag from /home/airflow/.local/lib/python3.7/site-packages/airflow/example_dags/example_branch_python_dop_operator_3.py
[2022-12-14T06:22:25.507+0000] {processor.py:753} INFO - DAG(s) dict_keys(['example_branch_dop_operator_v3']) retrieved from /home/airflow/.local/lib/python3.7/site-packages/airflow/example_dags/example_branch_python_dop_operator_3.py
[2022-12-14T06:22:26.010+0000] {logging_mixin.py:137} INFO - [2022-12-14T06:22:26.009+0000] {dag.py:2676} INFO - Sync 1 DAGs
[2022-12-14T06:22:26.121+0000] {logging_mixin.py:137} INFO - [2022-12-14T06:22:26.120+0000] {dag.py:3427} INFO - Setting next_dagrun for example_branch_dop_operator_v3 to 2022-12-14T06:21:00+00:00, run_after=2022-12-14T06:22:00+00:00
[2022-12-14T06:22:26.346+0000] {processor.py:175} INFO - Processing /home/airflow/.local/lib/python3.7/site-packages/airflow/example_dags/example_branch_python_dop_operator_3.py took 1.255 seconds
[2022-12-14T06:25:53.488+0000] {processor.py:153} INFO - Started process (PID=498) to work on /home/airflow/.local/lib/python3.7/site-packages/airflow/example_dags/example_branch_python_dop_operator_3.py
[2022-12-14T06:25:54.059+0000] {processor.py:743} INFO - Processing file /home/airflow/.local/lib/python3.7/site-packages/airflow/example_dags/example_branch_python_dop_operator_3.py for tasks to queue
[2022-12-14T06:25:54.321+0000] {logging_mixin.py:137} INFO - [2022-12-14T06:25:54.321+0000] {dagbag.py:538} INFO - Filling up the DagBag from /home/airflow/.local/lib/python3.7/site-packages/airflow/example_dags/example_branch_python_dop_operator_3.py
[2022-12-14T06:26:14.287+0000] {processor.py:753} INFO - DAG(s) dict_keys(['example_branch_dop_operator_v3']) retrieved from /home/airflow/.local/lib/python3.7/site-packages/airflow/example_dags/example_branch_python_dop_operator_3.py
[2022-12-14T06:50:11.526+0000] {processor.py:153} INFO - Started process (PID=168) to work on /home/airflow/.local/lib/python3.7/site-packages/airflow/example_dags/example_branch_python_dop_operator_3.py
[2022-12-14T06:50:11.533+0000] {processor.py:743} INFO - Processing file /home/airflow/.local/lib/python3.7/site-packages/airflow/example_dags/example_branch_python_dop_operator_3.py for tasks to queue
[2022-12-14T06:50:11.543+0000] {logging_mixin.py:137} INFO - [2022-12-14T06:50:11.540+0000] {dagbag.py:538} INFO - Filling up the DagBag from /home/airflow/.local/lib/python3.7/site-packages/airflow/example_dags/example_branch_python_dop_operator_3.py
[2022-12-14T06:50:13.843+0000] {processor.py:753} INFO - DAG(s) dict_keys(['example_branch_dop_operator_v3']) retrieved from /home/airflow/.local/lib/python3.7/site-packages/airflow/example_dags/example_branch_python_dop_operator_3.py
[2022-12-14T06:50:16.481+0000] {logging_mixin.py:137} INFO - [2022-12-14T06:50:16.478+0000] {dag.py:2676} INFO - Sync 1 DAGs
