[2022-12-14T06:20:41.576+0000] {processor.py:153} INFO - Started process (PID=96) to work on /home/airflow/.local/lib/python3.7/site-packages/airflow/example_dags/example_datasets.py
[2022-12-14T06:20:41.581+0000] {processor.py:743} INFO - Processing file /home/airflow/.local/lib/python3.7/site-packages/airflow/example_dags/example_datasets.py for tasks to queue
[2022-12-14T06:20:41.583+0000] {logging_mixin.py:137} INFO - [2022-12-14T06:20:41.582+0000] {dagbag.py:538} INFO - Filling up the DagBag from /home/airflow/.local/lib/python3.7/site-packages/airflow/example_dags/example_datasets.py
[2022-12-14T06:20:41.664+0000] {processor.py:753} INFO - DAG(s) dict_keys(['dataset_consumes_unknown_never_scheduled', 'dataset_consumes_1_never_scheduled', 'dataset_produces_2', 'dataset_produces_1', 'dataset_consumes_1_and_2', 'dataset_consumes_1']) retrieved from /home/airflow/.local/lib/python3.7/site-packages/airflow/example_dags/example_datasets.py
[2022-12-14T06:20:42.001+0000] {logging_mixin.py:137} INFO - [2022-12-14T06:20:42.001+0000] {dag.py:2676} INFO - Sync 6 DAGs
[2022-12-14T06:20:42.088+0000] {logging_mixin.py:137} INFO - [2022-12-14T06:20:42.087+0000] {dag.py:3427} INFO - Setting next_dagrun for dataset_consumes_1 to None, run_after=None
[2022-12-14T06:20:42.101+0000] {logging_mixin.py:137} INFO - [2022-12-14T06:20:42.101+0000] {dag.py:3427} INFO - Setting next_dagrun for dataset_consumes_1_and_2 to None, run_after=None
[2022-12-14T06:20:42.105+0000] {logging_mixin.py:137} INFO - [2022-12-14T06:20:42.104+0000] {dag.py:3427} INFO - Setting next_dagrun for dataset_consumes_1_never_scheduled to None, run_after=None
[2022-12-14T06:20:42.115+0000] {logging_mixin.py:137} INFO - [2022-12-14T06:20:42.115+0000] {dag.py:3427} INFO - Setting next_dagrun for dataset_consumes_unknown_never_scheduled to None, run_after=None
[2022-12-14T06:20:42.134+0000] {logging_mixin.py:137} INFO - [2022-12-14T06:20:42.134+0000] {dag.py:3427} INFO - Setting next_dagrun for dataset_produces_1 to 2022-12-13T00:00:00+00:00, run_after=2022-12-14T00:00:00+00:00
[2022-12-14T06:20:42.142+0000] {logging_mixin.py:137} INFO - [2022-12-14T06:20:42.142+0000] {dag.py:3427} INFO - Setting next_dagrun for dataset_produces_2 to None, run_after=None
[2022-12-14T06:20:42.253+0000] {processor.py:175} INFO - Processing /home/airflow/.local/lib/python3.7/site-packages/airflow/example_dags/example_datasets.py took 0.681 seconds
[2022-12-14T06:21:12.576+0000] {processor.py:153} INFO - Started process (PID=172) to work on /home/airflow/.local/lib/python3.7/site-packages/airflow/example_dags/example_datasets.py
[2022-12-14T06:21:12.579+0000] {processor.py:743} INFO - Processing file /home/airflow/.local/lib/python3.7/site-packages/airflow/example_dags/example_datasets.py for tasks to queue
[2022-12-14T06:21:12.584+0000] {logging_mixin.py:137} INFO - [2022-12-14T06:21:12.583+0000] {dagbag.py:538} INFO - Filling up the DagBag from /home/airflow/.local/lib/python3.7/site-packages/airflow/example_dags/example_datasets.py
[2022-12-14T06:21:12.627+0000] {processor.py:753} INFO - DAG(s) dict_keys(['dataset_consumes_unknown_never_scheduled', 'dataset_produces_1', 'dataset_consumes_1_never_scheduled', 'dataset_consumes_1_and_2', 'dataset_produces_2', 'dataset_consumes_1']) retrieved from /home/airflow/.local/lib/python3.7/site-packages/airflow/example_dags/example_datasets.py
[2022-12-14T06:21:13.069+0000] {logging_mixin.py:137} INFO - [2022-12-14T06:21:13.069+0000] {dag.py:2676} INFO - Sync 6 DAGs
[2022-12-14T06:21:13.134+0000] {logging_mixin.py:137} INFO - [2022-12-14T06:21:13.133+0000] {dag.py:3427} INFO - Setting next_dagrun for dataset_consumes_1 to None, run_after=None
[2022-12-14T06:21:13.153+0000] {logging_mixin.py:137} INFO - [2022-12-14T06:21:13.153+0000] {dag.py:3427} INFO - Setting next_dagrun for dataset_consumes_1_and_2 to None, run_after=None
[2022-12-14T06:21:13.161+0000] {logging_mixin.py:137} INFO - [2022-12-14T06:21:13.161+0000] {dag.py:3427} INFO - Setting next_dagrun for dataset_consumes_1_never_scheduled to None, run_after=None
[2022-12-14T06:21:13.167+0000] {logging_mixin.py:137} INFO - [2022-12-14T06:21:13.167+0000] {dag.py:3427} INFO - Setting next_dagrun for dataset_consumes_unknown_never_scheduled to None, run_after=None
[2022-12-14T06:21:13.175+0000] {logging_mixin.py:137} INFO - [2022-12-14T06:21:13.174+0000] {dag.py:3427} INFO - Setting next_dagrun for dataset_produces_1 to 2022-12-13T00:00:00+00:00, run_after=2022-12-14T00:00:00+00:00
[2022-12-14T06:21:13.179+0000] {logging_mixin.py:137} INFO - [2022-12-14T06:21:13.178+0000] {dag.py:3427} INFO - Setting next_dagrun for dataset_produces_2 to None, run_after=None
[2022-12-14T06:21:13.302+0000] {processor.py:175} INFO - Processing /home/airflow/.local/lib/python3.7/site-packages/airflow/example_dags/example_datasets.py took 0.760 seconds
[2022-12-14T06:21:44.348+0000] {processor.py:153} INFO - Started process (PID=249) to work on /home/airflow/.local/lib/python3.7/site-packages/airflow/example_dags/example_datasets.py
[2022-12-14T06:21:44.397+0000] {processor.py:743} INFO - Processing file /home/airflow/.local/lib/python3.7/site-packages/airflow/example_dags/example_datasets.py for tasks to queue
[2022-12-14T06:21:44.404+0000] {logging_mixin.py:137} INFO - [2022-12-14T06:21:44.403+0000] {dagbag.py:538} INFO - Filling up the DagBag from /home/airflow/.local/lib/python3.7/site-packages/airflow/example_dags/example_datasets.py
[2022-12-14T06:21:44.479+0000] {processor.py:753} INFO - DAG(s) dict_keys(['dataset_consumes_1', 'dataset_produces_1', 'dataset_produces_2', 'dataset_consumes_unknown_never_scheduled', 'dataset_consumes_1_and_2', 'dataset_consumes_1_never_scheduled']) retrieved from /home/airflow/.local/lib/python3.7/site-packages/airflow/example_dags/example_datasets.py
[2022-12-14T06:21:44.756+0000] {logging_mixin.py:137} INFO - [2022-12-14T06:21:44.756+0000] {dag.py:2676} INFO - Sync 6 DAGs
[2022-12-14T06:21:44.848+0000] {logging_mixin.py:137} INFO - [2022-12-14T06:21:44.848+0000] {dag.py:3427} INFO - Setting next_dagrun for dataset_consumes_1 to None, run_after=None
[2022-12-14T06:21:44.866+0000] {logging_mixin.py:137} INFO - [2022-12-14T06:21:44.866+0000] {dag.py:3427} INFO - Setting next_dagrun for dataset_consumes_1_and_2 to None, run_after=None
[2022-12-14T06:21:44.893+0000] {logging_mixin.py:137} INFO - [2022-12-14T06:21:44.893+0000] {dag.py:3427} INFO - Setting next_dagrun for dataset_consumes_1_never_scheduled to None, run_after=None
[2022-12-14T06:21:44.898+0000] {logging_mixin.py:137} INFO - [2022-12-14T06:21:44.897+0000] {dag.py:3427} INFO - Setting next_dagrun for dataset_consumes_unknown_never_scheduled to None, run_after=None
[2022-12-14T06:21:44.916+0000] {logging_mixin.py:137} INFO - [2022-12-14T06:21:44.916+0000] {dag.py:3427} INFO - Setting next_dagrun for dataset_produces_1 to 2022-12-13T00:00:00+00:00, run_after=2022-12-14T00:00:00+00:00
[2022-12-14T06:21:44.922+0000] {logging_mixin.py:137} INFO - [2022-12-14T06:21:44.922+0000] {dag.py:3427} INFO - Setting next_dagrun for dataset_produces_2 to None, run_after=None
[2022-12-14T06:21:45.023+0000] {processor.py:175} INFO - Processing /home/airflow/.local/lib/python3.7/site-packages/airflow/example_dags/example_datasets.py took 0.681 seconds
[2022-12-14T06:22:15.200+0000] {processor.py:153} INFO - Started process (PID=326) to work on /home/airflow/.local/lib/python3.7/site-packages/airflow/example_dags/example_datasets.py
[2022-12-14T06:22:15.204+0000] {processor.py:743} INFO - Processing file /home/airflow/.local/lib/python3.7/site-packages/airflow/example_dags/example_datasets.py for tasks to queue
[2022-12-14T06:22:15.207+0000] {logging_mixin.py:137} INFO - [2022-12-14T06:22:15.207+0000] {dagbag.py:538} INFO - Filling up the DagBag from /home/airflow/.local/lib/python3.7/site-packages/airflow/example_dags/example_datasets.py
[2022-12-14T06:22:15.253+0000] {processor.py:753} INFO - DAG(s) dict_keys(['dataset_consumes_1_and_2', 'dataset_consumes_unknown_never_scheduled', 'dataset_produces_2', 'dataset_consumes_1_never_scheduled', 'dataset_produces_1', 'dataset_consumes_1']) retrieved from /home/airflow/.local/lib/python3.7/site-packages/airflow/example_dags/example_datasets.py
[2022-12-14T06:22:15.355+0000] {logging_mixin.py:137} INFO - [2022-12-14T06:22:15.354+0000] {dag.py:2676} INFO - Sync 6 DAGs
[2022-12-14T06:22:15.389+0000] {logging_mixin.py:137} INFO - [2022-12-14T06:22:15.389+0000] {dag.py:3427} INFO - Setting next_dagrun for dataset_consumes_1 to None, run_after=None
[2022-12-14T06:22:15.397+0000] {logging_mixin.py:137} INFO - [2022-12-14T06:22:15.397+0000] {dag.py:3427} INFO - Setting next_dagrun for dataset_consumes_1_and_2 to None, run_after=None
[2022-12-14T06:22:15.400+0000] {logging_mixin.py:137} INFO - [2022-12-14T06:22:15.400+0000] {dag.py:3427} INFO - Setting next_dagrun for dataset_consumes_1_never_scheduled to None, run_after=None
[2022-12-14T06:22:15.404+0000] {logging_mixin.py:137} INFO - [2022-12-14T06:22:15.404+0000] {dag.py:3427} INFO - Setting next_dagrun for dataset_consumes_unknown_never_scheduled to None, run_after=None
[2022-12-14T06:22:15.408+0000] {logging_mixin.py:137} INFO - [2022-12-14T06:22:15.408+0000] {dag.py:3427} INFO - Setting next_dagrun for dataset_produces_1 to 2022-12-13T00:00:00+00:00, run_after=2022-12-14T00:00:00+00:00
[2022-12-14T06:22:15.410+0000] {logging_mixin.py:137} INFO - [2022-12-14T06:22:15.410+0000] {dag.py:3427} INFO - Setting next_dagrun for dataset_produces_2 to None, run_after=None
[2022-12-14T06:22:15.449+0000] {processor.py:175} INFO - Processing /home/airflow/.local/lib/python3.7/site-packages/airflow/example_dags/example_datasets.py took 0.258 seconds
[2022-12-14T06:23:35.645+0000] {processor.py:153} INFO - Started process (PID=426) to work on /home/airflow/.local/lib/python3.7/site-packages/airflow/example_dags/example_datasets.py
[2022-12-14T06:23:35.687+0000] {processor.py:743} INFO - Processing file /home/airflow/.local/lib/python3.7/site-packages/airflow/example_dags/example_datasets.py for tasks to queue
[2022-12-14T06:23:35.700+0000] {logging_mixin.py:137} INFO - [2022-12-14T06:23:35.699+0000] {dagbag.py:538} INFO - Filling up the DagBag from /home/airflow/.local/lib/python3.7/site-packages/airflow/example_dags/example_datasets.py
[2022-12-14T06:23:36.219+0000] {processor.py:753} INFO - DAG(s) dict_keys(['dataset_produces_1', 'dataset_consumes_1_never_scheduled', 'dataset_consumes_1_and_2', 'dataset_consumes_1', 'dataset_produces_2', 'dataset_consumes_unknown_never_scheduled']) retrieved from /home/airflow/.local/lib/python3.7/site-packages/airflow/example_dags/example_datasets.py
[2022-12-14T06:23:41.339+0000] {logging_mixin.py:137} INFO - [2022-12-14T06:23:41.338+0000] {dag.py:2676} INFO - Sync 6 DAGs
[2022-12-14T06:23:42.273+0000] {logging_mixin.py:137} INFO - [2022-12-14T06:23:42.273+0000] {dag.py:3427} INFO - Setting next_dagrun for dataset_consumes_1 to None, run_after=None
[2022-12-14T06:23:42.299+0000] {logging_mixin.py:137} INFO - [2022-12-14T06:23:42.299+0000] {dag.py:3427} INFO - Setting next_dagrun for dataset_consumes_1_and_2 to None, run_after=None
[2022-12-14T06:23:42.319+0000] {logging_mixin.py:137} INFO - [2022-12-14T06:23:42.319+0000] {dag.py:3427} INFO - Setting next_dagrun for dataset_consumes_1_never_scheduled to None, run_after=None
[2022-12-14T06:23:42.360+0000] {logging_mixin.py:137} INFO - [2022-12-14T06:23:42.359+0000] {dag.py:3427} INFO - Setting next_dagrun for dataset_consumes_unknown_never_scheduled to None, run_after=None
[2022-12-14T06:23:42.422+0000] {logging_mixin.py:137} INFO - [2022-12-14T06:23:42.422+0000] {dag.py:3427} INFO - Setting next_dagrun for dataset_produces_1 to 2022-12-13T00:00:00+00:00, run_after=2022-12-14T00:00:00+00:00
[2022-12-14T06:23:42.520+0000] {logging_mixin.py:137} INFO - [2022-12-14T06:23:42.519+0000] {dag.py:3427} INFO - Setting next_dagrun for dataset_produces_2 to None, run_after=None
[2022-12-14T06:23:43.632+0000] {processor.py:175} INFO - Processing /home/airflow/.local/lib/python3.7/site-packages/airflow/example_dags/example_datasets.py took 8.057 seconds
[2022-12-14T06:47:04.129+0000] {processor.py:153} INFO - Started process (PID=117) to work on /home/airflow/.local/lib/python3.7/site-packages/airflow/example_dags/example_datasets.py
[2022-12-14T06:47:04.201+0000] {processor.py:743} INFO - Processing file /home/airflow/.local/lib/python3.7/site-packages/airflow/example_dags/example_datasets.py for tasks to queue
[2022-12-14T06:47:04.209+0000] {logging_mixin.py:137} INFO - [2022-12-14T06:47:04.208+0000] {dagbag.py:538} INFO - Filling up the DagBag from /home/airflow/.local/lib/python3.7/site-packages/airflow/example_dags/example_datasets.py
[2022-12-14T06:47:04.588+0000] {processor.py:753} INFO - DAG(s) dict_keys(['dataset_consumes_1_and_2', 'dataset_consumes_1_never_scheduled', 'dataset_consumes_unknown_never_scheduled', 'dataset_produces_2', 'dataset_produces_1', 'dataset_consumes_1']) retrieved from /home/airflow/.local/lib/python3.7/site-packages/airflow/example_dags/example_datasets.py
[2022-12-14T06:47:05.962+0000] {logging_mixin.py:137} INFO - [2022-12-14T06:47:05.961+0000] {dag.py:2676} INFO - Sync 6 DAGs
[2022-12-14T06:47:06.261+0000] {logging_mixin.py:137} INFO - [2022-12-14T06:47:06.260+0000] {dag.py:3427} INFO - Setting next_dagrun for dataset_consumes_1 to None, run_after=None
[2022-12-14T06:47:06.302+0000] {logging_mixin.py:137} INFO - [2022-12-14T06:47:06.301+0000] {dag.py:3427} INFO - Setting next_dagrun for dataset_consumes_1_and_2 to None, run_after=None
[2022-12-14T06:47:06.376+0000] {logging_mixin.py:137} INFO - [2022-12-14T06:47:06.376+0000] {dag.py:3427} INFO - Setting next_dagrun for dataset_consumes_1_never_scheduled to None, run_after=None
[2022-12-14T06:47:06.402+0000] {logging_mixin.py:137} INFO - [2022-12-14T06:47:06.401+0000] {dag.py:3427} INFO - Setting next_dagrun for dataset_consumes_unknown_never_scheduled to None, run_after=None
[2022-12-14T06:47:06.421+0000] {logging_mixin.py:137} INFO - [2022-12-14T06:47:06.421+0000] {dag.py:3427} INFO - Setting next_dagrun for dataset_produces_1 to 2022-12-13T00:00:00+00:00, run_after=2022-12-14T00:00:00+00:00
[2022-12-14T06:47:06.468+0000] {logging_mixin.py:137} INFO - [2022-12-14T06:47:06.467+0000] {dag.py:3427} INFO - Setting next_dagrun for dataset_produces_2 to None, run_after=None
[2022-12-14T06:47:07.031+0000] {processor.py:175} INFO - Processing /home/airflow/.local/lib/python3.7/site-packages/airflow/example_dags/example_datasets.py took 2.910 seconds
