[2022-12-14T06:20:49.423+0000] {processor.py:153} INFO - Started process (PID=121) to work on /home/airflow/.local/lib/python3.7/site-packages/airflow/example_dags/example_short_circuit_operator.py
[2022-12-14T06:20:49.438+0000] {processor.py:743} INFO - Processing file /home/airflow/.local/lib/python3.7/site-packages/airflow/example_dags/example_short_circuit_operator.py for tasks to queue
[2022-12-14T06:20:49.446+0000] {logging_mixin.py:137} INFO - [2022-12-14T06:20:49.444+0000] {dagbag.py:538} INFO - Filling up the DagBag from /home/airflow/.local/lib/python3.7/site-packages/airflow/example_dags/example_short_circuit_operator.py
[2022-12-14T06:20:49.538+0000] {processor.py:753} INFO - DAG(s) dict_keys(['example_short_circuit_operator']) retrieved from /home/airflow/.local/lib/python3.7/site-packages/airflow/example_dags/example_short_circuit_operator.py
[2022-12-14T06:20:49.812+0000] {logging_mixin.py:137} INFO - [2022-12-14T06:20:49.811+0000] {dag.py:2676} INFO - Sync 1 DAGs
[2022-12-14T06:20:49.880+0000] {logging_mixin.py:137} INFO - [2022-12-14T06:20:49.880+0000] {dag.py:3427} INFO - Setting next_dagrun for example_short_circuit_operator to 2022-12-13T06:20:49.880424+00:00, run_after=2022-12-14T06:20:49.880424+00:00
[2022-12-14T06:20:49.921+0000] {processor.py:175} INFO - Processing /home/airflow/.local/lib/python3.7/site-packages/airflow/example_dags/example_short_circuit_operator.py took 0.534 seconds
[2022-12-14T06:21:20.073+0000] {processor.py:153} INFO - Started process (PID=194) to work on /home/airflow/.local/lib/python3.7/site-packages/airflow/example_dags/example_short_circuit_operator.py
[2022-12-14T06:21:20.080+0000] {processor.py:743} INFO - Processing file /home/airflow/.local/lib/python3.7/site-packages/airflow/example_dags/example_short_circuit_operator.py for tasks to queue
[2022-12-14T06:21:20.085+0000] {logging_mixin.py:137} INFO - [2022-12-14T06:21:20.085+0000] {dagbag.py:538} INFO - Filling up the DagBag from /home/airflow/.local/lib/python3.7/site-packages/airflow/example_dags/example_short_circuit_operator.py
[2022-12-14T06:21:20.148+0000] {processor.py:753} INFO - DAG(s) dict_keys(['example_short_circuit_operator']) retrieved from /home/airflow/.local/lib/python3.7/site-packages/airflow/example_dags/example_short_circuit_operator.py
[2022-12-14T06:21:20.277+0000] {logging_mixin.py:137} INFO - [2022-12-14T06:21:20.277+0000] {dag.py:2676} INFO - Sync 1 DAGs
[2022-12-14T06:21:20.364+0000] {logging_mixin.py:137} INFO - [2022-12-14T06:21:20.364+0000] {dag.py:3427} INFO - Setting next_dagrun for example_short_circuit_operator to 2022-12-13T06:21:20.364226+00:00, run_after=2022-12-14T06:21:20.364226+00:00
[2022-12-14T06:21:20.465+0000] {processor.py:175} INFO - Processing /home/airflow/.local/lib/python3.7/site-packages/airflow/example_dags/example_short_circuit_operator.py took 0.396 seconds
[2022-12-14T06:21:51.452+0000] {processor.py:153} INFO - Started process (PID=273) to work on /home/airflow/.local/lib/python3.7/site-packages/airflow/example_dags/example_short_circuit_operator.py
[2022-12-14T06:21:51.455+0000] {processor.py:743} INFO - Processing file /home/airflow/.local/lib/python3.7/site-packages/airflow/example_dags/example_short_circuit_operator.py for tasks to queue
[2022-12-14T06:21:51.459+0000] {logging_mixin.py:137} INFO - [2022-12-14T06:21:51.458+0000] {dagbag.py:538} INFO - Filling up the DagBag from /home/airflow/.local/lib/python3.7/site-packages/airflow/example_dags/example_short_circuit_operator.py
[2022-12-14T06:21:51.504+0000] {processor.py:753} INFO - DAG(s) dict_keys(['example_short_circuit_operator']) retrieved from /home/airflow/.local/lib/python3.7/site-packages/airflow/example_dags/example_short_circuit_operator.py
[2022-12-14T06:21:51.641+0000] {logging_mixin.py:137} INFO - [2022-12-14T06:21:51.641+0000] {dag.py:2676} INFO - Sync 1 DAGs
[2022-12-14T06:21:51.822+0000] {logging_mixin.py:137} INFO - [2022-12-14T06:21:51.822+0000] {dag.py:3427} INFO - Setting next_dagrun for example_short_circuit_operator to 2022-12-13T06:21:51.821824+00:00, run_after=2022-12-14T06:21:51.821824+00:00
[2022-12-14T06:21:51.949+0000] {processor.py:175} INFO - Processing /home/airflow/.local/lib/python3.7/site-packages/airflow/example_dags/example_short_circuit_operator.py took 0.514 seconds
[2022-12-14T06:22:24.234+0000] {processor.py:153} INFO - Started process (PID=340) to work on /home/airflow/.local/lib/python3.7/site-packages/airflow/example_dags/example_short_circuit_operator.py
[2022-12-14T06:22:24.247+0000] {processor.py:743} INFO - Processing file /home/airflow/.local/lib/python3.7/site-packages/airflow/example_dags/example_short_circuit_operator.py for tasks to queue
[2022-12-14T06:22:24.251+0000] {logging_mixin.py:137} INFO - [2022-12-14T06:22:24.250+0000] {dagbag.py:538} INFO - Filling up the DagBag from /home/airflow/.local/lib/python3.7/site-packages/airflow/example_dags/example_short_circuit_operator.py
[2022-12-14T06:22:24.401+0000] {processor.py:753} INFO - DAG(s) dict_keys(['example_short_circuit_operator']) retrieved from /home/airflow/.local/lib/python3.7/site-packages/airflow/example_dags/example_short_circuit_operator.py
[2022-12-14T06:22:24.556+0000] {logging_mixin.py:137} INFO - [2022-12-14T06:22:24.556+0000] {dag.py:2676} INFO - Sync 1 DAGs
[2022-12-14T06:22:24.655+0000] {logging_mixin.py:137} INFO - [2022-12-14T06:22:24.655+0000] {dag.py:3427} INFO - Setting next_dagrun for example_short_circuit_operator to 2022-12-13T06:22:24.655188+00:00, run_after=2022-12-14T06:22:24.655188+00:00
[2022-12-14T06:22:24.760+0000] {processor.py:175} INFO - Processing /home/airflow/.local/lib/python3.7/site-packages/airflow/example_dags/example_short_circuit_operator.py took 0.543 seconds
[2022-12-14T06:25:53.593+0000] {processor.py:153} INFO - Started process (PID=497) to work on /home/airflow/.local/lib/python3.7/site-packages/airflow/example_dags/example_short_circuit_operator.py
[2022-12-14T06:25:54.019+0000] {processor.py:743} INFO - Processing file /home/airflow/.local/lib/python3.7/site-packages/airflow/example_dags/example_short_circuit_operator.py for tasks to queue
[2022-12-14T06:25:54.304+0000] {logging_mixin.py:137} INFO - [2022-12-14T06:25:54.304+0000] {dagbag.py:538} INFO - Filling up the DagBag from /home/airflow/.local/lib/python3.7/site-packages/airflow/example_dags/example_short_circuit_operator.py
[2022-12-14T06:26:01.777+0000] {processor.py:753} INFO - DAG(s) dict_keys(['example_short_circuit_operator']) retrieved from /home/airflow/.local/lib/python3.7/site-packages/airflow/example_dags/example_short_circuit_operator.py
[2022-12-14T06:26:26.444+0000] {logging_mixin.py:137} INFO - [2022-12-14T06:26:26.420+0000] {dag.py:2676} INFO - Sync 1 DAGs
[2022-12-14T06:49:51.698+0000] {processor.py:153} INFO - Started process (PID=157) to work on /home/airflow/.local/lib/python3.7/site-packages/airflow/example_dags/example_short_circuit_operator.py
[2022-12-14T06:49:51.723+0000] {processor.py:743} INFO - Processing file /home/airflow/.local/lib/python3.7/site-packages/airflow/example_dags/example_short_circuit_operator.py for tasks to queue
[2022-12-14T06:49:51.801+0000] {logging_mixin.py:137} INFO - [2022-12-14T06:49:51.800+0000] {dagbag.py:538} INFO - Filling up the DagBag from /home/airflow/.local/lib/python3.7/site-packages/airflow/example_dags/example_short_circuit_operator.py
[2022-12-14T06:50:05.368+0000] {processor.py:753} INFO - DAG(s) dict_keys(['example_short_circuit_operator']) retrieved from /home/airflow/.local/lib/python3.7/site-packages/airflow/example_dags/example_short_circuit_operator.py
[2022-12-14T06:50:08.421+0000] {logging_mixin.py:137} INFO - [2022-12-14T06:50:08.374+0000] {dag.py:2676} INFO - Sync 1 DAGs
[2022-12-14T06:50:09.651+0000] {logging_mixin.py:137} INFO - [2022-12-14T06:50:09.650+0000] {dag.py:3427} INFO - Setting next_dagrun for example_short_circuit_operator to 2022-12-13T06:50:09.627117+00:00, run_after=2022-12-14T06:50:09.627117+00:00
[2022-12-14T06:50:10.413+0000] {processor.py:175} INFO - Processing /home/airflow/.local/lib/python3.7/site-packages/airflow/example_dags/example_short_circuit_operator.py took 18.835 seconds
