[2022-12-14T06:20:32.255+0000] {processor.py:153} INFO - Started process (PID=84) to work on /home/airflow/.local/lib/python3.7/site-packages/airflow/example_dags/example_latest_only_with_trigger.py
[2022-12-14T06:20:32.323+0000] {processor.py:743} INFO - Processing file /home/airflow/.local/lib/python3.7/site-packages/airflow/example_dags/example_latest_only_with_trigger.py for tasks to queue
[2022-12-14T06:20:32.387+0000] {logging_mixin.py:137} INFO - [2022-12-14T06:20:32.386+0000] {dagbag.py:538} INFO - Filling up the DagBag from /home/airflow/.local/lib/python3.7/site-packages/airflow/example_dags/example_latest_only_with_trigger.py
[2022-12-14T06:20:34.132+0000] {processor.py:753} INFO - DAG(s) dict_keys(['latest_only_with_trigger']) retrieved from /home/airflow/.local/lib/python3.7/site-packages/airflow/example_dags/example_latest_only_with_trigger.py
[2022-12-14T06:20:35.319+0000] {logging_mixin.py:137} INFO - [2022-12-14T06:20:35.319+0000] {dag.py:2676} INFO - Sync 1 DAGs
[2022-12-14T06:20:35.648+0000] {logging_mixin.py:137} INFO - [2022-12-14T06:20:35.646+0000] {dag.py:3427} INFO - Setting next_dagrun for latest_only_with_trigger to 2022-12-14T02:20:35.629225+00:00, run_after=2022-12-14T06:20:35.629225+00:00
[2022-12-14T06:20:36.363+0000] {processor.py:175} INFO - Processing /home/airflow/.local/lib/python3.7/site-packages/airflow/example_dags/example_latest_only_with_trigger.py took 4.447 seconds
[2022-12-14T06:21:07.305+0000] {processor.py:153} INFO - Started process (PID=163) to work on /home/airflow/.local/lib/python3.7/site-packages/airflow/example_dags/example_latest_only_with_trigger.py
[2022-12-14T06:21:07.307+0000] {processor.py:743} INFO - Processing file /home/airflow/.local/lib/python3.7/site-packages/airflow/example_dags/example_latest_only_with_trigger.py for tasks to queue
[2022-12-14T06:21:07.309+0000] {logging_mixin.py:137} INFO - [2022-12-14T06:21:07.309+0000] {dagbag.py:538} INFO - Filling up the DagBag from /home/airflow/.local/lib/python3.7/site-packages/airflow/example_dags/example_latest_only_with_trigger.py
[2022-12-14T06:21:07.338+0000] {processor.py:753} INFO - DAG(s) dict_keys(['latest_only_with_trigger']) retrieved from /home/airflow/.local/lib/python3.7/site-packages/airflow/example_dags/example_latest_only_with_trigger.py
[2022-12-14T06:21:07.406+0000] {logging_mixin.py:137} INFO - [2022-12-14T06:21:07.406+0000] {dag.py:2676} INFO - Sync 1 DAGs
[2022-12-14T06:21:07.536+0000] {logging_mixin.py:137} INFO - [2022-12-14T06:21:07.536+0000] {dag.py:3427} INFO - Setting next_dagrun for latest_only_with_trigger to 2022-12-14T02:21:07.536149+00:00, run_after=2022-12-14T06:21:07.536149+00:00
[2022-12-14T06:21:07.593+0000] {processor.py:175} INFO - Processing /home/airflow/.local/lib/python3.7/site-packages/airflow/example_dags/example_latest_only_with_trigger.py took 0.297 seconds
[2022-12-14T06:21:38.322+0000] {processor.py:153} INFO - Started process (PID=240) to work on /home/airflow/.local/lib/python3.7/site-packages/airflow/example_dags/example_latest_only_with_trigger.py
[2022-12-14T06:21:38.327+0000] {processor.py:743} INFO - Processing file /home/airflow/.local/lib/python3.7/site-packages/airflow/example_dags/example_latest_only_with_trigger.py for tasks to queue
[2022-12-14T06:21:38.330+0000] {logging_mixin.py:137} INFO - [2022-12-14T06:21:38.330+0000] {dagbag.py:538} INFO - Filling up the DagBag from /home/airflow/.local/lib/python3.7/site-packages/airflow/example_dags/example_latest_only_with_trigger.py
[2022-12-14T06:21:38.363+0000] {processor.py:753} INFO - DAG(s) dict_keys(['latest_only_with_trigger']) retrieved from /home/airflow/.local/lib/python3.7/site-packages/airflow/example_dags/example_latest_only_with_trigger.py
[2022-12-14T06:21:38.445+0000] {logging_mixin.py:137} INFO - [2022-12-14T06:21:38.445+0000] {dag.py:2676} INFO - Sync 1 DAGs
[2022-12-14T06:21:38.507+0000] {logging_mixin.py:137} INFO - [2022-12-14T06:21:38.507+0000] {dag.py:3427} INFO - Setting next_dagrun for latest_only_with_trigger to 2022-12-14T02:21:38.507160+00:00, run_after=2022-12-14T06:21:38.507160+00:00
[2022-12-14T06:21:38.610+0000] {processor.py:175} INFO - Processing /home/airflow/.local/lib/python3.7/site-packages/airflow/example_dags/example_latest_only_with_trigger.py took 0.296 seconds
[2022-12-14T06:22:08.928+0000] {processor.py:153} INFO - Started process (PID=313) to work on /home/airflow/.local/lib/python3.7/site-packages/airflow/example_dags/example_latest_only_with_trigger.py
[2022-12-14T06:22:08.934+0000] {processor.py:743} INFO - Processing file /home/airflow/.local/lib/python3.7/site-packages/airflow/example_dags/example_latest_only_with_trigger.py for tasks to queue
[2022-12-14T06:22:08.935+0000] {logging_mixin.py:137} INFO - [2022-12-14T06:22:08.935+0000] {dagbag.py:538} INFO - Filling up the DagBag from /home/airflow/.local/lib/python3.7/site-packages/airflow/example_dags/example_latest_only_with_trigger.py
[2022-12-14T06:22:08.999+0000] {processor.py:753} INFO - DAG(s) dict_keys(['latest_only_with_trigger']) retrieved from /home/airflow/.local/lib/python3.7/site-packages/airflow/example_dags/example_latest_only_with_trigger.py
[2022-12-14T06:22:09.106+0000] {logging_mixin.py:137} INFO - [2022-12-14T06:22:09.105+0000] {dag.py:2676} INFO - Sync 1 DAGs
[2022-12-14T06:22:09.223+0000] {logging_mixin.py:137} INFO - [2022-12-14T06:22:09.223+0000] {dag.py:3427} INFO - Setting next_dagrun for latest_only_with_trigger to 2022-12-14T02:22:09.222781+00:00, run_after=2022-12-14T06:22:09.222781+00:00
[2022-12-14T06:22:09.303+0000] {processor.py:175} INFO - Processing /home/airflow/.local/lib/python3.7/site-packages/airflow/example_dags/example_latest_only_with_trigger.py took 0.384 seconds
[2022-12-14T06:23:03.246+0000] {processor.py:153} INFO - Started process (PID=392) to work on /home/airflow/.local/lib/python3.7/site-packages/airflow/example_dags/example_latest_only_with_trigger.py
[2022-12-14T06:23:03.410+0000] {processor.py:743} INFO - Processing file /home/airflow/.local/lib/python3.7/site-packages/airflow/example_dags/example_latest_only_with_trigger.py for tasks to queue
[2022-12-14T06:23:03.442+0000] {logging_mixin.py:137} INFO - [2022-12-14T06:23:03.441+0000] {dagbag.py:538} INFO - Filling up the DagBag from /home/airflow/.local/lib/python3.7/site-packages/airflow/example_dags/example_latest_only_with_trigger.py
[2022-12-14T06:23:04.060+0000] {processor.py:753} INFO - DAG(s) dict_keys(['latest_only_with_trigger']) retrieved from /home/airflow/.local/lib/python3.7/site-packages/airflow/example_dags/example_latest_only_with_trigger.py
[2022-12-14T06:23:04.745+0000] {logging_mixin.py:137} INFO - [2022-12-14T06:23:04.725+0000] {dag.py:2676} INFO - Sync 1 DAGs
[2022-12-14T06:23:05.710+0000] {logging_mixin.py:137} INFO - [2022-12-14T06:23:05.709+0000] {dag.py:3427} INFO - Setting next_dagrun for latest_only_with_trigger to 2022-12-14T02:23:05.709153+00:00, run_after=2022-12-14T06:23:05.709153+00:00
[2022-12-14T06:23:06.264+0000] {processor.py:175} INFO - Processing /home/airflow/.local/lib/python3.7/site-packages/airflow/example_dags/example_latest_only_with_trigger.py took 3.136 seconds
[2022-12-14T06:46:48.172+0000] {processor.py:153} INFO - Started process (PID=106) to work on /home/airflow/.local/lib/python3.7/site-packages/airflow/example_dags/example_latest_only_with_trigger.py
[2022-12-14T06:46:48.230+0000] {processor.py:743} INFO - Processing file /home/airflow/.local/lib/python3.7/site-packages/airflow/example_dags/example_latest_only_with_trigger.py for tasks to queue
[2022-12-14T06:46:48.238+0000] {logging_mixin.py:137} INFO - [2022-12-14T06:46:48.235+0000] {dagbag.py:538} INFO - Filling up the DagBag from /home/airflow/.local/lib/python3.7/site-packages/airflow/example_dags/example_latest_only_with_trigger.py
[2022-12-14T06:46:48.506+0000] {processor.py:753} INFO - DAG(s) dict_keys(['latest_only_with_trigger']) retrieved from /home/airflow/.local/lib/python3.7/site-packages/airflow/example_dags/example_latest_only_with_trigger.py
[2022-12-14T06:46:49.172+0000] {logging_mixin.py:137} INFO - [2022-12-14T06:46:49.171+0000] {dag.py:2676} INFO - Sync 1 DAGs
[2022-12-14T06:46:49.553+0000] {logging_mixin.py:137} INFO - [2022-12-14T06:46:49.553+0000] {dag.py:3427} INFO - Setting next_dagrun for latest_only_with_trigger to 2022-12-14T02:46:49.552212+00:00, run_after=2022-12-14T06:46:49.552212+00:00
[2022-12-14T06:46:49.810+0000] {processor.py:175} INFO - Processing /home/airflow/.local/lib/python3.7/site-packages/airflow/example_dags/example_latest_only_with_trigger.py took 1.729 seconds
[2022-12-14T06:55:41.290+0000] {processor.py:153} INFO - Started process (PID=338) to work on /home/airflow/.local/lib/python3.7/site-packages/airflow/example_dags/example_latest_only_with_trigger.py
[2022-12-14T06:55:41.309+0000] {processor.py:743} INFO - Processing file /home/airflow/.local/lib/python3.7/site-packages/airflow/example_dags/example_latest_only_with_trigger.py for tasks to queue
[2022-12-14T06:55:42.932+0000] {logging_mixin.py:137} INFO - [2022-12-14T06:55:42.498+0000] {dagbag.py:538} INFO - Filling up the DagBag from /home/airflow/.local/lib/python3.7/site-packages/airflow/example_dags/example_latest_only_with_trigger.py
[2022-12-14T06:56:20.500+0000] {processor.py:753} INFO - DAG(s) dict_keys(['latest_only_with_trigger']) retrieved from /home/airflow/.local/lib/python3.7/site-packages/airflow/example_dags/example_latest_only_with_trigger.py
[2022-12-14T07:39:05.672+0000] {processor.py:153} INFO - Started process (PID=169) to work on /home/airflow/.local/lib/python3.7/site-packages/airflow/example_dags/example_latest_only_with_trigger.py
[2022-12-14T07:39:09.333+0000] {processor.py:743} INFO - Processing file /home/airflow/.local/lib/python3.7/site-packages/airflow/example_dags/example_latest_only_with_trigger.py for tasks to queue
[2022-12-14T07:39:11.640+0000] {logging_mixin.py:137} INFO - [2022-12-14T07:39:10.690+0000] {dagbag.py:538} INFO - Filling up the DagBag from /home/airflow/.local/lib/python3.7/site-packages/airflow/example_dags/example_latest_only_with_trigger.py
[2022-12-14T07:39:33.229+0000] {processor.py:753} INFO - DAG(s) dict_keys(['latest_only_with_trigger']) retrieved from /home/airflow/.local/lib/python3.7/site-packages/airflow/example_dags/example_latest_only_with_trigger.py
