[2022-12-14T06:20:46.621+0000] {processor.py:153} INFO - Started process (PID=114) to work on /home/airflow/.local/lib/python3.7/site-packages/airflow/example_dags/tutorial_dag.py
[2022-12-14T06:20:46.638+0000] {processor.py:743} INFO - Processing file /home/airflow/.local/lib/python3.7/site-packages/airflow/example_dags/tutorial_dag.py for tasks to queue
[2022-12-14T06:20:46.642+0000] {logging_mixin.py:137} INFO - [2022-12-14T06:20:46.642+0000] {dagbag.py:538} INFO - Filling up the DagBag from /home/airflow/.local/lib/python3.7/site-packages/airflow/example_dags/tutorial_dag.py
[2022-12-14T06:20:46.785+0000] {processor.py:753} INFO - DAG(s) dict_keys(['tutorial_dag']) retrieved from /home/airflow/.local/lib/python3.7/site-packages/airflow/example_dags/tutorial_dag.py
[2022-12-14T06:20:47.151+0000] {logging_mixin.py:137} INFO - [2022-12-14T06:20:47.151+0000] {dag.py:2676} INFO - Sync 1 DAGs
[2022-12-14T06:20:47.337+0000] {logging_mixin.py:137} INFO - [2022-12-14T06:20:47.331+0000] {dag.py:3427} INFO - Setting next_dagrun for tutorial_dag to None, run_after=None
[2022-12-14T06:20:47.619+0000] {processor.py:175} INFO - Processing /home/airflow/.local/lib/python3.7/site-packages/airflow/example_dags/tutorial_dag.py took 1.016 seconds
[2022-12-14T06:21:18.510+0000] {processor.py:153} INFO - Started process (PID=183) to work on /home/airflow/.local/lib/python3.7/site-packages/airflow/example_dags/tutorial_dag.py
[2022-12-14T06:21:18.517+0000] {processor.py:743} INFO - Processing file /home/airflow/.local/lib/python3.7/site-packages/airflow/example_dags/tutorial_dag.py for tasks to queue
[2022-12-14T06:21:18.522+0000] {logging_mixin.py:137} INFO - [2022-12-14T06:21:18.521+0000] {dagbag.py:538} INFO - Filling up the DagBag from /home/airflow/.local/lib/python3.7/site-packages/airflow/example_dags/tutorial_dag.py
[2022-12-14T06:21:18.621+0000] {processor.py:753} INFO - DAG(s) dict_keys(['tutorial_dag']) retrieved from /home/airflow/.local/lib/python3.7/site-packages/airflow/example_dags/tutorial_dag.py
[2022-12-14T06:21:18.814+0000] {logging_mixin.py:137} INFO - [2022-12-14T06:21:18.814+0000] {dag.py:2676} INFO - Sync 1 DAGs
[2022-12-14T06:21:19.005+0000] {logging_mixin.py:137} INFO - [2022-12-14T06:21:19.005+0000] {dag.py:3427} INFO - Setting next_dagrun for tutorial_dag to None, run_after=None
[2022-12-14T06:21:19.071+0000] {processor.py:175} INFO - Processing /home/airflow/.local/lib/python3.7/site-packages/airflow/example_dags/tutorial_dag.py took 0.568 seconds
[2022-12-14T06:21:49.379+0000] {processor.py:153} INFO - Started process (PID=269) to work on /home/airflow/.local/lib/python3.7/site-packages/airflow/example_dags/tutorial_dag.py
[2022-12-14T06:21:49.391+0000] {processor.py:743} INFO - Processing file /home/airflow/.local/lib/python3.7/site-packages/airflow/example_dags/tutorial_dag.py for tasks to queue
[2022-12-14T06:21:49.424+0000] {logging_mixin.py:137} INFO - [2022-12-14T06:21:49.424+0000] {dagbag.py:538} INFO - Filling up the DagBag from /home/airflow/.local/lib/python3.7/site-packages/airflow/example_dags/tutorial_dag.py
[2022-12-14T06:21:49.596+0000] {processor.py:753} INFO - DAG(s) dict_keys(['tutorial_dag']) retrieved from /home/airflow/.local/lib/python3.7/site-packages/airflow/example_dags/tutorial_dag.py
[2022-12-14T06:21:49.896+0000] {logging_mixin.py:137} INFO - [2022-12-14T06:21:49.896+0000] {dag.py:2676} INFO - Sync 1 DAGs
[2022-12-14T06:21:50.305+0000] {logging_mixin.py:137} INFO - [2022-12-14T06:21:50.305+0000] {dag.py:3427} INFO - Setting next_dagrun for tutorial_dag to None, run_after=None
[2022-12-14T06:21:50.550+0000] {processor.py:175} INFO - Processing /home/airflow/.local/lib/python3.7/site-packages/airflow/example_dags/tutorial_dag.py took 1.185 seconds
[2022-12-14T06:22:22.941+0000] {processor.py:153} INFO - Started process (PID=336) to work on /home/airflow/.local/lib/python3.7/site-packages/airflow/example_dags/tutorial_dag.py
[2022-12-14T06:22:22.945+0000] {processor.py:743} INFO - Processing file /home/airflow/.local/lib/python3.7/site-packages/airflow/example_dags/tutorial_dag.py for tasks to queue
[2022-12-14T06:22:22.951+0000] {logging_mixin.py:137} INFO - [2022-12-14T06:22:22.951+0000] {dagbag.py:538} INFO - Filling up the DagBag from /home/airflow/.local/lib/python3.7/site-packages/airflow/example_dags/tutorial_dag.py
[2022-12-14T06:22:23.010+0000] {processor.py:753} INFO - DAG(s) dict_keys(['tutorial_dag']) retrieved from /home/airflow/.local/lib/python3.7/site-packages/airflow/example_dags/tutorial_dag.py
[2022-12-14T06:22:23.217+0000] {logging_mixin.py:137} INFO - [2022-12-14T06:22:23.216+0000] {dag.py:2676} INFO - Sync 1 DAGs
[2022-12-14T06:22:23.276+0000] {logging_mixin.py:137} INFO - [2022-12-14T06:22:23.276+0000] {dag.py:3427} INFO - Setting next_dagrun for tutorial_dag to None, run_after=None
[2022-12-14T06:22:23.345+0000] {processor.py:175} INFO - Processing /home/airflow/.local/lib/python3.7/site-packages/airflow/example_dags/tutorial_dag.py took 0.430 seconds
[2022-12-14T06:24:15.754+0000] {processor.py:153} INFO - Started process (PID=456) to work on /home/airflow/.local/lib/python3.7/site-packages/airflow/example_dags/tutorial_dag.py
[2022-12-14T06:24:15.797+0000] {processor.py:743} INFO - Processing file /home/airflow/.local/lib/python3.7/site-packages/airflow/example_dags/tutorial_dag.py for tasks to queue
[2022-12-14T06:24:15.811+0000] {logging_mixin.py:137} INFO - [2022-12-14T06:24:15.810+0000] {dagbag.py:538} INFO - Filling up the DagBag from /home/airflow/.local/lib/python3.7/site-packages/airflow/example_dags/tutorial_dag.py
[2022-12-14T06:24:16.260+0000] {processor.py:753} INFO - DAG(s) dict_keys(['tutorial_dag']) retrieved from /home/airflow/.local/lib/python3.7/site-packages/airflow/example_dags/tutorial_dag.py
[2022-12-14T06:24:21.026+0000] {logging_mixin.py:137} INFO - [2022-12-14T06:24:20.992+0000] {dag.py:2676} INFO - Sync 1 DAGs
[2022-12-14T06:24:23.099+0000] {logging_mixin.py:137} INFO - [2022-12-14T06:24:23.099+0000] {dag.py:3427} INFO - Setting next_dagrun for tutorial_dag to None, run_after=None
[2022-12-14T06:24:24.050+0000] {processor.py:175} INFO - Processing /home/airflow/.local/lib/python3.7/site-packages/airflow/example_dags/tutorial_dag.py took 8.344 seconds
[2022-12-14T06:48:24.231+0000] {processor.py:153} INFO - Started process (PID=150) to work on /home/airflow/.local/lib/python3.7/site-packages/airflow/example_dags/tutorial_dag.py
[2022-12-14T06:48:24.247+0000] {processor.py:743} INFO - Processing file /home/airflow/.local/lib/python3.7/site-packages/airflow/example_dags/tutorial_dag.py for tasks to queue
[2022-12-14T06:48:24.282+0000] {logging_mixin.py:137} INFO - [2022-12-14T06:48:24.280+0000] {dagbag.py:538} INFO - Filling up the DagBag from /home/airflow/.local/lib/python3.7/site-packages/airflow/example_dags/tutorial_dag.py
[2022-12-14T06:48:25.178+0000] {processor.py:753} INFO - DAG(s) dict_keys(['tutorial_dag']) retrieved from /home/airflow/.local/lib/python3.7/site-packages/airflow/example_dags/tutorial_dag.py
[2022-12-14T06:48:39.866+0000] {logging_mixin.py:137} INFO - [2022-12-14T06:48:39.633+0000] {dag.py:2676} INFO - Sync 1 DAGs
[2022-12-14T06:48:49.961+0000] {logging_mixin.py:137} INFO - [2022-12-14T06:48:49.929+0000] {dag.py:3427} INFO - Setting next_dagrun for tutorial_dag to None, run_after=None
[2022-12-14T06:48:54.558+0000] {processor.py:175} INFO - Processing /home/airflow/.local/lib/python3.7/site-packages/airflow/example_dags/tutorial_dag.py took 31.056 seconds
