[2022-12-18T13:56:40.389+0000] {processor.py:153} INFO - Started process (PID=56) to work on /home/airflow/.local/lib/python3.7/site-packages/airflow/example_dags/example_python_operator.py
[2022-12-18T13:56:40.409+0000] {processor.py:743} INFO - Processing file /home/airflow/.local/lib/python3.7/site-packages/airflow/example_dags/example_python_operator.py for tasks to queue
[2022-12-18T13:56:40.416+0000] {logging_mixin.py:137} INFO - [2022-12-18T13:56:40.415+0000] {dagbag.py:538} INFO - Filling up the DagBag from /home/airflow/.local/lib/python3.7/site-packages/airflow/example_dags/example_python_operator.py
[2022-12-18T13:56:40.601+0000] {logging_mixin.py:137} INFO - [2022-12-18T13:56:40.584+0000] {taskmixin.py:205} WARNING - Dependency <Task(_PythonDecoratedOperator): print_the_context>, log_sql_query already registered for DAG: example_python_operator
[2022-12-18T13:56:40.610+0000] {logging_mixin.py:137} INFO - [2022-12-18T13:56:40.610+0000] {taskmixin.py:205} WARNING - Dependency <Task(_PythonDecoratedOperator): log_sql_query>, print_the_context already registered for DAG: example_python_operator
[2022-12-18T13:56:40.613+0000] {logging_mixin.py:137} INFO - [2022-12-18T13:56:40.613+0000] {taskmixin.py:205} WARNING - Dependency <Task(_PythonDecoratedOperator): print_the_context>, log_sql_query already registered for DAG: example_python_operator
[2022-12-18T13:56:40.614+0000] {logging_mixin.py:137} INFO - [2022-12-18T13:56:40.614+0000] {taskmixin.py:205} WARNING - Dependency <Task(_PythonDecoratedOperator): log_sql_query>, print_the_context already registered for DAG: example_python_operator
[2022-12-18T13:56:40.627+0000] {logging_mixin.py:137} INFO - [2022-12-18T13:56:40.626+0000] {taskmixin.py:205} WARNING - Dependency <Task(_PythonDecoratedOperator): print_the_context>, log_sql_query already registered for DAG: example_python_operator
[2022-12-18T13:56:40.629+0000] {logging_mixin.py:137} INFO - [2022-12-18T13:56:40.629+0000] {taskmixin.py:205} WARNING - Dependency <Task(_PythonDecoratedOperator): log_sql_query>, print_the_context already registered for DAG: example_python_operator
[2022-12-18T13:56:40.641+0000] {logging_mixin.py:137} INFO - [2022-12-18T13:56:40.641+0000] {taskmixin.py:205} WARNING - Dependency <Task(_PythonDecoratedOperator): print_the_context>, log_sql_query already registered for DAG: example_python_operator
[2022-12-18T13:56:40.644+0000] {logging_mixin.py:137} INFO - [2022-12-18T13:56:40.644+0000] {taskmixin.py:205} WARNING - Dependency <Task(_PythonDecoratedOperator): log_sql_query>, print_the_context already registered for DAG: example_python_operator
[2022-12-18T13:56:40.743+0000] {processor.py:753} INFO - DAG(s) dict_keys(['example_python_operator']) retrieved from /home/airflow/.local/lib/python3.7/site-packages/airflow/example_dags/example_python_operator.py
[2022-12-18T13:56:42.702+0000] {logging_mixin.py:137} INFO - [2022-12-18T13:56:42.702+0000] {dag.py:2676} INFO - Sync 1 DAGs
[2022-12-18T13:56:42.893+0000] {logging_mixin.py:137} INFO - [2022-12-18T13:56:42.893+0000] {dag.py:3427} INFO - Setting next_dagrun for example_python_operator to None, run_after=None
[2022-12-18T13:56:43.215+0000] {processor.py:175} INFO - Processing /home/airflow/.local/lib/python3.7/site-packages/airflow/example_dags/example_python_operator.py took 2.875 seconds
[2022-12-18T14:00:14.116+0000] {processor.py:153} INFO - Started process (PID=178) to work on /home/airflow/.local/lib/python3.7/site-packages/airflow/example_dags/example_python_operator.py
[2022-12-18T14:00:14.129+0000] {processor.py:743} INFO - Processing file /home/airflow/.local/lib/python3.7/site-packages/airflow/example_dags/example_python_operator.py for tasks to queue
[2022-12-18T14:00:14.131+0000] {logging_mixin.py:137} INFO - [2022-12-18T14:00:14.131+0000] {dagbag.py:538} INFO - Filling up the DagBag from /home/airflow/.local/lib/python3.7/site-packages/airflow/example_dags/example_python_operator.py
[2022-12-18T14:00:20.541+0000] {logging_mixin.py:137} INFO - [2022-12-18T14:00:20.540+0000] {taskmixin.py:205} WARNING - Dependency <Task(_PythonDecoratedOperator): print_the_context>, log_sql_query already registered for DAG: example_python_operator
[2022-12-18T14:00:20.567+0000] {logging_mixin.py:137} INFO - [2022-12-18T14:00:20.567+0000] {taskmixin.py:205} WARNING - Dependency <Task(_PythonDecoratedOperator): log_sql_query>, print_the_context already registered for DAG: example_python_operator
[2022-12-18T14:00:20.575+0000] {logging_mixin.py:137} INFO - [2022-12-18T14:00:20.575+0000] {taskmixin.py:205} WARNING - Dependency <Task(_PythonDecoratedOperator): print_the_context>, log_sql_query already registered for DAG: example_python_operator
[2022-12-18T14:00:20.586+0000] {logging_mixin.py:137} INFO - [2022-12-18T14:00:20.585+0000] {taskmixin.py:205} WARNING - Dependency <Task(_PythonDecoratedOperator): log_sql_query>, print_the_context already registered for DAG: example_python_operator
[2022-12-18T14:00:20.592+0000] {logging_mixin.py:137} INFO - [2022-12-18T14:00:20.591+0000] {taskmixin.py:205} WARNING - Dependency <Task(_PythonDecoratedOperator): print_the_context>, log_sql_query already registered for DAG: example_python_operator
[2022-12-18T14:00:20.597+0000] {logging_mixin.py:137} INFO - [2022-12-18T14:00:20.596+0000] {taskmixin.py:205} WARNING - Dependency <Task(_PythonDecoratedOperator): log_sql_query>, print_the_context already registered for DAG: example_python_operator
[2022-12-18T14:00:20.633+0000] {logging_mixin.py:137} INFO - [2022-12-18T14:00:20.633+0000] {taskmixin.py:205} WARNING - Dependency <Task(_PythonDecoratedOperator): print_the_context>, log_sql_query already registered for DAG: example_python_operator
[2022-12-18T14:00:20.638+0000] {logging_mixin.py:137} INFO - [2022-12-18T14:00:20.638+0000] {taskmixin.py:205} WARNING - Dependency <Task(_PythonDecoratedOperator): log_sql_query>, print_the_context already registered for DAG: example_python_operator
[2022-12-18T14:00:25.375+0000] {processor.py:753} INFO - DAG(s) dict_keys(['example_python_operator']) retrieved from /home/airflow/.local/lib/python3.7/site-packages/airflow/example_dags/example_python_operator.py
