[2022-12-18T13:56:37.711+0000] {processor.py:153} INFO - Started process (PID=46) to work on /home/airflow/.local/lib/python3.7/site-packages/airflow/example_dags/example_complex.py
[2022-12-18T13:56:37.717+0000] {processor.py:743} INFO - Processing file /home/airflow/.local/lib/python3.7/site-packages/airflow/example_dags/example_complex.py for tasks to queue
[2022-12-18T13:56:37.722+0000] {logging_mixin.py:137} INFO - [2022-12-18T13:56:37.722+0000] {dagbag.py:538} INFO - Filling up the DagBag from /home/airflow/.local/lib/python3.7/site-packages/airflow/example_dags/example_complex.py
[2022-12-18T13:56:37.899+0000] {logging_mixin.py:137} INFO - [2022-12-18T13:56:37.898+0000] {taskmixin.py:205} WARNING - Dependency <Task(BashOperator): create_entry_group>, delete_entry_group already registered for DAG: example_complex
[2022-12-18T13:56:37.909+0000] {logging_mixin.py:137} INFO - [2022-12-18T13:56:37.909+0000] {taskmixin.py:205} WARNING - Dependency <Task(BashOperator): delete_entry_group>, create_entry_group already registered for DAG: example_complex
[2022-12-18T13:56:37.912+0000] {logging_mixin.py:137} INFO - [2022-12-18T13:56:37.912+0000] {taskmixin.py:205} WARNING - Dependency <Task(BashOperator): create_entry_gcs>, delete_entry already registered for DAG: example_complex
[2022-12-18T13:56:37.922+0000] {logging_mixin.py:137} INFO - [2022-12-18T13:56:37.921+0000] {taskmixin.py:205} WARNING - Dependency <Task(BashOperator): delete_entry>, create_entry_gcs already registered for DAG: example_complex
[2022-12-18T13:56:37.925+0000] {logging_mixin.py:137} INFO - [2022-12-18T13:56:37.924+0000] {taskmixin.py:205} WARNING - Dependency <Task(BashOperator): create_tag>, delete_tag already registered for DAG: example_complex
[2022-12-18T13:56:37.931+0000] {logging_mixin.py:137} INFO - [2022-12-18T13:56:37.930+0000] {taskmixin.py:205} WARNING - Dependency <Task(BashOperator): delete_tag>, create_tag already registered for DAG: example_complex
[2022-12-18T13:56:37.997+0000] {processor.py:753} INFO - DAG(s) dict_keys(['example_complex']) retrieved from /home/airflow/.local/lib/python3.7/site-packages/airflow/example_dags/example_complex.py
[2022-12-18T13:56:38.269+0000] {logging_mixin.py:137} INFO - [2022-12-18T13:56:38.269+0000] {dag.py:2676} INFO - Sync 1 DAGs
[2022-12-18T13:56:38.394+0000] {logging_mixin.py:137} INFO - [2022-12-18T13:56:38.394+0000] {dag.py:3427} INFO - Setting next_dagrun for example_complex to None, run_after=None
[2022-12-18T13:56:38.597+0000] {processor.py:175} INFO - Processing /home/airflow/.local/lib/python3.7/site-packages/airflow/example_dags/example_complex.py took 0.909 seconds
[2022-12-18T13:59:07.051+0000] {processor.py:153} INFO - Started process (PID=147) to work on /home/airflow/.local/lib/python3.7/site-packages/airflow/example_dags/example_complex.py
[2022-12-18T13:59:07.094+0000] {processor.py:743} INFO - Processing file /home/airflow/.local/lib/python3.7/site-packages/airflow/example_dags/example_complex.py for tasks to queue
[2022-12-18T13:59:07.100+0000] {logging_mixin.py:137} INFO - [2022-12-18T13:59:07.100+0000] {dagbag.py:538} INFO - Filling up the DagBag from /home/airflow/.local/lib/python3.7/site-packages/airflow/example_dags/example_complex.py
[2022-12-18T13:59:09.039+0000] {logging_mixin.py:137} INFO - [2022-12-18T13:59:09.028+0000] {taskmixin.py:205} WARNING - Dependency <Task(BashOperator): create_entry_group>, delete_entry_group already registered for DAG: example_complex
[2022-12-18T13:59:09.075+0000] {logging_mixin.py:137} INFO - [2022-12-18T13:59:09.075+0000] {taskmixin.py:205} WARNING - Dependency <Task(BashOperator): delete_entry_group>, create_entry_group already registered for DAG: example_complex
[2022-12-18T13:59:09.117+0000] {logging_mixin.py:137} INFO - [2022-12-18T13:59:09.117+0000] {taskmixin.py:205} WARNING - Dependency <Task(BashOperator): create_entry_gcs>, delete_entry already registered for DAG: example_complex
[2022-12-18T13:59:09.124+0000] {logging_mixin.py:137} INFO - [2022-12-18T13:59:09.124+0000] {taskmixin.py:205} WARNING - Dependency <Task(BashOperator): delete_entry>, create_entry_gcs already registered for DAG: example_complex
[2022-12-18T13:59:09.132+0000] {logging_mixin.py:137} INFO - [2022-12-18T13:59:09.132+0000] {taskmixin.py:205} WARNING - Dependency <Task(BashOperator): create_tag>, delete_tag already registered for DAG: example_complex
[2022-12-18T13:59:09.139+0000] {logging_mixin.py:137} INFO - [2022-12-18T13:59:09.135+0000] {taskmixin.py:205} WARNING - Dependency <Task(BashOperator): delete_tag>, create_tag already registered for DAG: example_complex
[2022-12-18T13:59:11.795+0000] {processor.py:753} INFO - DAG(s) dict_keys(['example_complex']) retrieved from /home/airflow/.local/lib/python3.7/site-packages/airflow/example_dags/example_complex.py
[2022-12-18T13:59:29.485+0000] {logging_mixin.py:137} INFO - [2022-12-18T13:59:29.484+0000] {dag.py:2676} INFO - Sync 1 DAGs
[2022-12-18T13:59:30.202+0000] {logging_mixin.py:137} INFO - [2022-12-18T13:59:30.202+0000] {dag.py:3427} INFO - Setting next_dagrun for example_complex to None, run_after=None
[2022-12-18T13:59:30.300+0000] {processor.py:175} INFO - Processing /home/airflow/.local/lib/python3.7/site-packages/airflow/example_dags/example_complex.py took 23.472 seconds
