[2022-12-18T13:56:55.892+0000] {processor.py:153} INFO - Started process (PID=67) to work on /home/airflow/.local/lib/python3.7/site-packages/airflow/example_dags/example_short_circuit_decorator.py
[2022-12-18T13:56:55.930+0000] {processor.py:743} INFO - Processing file /home/airflow/.local/lib/python3.7/site-packages/airflow/example_dags/example_short_circuit_decorator.py for tasks to queue
[2022-12-18T13:56:56.015+0000] {logging_mixin.py:137} INFO - [2022-12-18T13:56:56.013+0000] {dagbag.py:538} INFO - Filling up the DagBag from /home/airflow/.local/lib/python3.7/site-packages/airflow/example_dags/example_short_circuit_decorator.py
[2022-12-18T13:56:57.304+0000] {processor.py:753} INFO - DAG(s) dict_keys(['example_short_circuit_decorator']) retrieved from /home/airflow/.local/lib/python3.7/site-packages/airflow/example_dags/example_short_circuit_decorator.py
[2022-12-18T13:56:58.091+0000] {logging_mixin.py:137} INFO - [2022-12-18T13:56:58.091+0000] {dag.py:2676} INFO - Sync 1 DAGs
[2022-12-18T13:56:58.500+0000] {logging_mixin.py:137} INFO - [2022-12-18T13:56:58.499+0000] {dag.py:3427} INFO - Setting next_dagrun for example_short_circuit_decorator to 2022-12-17T13:56:58.498416+00:00, run_after=2022-12-18T13:56:58.498416+00:00
[2022-12-18T13:56:59.247+0000] {processor.py:175} INFO - Processing /home/airflow/.local/lib/python3.7/site-packages/airflow/example_dags/example_short_circuit_decorator.py took 3.787 seconds
[2022-12-18T14:04:17.394+0000] {processor.py:153} INFO - Started process (PID=262) to work on /home/airflow/.local/lib/python3.7/site-packages/airflow/example_dags/example_short_circuit_decorator.py
[2022-12-18T14:04:17.637+0000] {processor.py:743} INFO - Processing file /home/airflow/.local/lib/python3.7/site-packages/airflow/example_dags/example_short_circuit_decorator.py for tasks to queue
[2022-12-18T14:04:20.991+0000] {logging_mixin.py:137} INFO - [2022-12-18T14:04:17.795+0000] {dagbag.py:538} INFO - Filling up the DagBag from /home/airflow/.local/lib/python3.7/site-packages/airflow/example_dags/example_short_circuit_decorator.py
[2022-12-18T14:04:53.776+0000] {logging_mixin.py:137} INFO - [2022-12-18T14:04:53.769+0000] {timeout.py:68} ERROR - Process timed out, PID: 262
[2022-12-18T14:04:57.663+0000] {logging_mixin.py:137} INFO - [2022-12-18T14:04:53.871+0000] {dagbag.py:343} ERROR - Failed to import: /home/airflow/.local/lib/python3.7/site-packages/airflow/example_dags/example_short_circuit_decorator.py
Traceback (most recent call last):
  File "/home/airflow/.local/lib/python3.7/site-packages/airflow/models/dagbag.py", line 339, in parse
    loader.exec_module(new_module)
  File "<frozen importlib._bootstrap_external>", line 728, in exec_module
  File "<frozen importlib._bootstrap>", line 219, in _call_with_frames_removed
  File "/home/airflow/.local/lib/python3.7/site-packages/airflow/example_dags/example_short_circuit_decorator.py", line 22, in <module>
    from airflow.decorators import dag, task
  File "/home/airflow/.local/lib/python3.7/site-packages/airflow/decorators/__init__.py", line 26, in <module>
    from airflow.decorators.sensor import sensor_task
  File "/home/airflow/.local/lib/python3.7/site-packages/airflow/decorators/sensor.py", line 28, in <module>
    class DecoratedSensorOperator(PythonSensor):
  File "/home/airflow/.local/lib/python3.7/site-packages/airflow/models/baseoperator.py", line 431, in __new__
    new_cls = super().__new__(cls, name, bases, namespace, **kwargs)
  File "/usr/local/lib/python3.7/abc.py", line 126, in __new__
    cls = super().__new__(mcls, name, bases, namespace, **kwargs)
  File "/home/airflow/.local/lib/python3.7/site-packages/airflow/utils/timeout.py", line 69, in handle_timeout
    raise AirflowTaskTimeout(self.error_message)
airflow.exceptions.AirflowTaskTimeout: DagBag import timeout for /home/airflow/.local/lib/python3.7/site-packages/airflow/example_dags/example_short_circuit_decorator.py after 30.0s.
Please take a look at these docs to improve your DAG import time:
* https://airflow.apache.org/docs/apache-airflow/2.5.0/best-practices.html#top-level-python-code
* https://airflow.apache.org/docs/apache-airflow/2.5.0/best-practices.html#reducing-dag-complexity, PID: 262
