[2022-12-18T13:57:08.874+0000] {processor.py:153} INFO - Started process (PID=83) to work on /home/airflow/.local/lib/python3.7/site-packages/airflow/example_dags/tutorial_taskflow_api_virtualenv.py
[2022-12-18T13:57:09.047+0000] {processor.py:743} INFO - Processing file /home/airflow/.local/lib/python3.7/site-packages/airflow/example_dags/tutorial_taskflow_api_virtualenv.py for tasks to queue
[2022-12-18T13:57:09.053+0000] {logging_mixin.py:137} INFO - [2022-12-18T13:57:09.053+0000] {dagbag.py:538} INFO - Filling up the DagBag from /home/airflow/.local/lib/python3.7/site-packages/airflow/example_dags/tutorial_taskflow_api_virtualenv.py
[2022-12-18T13:57:09.931+0000] {processor.py:753} INFO - DAG(s) dict_keys(['tutorial_taskflow_api_virtualenv']) retrieved from /home/airflow/.local/lib/python3.7/site-packages/airflow/example_dags/tutorial_taskflow_api_virtualenv.py
[2022-12-18T13:57:11.489+0000] {logging_mixin.py:137} INFO - [2022-12-18T13:57:11.489+0000] {dag.py:2676} INFO - Sync 1 DAGs
[2022-12-18T13:57:12.323+0000] {logging_mixin.py:137} INFO - [2022-12-18T13:57:12.298+0000] {dag.py:3427} INFO - Setting next_dagrun for tutorial_taskflow_api_virtualenv to None, run_after=None
[2022-12-18T13:57:13.222+0000] {processor.py:175} INFO - Processing /home/airflow/.local/lib/python3.7/site-packages/airflow/example_dags/tutorial_taskflow_api_virtualenv.py took 4.507 seconds
[2022-12-18T14:14:49.219+0000] {processor.py:153} INFO - Started process (PID=316) to work on /home/airflow/.local/lib/python3.7/site-packages/airflow/example_dags/tutorial_taskflow_api_virtualenv.py
[2022-12-18T14:14:53.057+0000] {processor.py:743} INFO - Processing file /home/airflow/.local/lib/python3.7/site-packages/airflow/example_dags/tutorial_taskflow_api_virtualenv.py for tasks to queue
[2022-12-18T14:14:53.579+0000] {logging_mixin.py:137} INFO - [2022-12-18T14:14:53.512+0000] {dagbag.py:538} INFO - Filling up the DagBag from /home/airflow/.local/lib/python3.7/site-packages/airflow/example_dags/tutorial_taskflow_api_virtualenv.py
[2022-12-18T14:31:17.174+0000] {logging_mixin.py:137} INFO - [2022-12-18T14:31:14.052+0000] {timeout.py:68} ERROR - Process timed out, PID: 316
[2022-12-18T14:31:29.176+0000] {logging_mixin.py:137} INFO - [2022-12-18T14:31:18.011+0000] {dagbag.py:343} ERROR - Failed to import: /home/airflow/.local/lib/python3.7/site-packages/airflow/example_dags/tutorial_taskflow_api_virtualenv.py
Traceback (most recent call last):
  File "/home/airflow/.local/lib/python3.7/site-packages/airflow/models/dagbag.py", line 339, in parse
    loader.exec_module(new_module)
  File "<frozen importlib._bootstrap_external>", line 728, in exec_module
  File "<frozen importlib._bootstrap>", line 219, in _call_with_frames_removed
  File "/home/airflow/.local/lib/python3.7/site-packages/airflow/example_dags/tutorial_taskflow_api_virtualenv.py", line 24, in <module>
    from airflow.decorators import dag, task
  File "/home/airflow/.local/lib/python3.7/site-packages/airflow/decorators/__init__.py", line 22, in <module>
    from airflow.decorators.branch_python import branch_task
  File "/home/airflow/.local/lib/python3.7/site-packages/airflow/decorators/branch_python.py", line 24, in <module>
    from airflow.operators.python import BranchPythonOperator
  File "/home/airflow/.local/lib/python3.7/site-packages/airflow/operators/python.py", line 216, in <module>
    class ShortCircuitOperator(PythonOperator, SkipMixin):
  File "/home/airflow/.local/lib/python3.7/site-packages/airflow/models/baseoperator.py", line 438, in __new__
    new_cls.__init__ = cls._apply_defaults(new_cls.__init__)
  File "/home/airflow/.local/lib/python3.7/site-packages/airflow/models/baseoperator.py", line 343, in _apply_defaults
    class autostacklevel_warn:
  File "/home/airflow/.local/lib/python3.7/site-packages/airflow/utils/timeout.py", line 69, in handle_timeout
    raise AirflowTaskTimeout(self.error_message)
airflow.exceptions.AirflowTaskTimeout: DagBag import timeout for /home/airflow/.local/lib/python3.7/site-packages/airflow/example_dags/tutorial_taskflow_api_virtualenv.py after 30.0s.
Please take a look at these docs to improve your DAG import time:
* https://airflow.apache.org/docs/apache-airflow/2.5.0/best-practices.html#top-level-python-code
* https://airflow.apache.org/docs/apache-airflow/2.5.0/best-practices.html#reducing-dag-complexity, PID: 316
[2022-12-18T14:31:30.956+0000] {processor.py:755} WARNING - No viable dags retrieved from /home/airflow/.local/lib/python3.7/site-packages/airflow/example_dags/tutorial_taskflow_api_virtualenv.py
[2022-12-18T14:31:49.670+0000] {processor.py:175} INFO - Processing /home/airflow/.local/lib/python3.7/site-packages/airflow/example_dags/tutorial_taskflow_api_virtualenv.py took 85.455 seconds
