[2022-12-14T06:20:24.675+0000] {processor.py:153} INFO - Started process (PID=69) to work on /opt/airflow/dags/lesson 2/solution3.py
[2022-12-14T06:20:24.687+0000] {processor.py:743} INFO - Processing file /opt/airflow/dags/lesson 2/solution3.py for tasks to queue
[2022-12-14T06:20:24.707+0000] {logging_mixin.py:137} INFO - [2022-12-14T06:20:24.707+0000] {dagbag.py:538} INFO - Filling up the DagBag from /opt/airflow/dags/lesson 2/solution3.py
[2022-12-14T06:20:25.110+0000] {processor.py:753} INFO - DAG(s) dict_keys(['lesson1.solution3']) retrieved from /opt/airflow/dags/lesson 2/solution3.py
[2022-12-14T06:20:26.393+0000] {logging_mixin.py:137} INFO - [2022-12-14T06:20:26.370+0000] {dag.py:2676} INFO - Sync 1 DAGs
[2022-12-14T06:20:26.832+0000] {logging_mixin.py:137} INFO - [2022-12-14T06:20:26.832+0000] {dag.py:3427} INFO - Setting next_dagrun for lesson1.solution3 to 2022-12-13T15:00:00+00:00, run_after=2022-12-13T16:00:00+00:00
[2022-12-14T06:20:27.063+0000] {processor.py:175} INFO - Processing /opt/airflow/dags/lesson 2/solution3.py took 2.425 seconds
[2022-12-14T06:20:57.560+0000] {processor.py:153} INFO - Started process (PID=145) to work on /opt/airflow/dags/lesson 2/solution3.py
[2022-12-14T06:20:57.563+0000] {processor.py:743} INFO - Processing file /opt/airflow/dags/lesson 2/solution3.py for tasks to queue
[2022-12-14T06:20:57.565+0000] {logging_mixin.py:137} INFO - [2022-12-14T06:20:57.565+0000] {dagbag.py:538} INFO - Filling up the DagBag from /opt/airflow/dags/lesson 2/solution3.py
[2022-12-14T06:20:57.597+0000] {processor.py:753} INFO - DAG(s) dict_keys(['lesson1.solution3']) retrieved from /opt/airflow/dags/lesson 2/solution3.py
[2022-12-14T06:20:57.675+0000] {logging_mixin.py:137} INFO - [2022-12-14T06:20:57.675+0000] {dag.py:2676} INFO - Sync 1 DAGs
[2022-12-14T06:20:57.697+0000] {logging_mixin.py:137} INFO - [2022-12-14T06:20:57.696+0000] {dag.py:3427} INFO - Setting next_dagrun for lesson1.solution3 to 2022-12-13T15:00:00+00:00, run_after=2022-12-13T16:00:00+00:00
[2022-12-14T06:20:57.725+0000] {processor.py:175} INFO - Processing /opt/airflow/dags/lesson 2/solution3.py took 0.169 seconds
[2022-12-14T06:21:28.632+0000] {processor.py:153} INFO - Started process (PID=221) to work on /opt/airflow/dags/lesson 2/solution3.py
[2022-12-14T06:21:28.635+0000] {processor.py:743} INFO - Processing file /opt/airflow/dags/lesson 2/solution3.py for tasks to queue
[2022-12-14T06:21:28.636+0000] {logging_mixin.py:137} INFO - [2022-12-14T06:21:28.636+0000] {dagbag.py:538} INFO - Filling up the DagBag from /opt/airflow/dags/lesson 2/solution3.py
[2022-12-14T06:21:28.662+0000] {processor.py:753} INFO - DAG(s) dict_keys(['lesson1.solution3']) retrieved from /opt/airflow/dags/lesson 2/solution3.py
[2022-12-14T06:21:28.799+0000] {logging_mixin.py:137} INFO - [2022-12-14T06:21:28.798+0000] {dag.py:2676} INFO - Sync 1 DAGs
[2022-12-14T06:21:28.830+0000] {logging_mixin.py:137} INFO - [2022-12-14T06:21:28.829+0000] {dag.py:3427} INFO - Setting next_dagrun for lesson1.solution3 to 2022-12-13T15:00:00+00:00, run_after=2022-12-13T16:00:00+00:00
[2022-12-14T06:21:28.854+0000] {processor.py:175} INFO - Processing /opt/airflow/dags/lesson 2/solution3.py took 0.226 seconds
[2022-12-14T06:22:06.763+0000] {processor.py:153} INFO - Started process (PID=298) to work on /opt/airflow/dags/lesson 2/solution3.py
[2022-12-14T06:22:06.779+0000] {processor.py:743} INFO - Processing file /opt/airflow/dags/lesson 2/solution3.py for tasks to queue
[2022-12-14T06:22:06.783+0000] {logging_mixin.py:137} INFO - [2022-12-14T06:22:06.783+0000] {dagbag.py:538} INFO - Filling up the DagBag from /opt/airflow/dags/lesson 2/solution3.py
[2022-12-14T06:22:06.859+0000] {processor.py:753} INFO - DAG(s) dict_keys(['lesson1.solution3']) retrieved from /opt/airflow/dags/lesson 2/solution3.py
[2022-12-14T06:22:07.066+0000] {logging_mixin.py:137} INFO - [2022-12-14T06:22:07.066+0000] {dag.py:2676} INFO - Sync 1 DAGs
[2022-12-14T06:22:07.125+0000] {logging_mixin.py:137} INFO - [2022-12-14T06:22:07.125+0000] {dag.py:3427} INFO - Setting next_dagrun for lesson1.solution3 to 2022-12-13T15:00:00+00:00, run_after=2022-12-13T16:00:00+00:00
[2022-12-14T06:22:07.162+0000] {processor.py:175} INFO - Processing /opt/airflow/dags/lesson 2/solution3.py took 0.406 seconds
[2022-12-14T06:22:56.280+0000] {processor.py:153} INFO - Started process (PID=383) to work on /opt/airflow/dags/lesson 2/solution3.py
[2022-12-14T06:22:56.320+0000] {processor.py:743} INFO - Processing file /opt/airflow/dags/lesson 2/solution3.py for tasks to queue
[2022-12-14T06:22:56.324+0000] {logging_mixin.py:137} INFO - [2022-12-14T06:22:56.324+0000] {dagbag.py:538} INFO - Filling up the DagBag from /opt/airflow/dags/lesson 2/solution3.py
[2022-12-14T06:22:56.535+0000] {processor.py:753} INFO - DAG(s) dict_keys(['lesson1.solution3']) retrieved from /opt/airflow/dags/lesson 2/solution3.py
[2022-12-14T06:22:57.335+0000] {logging_mixin.py:137} INFO - [2022-12-14T06:22:57.334+0000] {dag.py:2676} INFO - Sync 1 DAGs
[2022-12-14T06:22:57.566+0000] {logging_mixin.py:137} INFO - [2022-12-14T06:22:57.566+0000] {dag.py:3427} INFO - Setting next_dagrun for lesson1.solution3 to 2022-12-13T15:00:00+00:00, run_after=2022-12-13T16:00:00+00:00
[2022-12-14T06:22:57.798+0000] {processor.py:175} INFO - Processing /opt/airflow/dags/lesson 2/solution3.py took 1.562 seconds
[2022-12-14T06:34:42.614+0000] {processor.py:153} INFO - Started process (PID=669) to work on /opt/airflow/dags/lesson 2/solution3.py
[2022-12-14T06:34:42.690+0000] {processor.py:743} INFO - Processing file /opt/airflow/dags/lesson 2/solution3.py for tasks to queue
[2022-12-14T06:34:42.728+0000] {logging_mixin.py:137} INFO - [2022-12-14T06:34:42.727+0000] {dagbag.py:538} INFO - Filling up the DagBag from /opt/airflow/dags/lesson 2/solution3.py
[2022-12-14T06:35:20.837+0000] {logging_mixin.py:137} INFO - [2022-12-14T06:35:20.202+0000] {timeout.py:68} ERROR - Process timed out, PID: 669
[2022-12-14T06:35:22.756+0000] {logging_mixin.py:137} INFO - [2022-12-14T06:35:21.218+0000] {dagbag.py:343} ERROR - Failed to import: /opt/airflow/dags/lesson 2/solution3.py
Traceback (most recent call last):
  File "/home/airflow/.local/lib/python3.7/site-packages/airflow/models/dagbag.py", line 339, in parse
    loader.exec_module(new_module)
  File "<frozen importlib._bootstrap_external>", line 728, in exec_module
  File "<frozen importlib._bootstrap>", line 219, in _call_with_frames_removed
  File "/opt/airflow/dags/lesson 2/solution3.py", line 27, in <module>
    start_date=datetime.datetime.now() - datetime.timedelta(days=1))
  File "/home/airflow/.local/lib/python3.7/site-packages/airflow/models/dag.py", line 538, in __init__
    self.timetable = create_timetable(schedule_interval, self.timezone)
  File "/home/airflow/.local/lib/python3.7/site-packages/airflow/models/dag.py", line 184, in create_timetable
    return CronDataIntervalTimetable(interval, timezone)
  File "/home/airflow/.local/lib/python3.7/site-packages/airflow/timetables/_cron.py", line 68, in __init__
    interval_description = descriptor.get_description()
  File "/home/airflow/.local/lib/python3.7/site-packages/cron_descriptor/ExpressionDescriptor.py", line 103, in get_description
    DescriptionTypeEnum.MONTH: self.get_month_description,
  File "/home/airflow/.local/lib/python3.7/site-packages/airflow/utils/timeout.py", line 69, in handle_timeout
    raise AirflowTaskTimeout(self.error_message)
airflow.exceptions.AirflowTaskTimeout: DagBag import timeout for /opt/airflow/dags/lesson 2/solution3.py after 30.0s.
Please take a look at these docs to improve your DAG import time:
* https://airflow.apache.org/docs/apache-airflow/2.5.0/best-practices.html#top-level-python-code
* https://airflow.apache.org/docs/apache-airflow/2.5.0/best-practices.html#reducing-dag-complexity, PID: 669
[2022-12-14T06:35:22.771+0000] {processor.py:755} WARNING - No viable dags retrieved from /opt/airflow/dags/lesson 2/solution3.py
[2022-12-14T06:36:26.742+0000] {processor.py:175} INFO - Processing /opt/airflow/dags/lesson 2/solution3.py took 107.205 seconds
[2022-12-14T06:46:34.477+0000] {processor.py:153} INFO - Started process (PID=90) to work on /opt/airflow/dags/lesson 2/solution3.py
[2022-12-14T06:46:34.630+0000] {processor.py:743} INFO - Processing file /opt/airflow/dags/lesson 2/solution3.py for tasks to queue
[2022-12-14T06:46:34.679+0000] {logging_mixin.py:137} INFO - [2022-12-14T06:46:34.678+0000] {dagbag.py:538} INFO - Filling up the DagBag from /opt/airflow/dags/lesson 2/solution3.py
[2022-12-14T06:46:35.925+0000] {processor.py:753} INFO - DAG(s) dict_keys(['lesson1.solution3']) retrieved from /opt/airflow/dags/lesson 2/solution3.py
[2022-12-14T06:46:39.086+0000] {logging_mixin.py:137} INFO - [2022-12-14T06:46:39.085+0000] {dag.py:2676} INFO - Sync 1 DAGs
[2022-12-14T06:46:39.335+0000] {logging_mixin.py:137} INFO - [2022-12-14T06:46:39.335+0000] {dag.py:3427} INFO - Setting next_dagrun for lesson1.solution3 to 2022-12-13T15:00:00+00:00, run_after=2022-12-13T16:00:00+00:00
[2022-12-14T06:46:39.882+0000] {processor.py:175} INFO - Processing /opt/airflow/dags/lesson 2/solution3.py took 5.474 seconds
[2022-12-14T06:52:46.381+0000] {processor.py:153} INFO - Started process (PID=261) to work on /opt/airflow/dags/lesson 2/solution3.py
[2022-12-14T06:52:46.456+0000] {processor.py:743} INFO - Processing file /opt/airflow/dags/lesson 2/solution3.py for tasks to queue
[2022-12-14T06:52:46.506+0000] {logging_mixin.py:137} INFO - [2022-12-14T06:52:46.506+0000] {dagbag.py:538} INFO - Filling up the DagBag from /opt/airflow/dags/lesson 2/solution3.py
[2022-12-14T06:52:52.994+0000] {processor.py:753} INFO - DAG(s) dict_keys(['lesson1.solution3']) retrieved from /opt/airflow/dags/lesson 2/solution3.py
[2022-12-14T06:53:22.604+0000] {logging_mixin.py:137} INFO - [2022-12-14T06:53:22.594+0000] {dag.py:2676} INFO - Sync 1 DAGs
[2022-12-14T06:53:27.127+0000] {logging_mixin.py:137} INFO - [2022-12-14T06:53:27.125+0000] {dag.py:3427} INFO - Setting next_dagrun for lesson1.solution3 to 2022-12-13T15:00:00+00:00, run_after=2022-12-13T16:00:00+00:00
[2022-12-14T07:36:14.648+0000] {processor.py:153} INFO - Started process (PID=117) to work on /opt/airflow/dags/lesson 2/solution3.py
[2022-12-14T07:36:14.726+0000] {processor.py:743} INFO - Processing file /opt/airflow/dags/lesson 2/solution3.py for tasks to queue
[2022-12-14T07:36:14.775+0000] {logging_mixin.py:137} INFO - [2022-12-14T07:36:14.775+0000] {dagbag.py:538} INFO - Filling up the DagBag from /opt/airflow/dags/lesson 2/solution3.py
[2022-12-14T07:36:16.453+0000] {processor.py:753} INFO - DAG(s) dict_keys(['lesson1.solution3']) retrieved from /opt/airflow/dags/lesson 2/solution3.py
[2022-12-14T07:36:37.014+0000] {logging_mixin.py:137} INFO - [2022-12-14T07:36:36.877+0000] {dag.py:2676} INFO - Sync 1 DAGs
[2022-12-14T07:36:42.341+0000] {logging_mixin.py:137} INFO - [2022-12-14T07:36:42.340+0000] {dag.py:3427} INFO - Setting next_dagrun for lesson1.solution3 to 2022-12-13T15:00:00+00:00, run_after=2022-12-13T16:00:00+00:00
[2022-12-14T07:36:46.206+0000] {processor.py:175} INFO - Processing /opt/airflow/dags/lesson 2/solution3.py took 31.839 seconds
