[2022-12-14T06:20:14.237+0000] {processor.py:153} INFO - Started process (PID=62) to work on /opt/airflow/dags/lesson 2/solution6.py
[2022-12-14T06:20:14.239+0000] {processor.py:743} INFO - Processing file /opt/airflow/dags/lesson 2/solution6.py for tasks to queue
[2022-12-14T06:20:14.246+0000] {logging_mixin.py:137} INFO - [2022-12-14T06:20:14.245+0000] {dagbag.py:538} INFO - Filling up the DagBag from /opt/airflow/dags/lesson 2/solution6.py
[2022-12-14T06:20:17.240+0000] {logging_mixin.py:137} INFO - [2022-12-14T06:20:17.157+0000] {dagbag.py:343} ERROR - Failed to import: /opt/airflow/dags/lesson 2/solution6.py
Traceback (most recent call last):
  File "/home/airflow/.local/lib/python3.7/site-packages/airflow/models/dagbag.py", line 339, in parse
    loader.exec_module(new_module)
  File "<frozen importlib._bootstrap_external>", line 728, in exec_module
  File "<frozen importlib._bootstrap>", line 219, in _call_with_frames_removed
  File "/opt/airflow/dags/lesson 2/solution6.py", line 42, in <module>
    sql=sql_statements.LOCATION_TRAFFIC_SQL
AttributeError: module 'sql_statements' has no attribute 'LOCATION_TRAFFIC_SQL'
[2022-12-14T06:20:17.290+0000] {processor.py:755} WARNING - No viable dags retrieved from /opt/airflow/dags/lesson 2/solution6.py
[2022-12-14T06:20:18.005+0000] {processor.py:175} INFO - Processing /opt/airflow/dags/lesson 2/solution6.py took 3.790 seconds
[2022-12-14T06:20:56.805+0000] {processor.py:153} INFO - Started process (PID=141) to work on /opt/airflow/dags/lesson 2/solution6.py
[2022-12-14T06:20:56.809+0000] {processor.py:743} INFO - Processing file /opt/airflow/dags/lesson 2/solution6.py for tasks to queue
[2022-12-14T06:20:56.812+0000] {logging_mixin.py:137} INFO - [2022-12-14T06:20:56.811+0000] {dagbag.py:538} INFO - Filling up the DagBag from /opt/airflow/dags/lesson 2/solution6.py
[2022-12-14T06:20:56.965+0000] {logging_mixin.py:137} INFO - [2022-12-14T06:20:56.963+0000] {dagbag.py:343} ERROR - Failed to import: /opt/airflow/dags/lesson 2/solution6.py
Traceback (most recent call last):
  File "/home/airflow/.local/lib/python3.7/site-packages/airflow/models/dagbag.py", line 339, in parse
    loader.exec_module(new_module)
  File "<frozen importlib._bootstrap_external>", line 728, in exec_module
  File "<frozen importlib._bootstrap>", line 219, in _call_with_frames_removed
  File "/opt/airflow/dags/lesson 2/solution6.py", line 42, in <module>
    sql=sql_statements.LOCATION_TRAFFIC_SQL
AttributeError: module 'sql_statements' has no attribute 'LOCATION_TRAFFIC_SQL'
[2022-12-14T06:20:56.966+0000] {processor.py:755} WARNING - No viable dags retrieved from /opt/airflow/dags/lesson 2/solution6.py
[2022-12-14T06:20:57.002+0000] {processor.py:175} INFO - Processing /opt/airflow/dags/lesson 2/solution6.py took 0.202 seconds
[2022-12-14T06:21:27.945+0000] {processor.py:153} INFO - Started process (PID=217) to work on /opt/airflow/dags/lesson 2/solution6.py
[2022-12-14T06:21:27.948+0000] {processor.py:743} INFO - Processing file /opt/airflow/dags/lesson 2/solution6.py for tasks to queue
[2022-12-14T06:21:27.950+0000] {logging_mixin.py:137} INFO - [2022-12-14T06:21:27.949+0000] {dagbag.py:538} INFO - Filling up the DagBag from /opt/airflow/dags/lesson 2/solution6.py
[2022-12-14T06:21:28.065+0000] {logging_mixin.py:137} INFO - [2022-12-14T06:21:28.060+0000] {dagbag.py:343} ERROR - Failed to import: /opt/airflow/dags/lesson 2/solution6.py
Traceback (most recent call last):
  File "/home/airflow/.local/lib/python3.7/site-packages/airflow/models/dagbag.py", line 339, in parse
    loader.exec_module(new_module)
  File "<frozen importlib._bootstrap_external>", line 728, in exec_module
  File "<frozen importlib._bootstrap>", line 219, in _call_with_frames_removed
  File "/opt/airflow/dags/lesson 2/solution6.py", line 42, in <module>
    sql=sql_statements.LOCATION_TRAFFIC_SQL
AttributeError: module 'sql_statements' has no attribute 'LOCATION_TRAFFIC_SQL'
[2022-12-14T06:21:28.066+0000] {processor.py:755} WARNING - No viable dags retrieved from /opt/airflow/dags/lesson 2/solution6.py
[2022-12-14T06:21:28.091+0000] {processor.py:175} INFO - Processing /opt/airflow/dags/lesson 2/solution6.py took 0.150 seconds
[2022-12-14T06:22:05.540+0000] {processor.py:153} INFO - Started process (PID=294) to work on /opt/airflow/dags/lesson 2/solution6.py
[2022-12-14T06:22:05.547+0000] {processor.py:743} INFO - Processing file /opt/airflow/dags/lesson 2/solution6.py for tasks to queue
[2022-12-14T06:22:05.553+0000] {logging_mixin.py:137} INFO - [2022-12-14T06:22:05.553+0000] {dagbag.py:538} INFO - Filling up the DagBag from /opt/airflow/dags/lesson 2/solution6.py
[2022-12-14T06:22:05.810+0000] {logging_mixin.py:137} INFO - [2022-12-14T06:22:05.800+0000] {dagbag.py:343} ERROR - Failed to import: /opt/airflow/dags/lesson 2/solution6.py
Traceback (most recent call last):
  File "/home/airflow/.local/lib/python3.7/site-packages/airflow/models/dagbag.py", line 339, in parse
    loader.exec_module(new_module)
  File "<frozen importlib._bootstrap_external>", line 728, in exec_module
  File "<frozen importlib._bootstrap>", line 219, in _call_with_frames_removed
  File "/opt/airflow/dags/lesson 2/solution6.py", line 42, in <module>
    sql=sql_statements.LOCATION_TRAFFIC_SQL
AttributeError: module 'sql_statements' has no attribute 'LOCATION_TRAFFIC_SQL'
[2022-12-14T06:22:05.811+0000] {processor.py:755} WARNING - No viable dags retrieved from /opt/airflow/dags/lesson 2/solution6.py
[2022-12-14T06:22:05.870+0000] {processor.py:175} INFO - Processing /opt/airflow/dags/lesson 2/solution6.py took 0.334 seconds
[2022-12-14T06:22:48.365+0000] {processor.py:153} INFO - Started process (PID=377) to work on /opt/airflow/dags/lesson 2/solution6.py
[2022-12-14T06:22:48.401+0000] {processor.py:743} INFO - Processing file /opt/airflow/dags/lesson 2/solution6.py for tasks to queue
[2022-12-14T06:22:48.428+0000] {logging_mixin.py:137} INFO - [2022-12-14T06:22:48.428+0000] {dagbag.py:538} INFO - Filling up the DagBag from /opt/airflow/dags/lesson 2/solution6.py
[2022-12-14T06:22:50.131+0000] {logging_mixin.py:137} INFO - [2022-12-14T06:22:50.101+0000] {dagbag.py:343} ERROR - Failed to import: /opt/airflow/dags/lesson 2/solution6.py
Traceback (most recent call last):
  File "/home/airflow/.local/lib/python3.7/site-packages/airflow/models/dagbag.py", line 339, in parse
    loader.exec_module(new_module)
  File "<frozen importlib._bootstrap_external>", line 728, in exec_module
  File "<frozen importlib._bootstrap>", line 219, in _call_with_frames_removed
  File "/opt/airflow/dags/lesson 2/solution6.py", line 42, in <module>
    sql=sql_statements.LOCATION_TRAFFIC_SQL
AttributeError: module 'sql_statements' has no attribute 'LOCATION_TRAFFIC_SQL'
[2022-12-14T06:22:50.141+0000] {processor.py:755} WARNING - No viable dags retrieved from /opt/airflow/dags/lesson 2/solution6.py
[2022-12-14T06:22:50.370+0000] {processor.py:175} INFO - Processing /opt/airflow/dags/lesson 2/solution6.py took 2.018 seconds
[2022-12-14T06:32:29.629+0000] {processor.py:153} INFO - Started process (PID=644) to work on /opt/airflow/dags/lesson 2/solution6.py
[2022-12-14T06:32:30.450+0000] {processor.py:743} INFO - Processing file /opt/airflow/dags/lesson 2/solution6.py for tasks to queue
[2022-12-14T06:32:36.450+0000] {logging_mixin.py:137} INFO - [2022-12-14T06:32:34.756+0000] {dagbag.py:538} INFO - Filling up the DagBag from /opt/airflow/dags/lesson 2/solution6.py
[2022-12-14T06:33:12.879+0000] {logging_mixin.py:137} INFO - [2022-12-14T06:33:12.679+0000] {timeout.py:68} ERROR - Process timed out, PID: 644
[2022-12-14T06:33:18.453+0000] {logging_mixin.py:137} INFO - [2022-12-14T06:33:13.670+0000] {dagbag.py:343} ERROR - Failed to import: /opt/airflow/dags/lesson 2/solution6.py
Traceback (most recent call last):
  File "/home/airflow/.local/lib/python3.7/site-packages/airflow/models/dagbag.py", line 339, in parse
    loader.exec_module(new_module)
  File "<frozen importlib._bootstrap_external>", line 728, in exec_module
  File "<frozen importlib._bootstrap>", line 219, in _call_with_frames_removed
  File "/opt/airflow/dags/lesson 2/solution6.py", line 5, in <module>
    from airflow.contrib.hooks.aws_hook import AwsHook
  File "/home/airflow/.local/lib/python3.7/site-packages/airflow/utils/deprecation_tools.py", line 36, in getattr_with_deprecation
    return getattr(importlib.import_module(new_module), new_class_name)
  File "/usr/local/lib/python3.7/importlib/__init__.py", line 127, in import_module
    return _bootstrap._gcd_import(name[level:], package, level)
  File "<frozen importlib._bootstrap>", line 1006, in _gcd_import
  File "<frozen importlib._bootstrap>", line 983, in _find_and_load
  File "<frozen importlib._bootstrap>", line 967, in _find_and_load_unlocked
  File "<frozen importlib._bootstrap>", line 677, in _load_unlocked
  File "<frozen importlib._bootstrap_external>", line 728, in exec_module
  File "<frozen importlib._bootstrap>", line 219, in _call_with_frames_removed
  File "/home/airflow/.local/lib/python3.7/site-packages/airflow/providers/amazon/aws/hooks/base_aws.py", line 34, in <module>
    import boto3
  File "/home/airflow/.local/lib/python3.7/site-packages/boto3/__init__.py", line 16, in <module>
    from boto3.compat import _warn_deprecated_python
  File "<frozen importlib._bootstrap>", line 983, in _find_and_load
  File "<frozen importlib._bootstrap>", line 967, in _find_and_load_unlocked
  File "<frozen importlib._bootstrap>", line 677, in _load_unlocked
  File "<frozen importlib._bootstrap_external>", line 724, in exec_module
  File "<frozen importlib._bootstrap_external>", line 857, in get_code
  File "<frozen importlib._bootstrap_external>", line 525, in _compile_bytecode
  File "/home/airflow/.local/lib/python3.7/site-packages/airflow/utils/timeout.py", line 69, in handle_timeout
    raise AirflowTaskTimeout(self.error_message)
airflow.exceptions.AirflowTaskTimeout: DagBag import timeout for /opt/airflow/dags/lesson 2/solution6.py after 30.0s.
Please take a look at these docs to improve your DAG import time:
* https://airflow.apache.org/docs/apache-airflow/2.5.0/best-practices.html#top-level-python-code
* https://airflow.apache.org/docs/apache-airflow/2.5.0/best-practices.html#reducing-dag-complexity, PID: 644
[2022-12-14T06:33:18.523+0000] {processor.py:755} WARNING - No viable dags retrieved from /opt/airflow/dags/lesson 2/solution6.py
[2022-12-14T06:46:23.985+0000] {processor.py:153} INFO - Started process (PID=76) to work on /opt/airflow/dags/lesson 2/solution6.py
[2022-12-14T06:46:24.036+0000] {processor.py:743} INFO - Processing file /opt/airflow/dags/lesson 2/solution6.py for tasks to queue
[2022-12-14T06:46:24.060+0000] {logging_mixin.py:137} INFO - [2022-12-14T06:46:24.060+0000] {dagbag.py:538} INFO - Filling up the DagBag from /opt/airflow/dags/lesson 2/solution6.py
[2022-12-14T06:46:26.435+0000] {logging_mixin.py:137} INFO - [2022-12-14T06:46:26.356+0000] {dagbag.py:343} ERROR - Failed to import: /opt/airflow/dags/lesson 2/solution6.py
Traceback (most recent call last):
  File "/home/airflow/.local/lib/python3.7/site-packages/airflow/models/dagbag.py", line 339, in parse
    loader.exec_module(new_module)
  File "<frozen importlib._bootstrap_external>", line 728, in exec_module
  File "<frozen importlib._bootstrap>", line 219, in _call_with_frames_removed
  File "/opt/airflow/dags/lesson 2/solution6.py", line 42, in <module>
    sql=sql_statements.LOCATION_TRAFFIC_SQL
AttributeError: module 'sql_statements' has no attribute 'LOCATION_TRAFFIC_SQL'
[2022-12-14T06:46:26.445+0000] {processor.py:755} WARNING - No viable dags retrieved from /opt/airflow/dags/lesson 2/solution6.py
[2022-12-14T06:46:26.811+0000] {processor.py:175} INFO - Processing /opt/airflow/dags/lesson 2/solution6.py took 2.868 seconds
[2022-12-14T06:52:08.849+0000] {processor.py:153} INFO - Started process (PID=236) to work on /opt/airflow/dags/lesson 2/solution6.py
[2022-12-14T06:52:08.895+0000] {processor.py:743} INFO - Processing file /opt/airflow/dags/lesson 2/solution6.py for tasks to queue
[2022-12-14T06:52:08.907+0000] {logging_mixin.py:137} INFO - [2022-12-14T06:52:08.902+0000] {dagbag.py:538} INFO - Filling up the DagBag from /opt/airflow/dags/lesson 2/solution6.py
[2022-12-14T06:52:16.568+0000] {logging_mixin.py:137} INFO - [2022-12-14T06:52:16.376+0000] {dagbag.py:343} ERROR - Failed to import: /opt/airflow/dags/lesson 2/solution6.py
Traceback (most recent call last):
  File "/home/airflow/.local/lib/python3.7/site-packages/airflow/models/dagbag.py", line 339, in parse
    loader.exec_module(new_module)
  File "<frozen importlib._bootstrap_external>", line 728, in exec_module
  File "<frozen importlib._bootstrap>", line 219, in _call_with_frames_removed
  File "/opt/airflow/dags/lesson 2/solution6.py", line 42, in <module>
    sql=sql_statements.LOCATION_TRAFFIC_SQL
AttributeError: module 'sql_statements' has no attribute 'LOCATION_TRAFFIC_SQL'
[2022-12-14T06:52:16.584+0000] {processor.py:755} WARNING - No viable dags retrieved from /opt/airflow/dags/lesson 2/solution6.py
[2022-12-14T06:52:18.027+0000] {processor.py:175} INFO - Processing /opt/airflow/dags/lesson 2/solution6.py took 9.440 seconds
[2022-12-14T07:35:20.385+0000] {processor.py:153} INFO - Started process (PID=82) to work on /opt/airflow/dags/lesson 2/solution6.py
[2022-12-14T07:35:20.388+0000] {processor.py:743} INFO - Processing file /opt/airflow/dags/lesson 2/solution6.py for tasks to queue
[2022-12-14T07:35:20.392+0000] {logging_mixin.py:137} INFO - [2022-12-14T07:35:20.390+0000] {dagbag.py:538} INFO - Filling up the DagBag from /opt/airflow/dags/lesson 2/solution6.py
[2022-12-14T07:35:28.862+0000] {logging_mixin.py:137} INFO - [2022-12-14T07:35:28.764+0000] {dagbag.py:343} ERROR - Failed to import: /opt/airflow/dags/lesson 2/solution6.py
Traceback (most recent call last):
  File "/home/airflow/.local/lib/python3.7/site-packages/airflow/models/dagbag.py", line 339, in parse
    loader.exec_module(new_module)
  File "<frozen importlib._bootstrap_external>", line 728, in exec_module
  File "<frozen importlib._bootstrap>", line 219, in _call_with_frames_removed
  File "/opt/airflow/dags/lesson 2/solution6.py", line 42, in <module>
    sql=sql_statements.LOCATION_TRAFFIC_SQL
AttributeError: module 'sql_statements' has no attribute 'LOCATION_TRAFFIC_SQL'
[2022-12-14T07:35:28.879+0000] {processor.py:755} WARNING - No viable dags retrieved from /opt/airflow/dags/lesson 2/solution6.py
[2022-12-14T07:35:30.494+0000] {processor.py:175} INFO - Processing /opt/airflow/dags/lesson 2/solution6.py took 10.224 seconds
