[2022-12-14T06:20:01.362+0000] {processor.py:153} INFO - Started process (PID=46) to work on /opt/airflow/dags/lesson4/exercise2.py
[2022-12-14T06:20:01.371+0000] {processor.py:743} INFO - Processing file /opt/airflow/dags/lesson4/exercise2.py for tasks to queue
[2022-12-14T06:20:01.373+0000] {logging_mixin.py:137} INFO - [2022-12-14T06:20:01.373+0000] {dagbag.py:538} INFO - Filling up the DagBag from /opt/airflow/dags/lesson4/exercise2.py
[2022-12-14T06:20:01.542+0000] {processor.py:753} INFO - DAG(s) dict_keys(['lesson3.exercise2']) retrieved from /opt/airflow/dags/lesson4/exercise2.py
[2022-12-14T06:20:02.118+0000] {logging_mixin.py:137} INFO - [2022-12-14T06:20:02.118+0000] {manager.py:504} INFO - Created Permission View: can edit on DAG:lesson3.exercise2
[2022-12-14T06:20:02.135+0000] {logging_mixin.py:137} INFO - [2022-12-14T06:20:02.135+0000] {manager.py:504} INFO - Created Permission View: can delete on DAG:lesson3.exercise2
[2022-12-14T06:20:02.170+0000] {logging_mixin.py:137} INFO - [2022-12-14T06:20:02.170+0000] {manager.py:504} INFO - Created Permission View: can read on DAG:lesson3.exercise2
[2022-12-14T06:20:02.172+0000] {logging_mixin.py:137} INFO - [2022-12-14T06:20:02.172+0000] {dag.py:2676} INFO - Sync 1 DAGs
[2022-12-14T06:20:02.214+0000] {logging_mixin.py:137} INFO - [2022-12-14T06:20:02.212+0000] {dag.py:2697} INFO - Creating ORM DAG for lesson3.exercise2
[2022-12-14T06:20:02.245+0000] {logging_mixin.py:137} INFO - [2022-12-14T06:20:02.245+0000] {dag.py:3427} INFO - Setting next_dagrun for lesson3.exercise2 to 2022-12-14T06:20:01.521505+00:00, run_after=2022-12-15T06:20:01.521505+00:00
[2022-12-14T06:20:02.344+0000] {processor.py:175} INFO - Processing /opt/airflow/dags/lesson4/exercise2.py took 1.005 seconds
[2022-12-14T06:20:53.576+0000] {processor.py:153} INFO - Started process (PID=135) to work on /opt/airflow/dags/lesson4/exercise2.py
[2022-12-14T06:20:53.579+0000] {processor.py:743} INFO - Processing file /opt/airflow/dags/lesson4/exercise2.py for tasks to queue
[2022-12-14T06:20:53.585+0000] {logging_mixin.py:137} INFO - [2022-12-14T06:20:53.585+0000] {dagbag.py:538} INFO - Filling up the DagBag from /opt/airflow/dags/lesson4/exercise2.py
[2022-12-14T06:20:54.109+0000] {processor.py:753} INFO - DAG(s) dict_keys(['lesson3.exercise2']) retrieved from /opt/airflow/dags/lesson4/exercise2.py
[2022-12-14T06:20:54.858+0000] {logging_mixin.py:137} INFO - [2022-12-14T06:20:54.855+0000] {dag.py:2676} INFO - Sync 1 DAGs
[2022-12-14T06:20:55.058+0000] {logging_mixin.py:137} INFO - [2022-12-14T06:20:55.057+0000] {dag.py:3427} INFO - Setting next_dagrun for lesson3.exercise2 to 2022-12-14T06:20:53.782619+00:00, run_after=2022-12-15T06:20:53.782619+00:00
[2022-12-14T06:20:55.275+0000] {processor.py:175} INFO - Processing /opt/airflow/dags/lesson4/exercise2.py took 1.707 seconds
[2022-12-14T06:21:26.294+0000] {processor.py:153} INFO - Started process (PID=212) to work on /opt/airflow/dags/lesson4/exercise2.py
[2022-12-14T06:21:26.296+0000] {processor.py:743} INFO - Processing file /opt/airflow/dags/lesson4/exercise2.py for tasks to queue
[2022-12-14T06:21:26.298+0000] {logging_mixin.py:137} INFO - [2022-12-14T06:21:26.298+0000] {dagbag.py:538} INFO - Filling up the DagBag from /opt/airflow/dags/lesson4/exercise2.py
[2022-12-14T06:21:26.329+0000] {processor.py:753} INFO - DAG(s) dict_keys(['lesson3.exercise2']) retrieved from /opt/airflow/dags/lesson4/exercise2.py
[2022-12-14T06:21:26.394+0000] {logging_mixin.py:137} INFO - [2022-12-14T06:21:26.394+0000] {dag.py:2676} INFO - Sync 1 DAGs
[2022-12-14T06:21:26.417+0000] {logging_mixin.py:137} INFO - [2022-12-14T06:21:26.417+0000] {dag.py:3427} INFO - Setting next_dagrun for lesson3.exercise2 to 2022-12-14T06:21:26.320690+00:00, run_after=2022-12-15T06:21:26.320690+00:00
[2022-12-14T06:21:26.435+0000] {processor.py:175} INFO - Processing /opt/airflow/dags/lesson4/exercise2.py took 0.144 seconds
[2022-12-14T06:22:01.855+0000] {processor.py:153} INFO - Started process (PID=288) to work on /opt/airflow/dags/lesson4/exercise2.py
[2022-12-14T06:22:01.860+0000] {processor.py:743} INFO - Processing file /opt/airflow/dags/lesson4/exercise2.py for tasks to queue
[2022-12-14T06:22:01.867+0000] {logging_mixin.py:137} INFO - [2022-12-14T06:22:01.867+0000] {dagbag.py:538} INFO - Filling up the DagBag from /opt/airflow/dags/lesson4/exercise2.py
[2022-12-14T06:22:02.022+0000] {processor.py:753} INFO - DAG(s) dict_keys(['lesson3.exercise2']) retrieved from /opt/airflow/dags/lesson4/exercise2.py
[2022-12-14T06:22:02.321+0000] {logging_mixin.py:137} INFO - [2022-12-14T06:22:02.321+0000] {dag.py:2676} INFO - Sync 1 DAGs
[2022-12-14T06:22:02.427+0000] {logging_mixin.py:137} INFO - [2022-12-14T06:22:02.427+0000] {dag.py:3427} INFO - Setting next_dagrun for lesson3.exercise2 to 2022-12-14T06:22:01.955375+00:00, run_after=2022-12-15T06:22:01.955375+00:00
[2022-12-14T06:22:02.539+0000] {processor.py:175} INFO - Processing /opt/airflow/dags/lesson4/exercise2.py took 0.702 seconds
[2022-12-14T06:22:34.510+0000] {processor.py:153} INFO - Started process (PID=364) to work on /opt/airflow/dags/lesson4/exercise2.py
[2022-12-14T06:22:34.528+0000] {processor.py:743} INFO - Processing file /opt/airflow/dags/lesson4/exercise2.py for tasks to queue
[2022-12-14T06:22:34.546+0000] {logging_mixin.py:137} INFO - [2022-12-14T06:22:34.538+0000] {dagbag.py:538} INFO - Filling up the DagBag from /opt/airflow/dags/lesson4/exercise2.py
[2022-12-14T06:22:34.869+0000] {processor.py:753} INFO - DAG(s) dict_keys(['lesson3.exercise2']) retrieved from /opt/airflow/dags/lesson4/exercise2.py
[2022-12-14T06:22:36.404+0000] {logging_mixin.py:137} INFO - [2022-12-14T06:22:36.362+0000] {dag.py:2676} INFO - Sync 1 DAGs
[2022-12-14T06:22:37.014+0000] {logging_mixin.py:137} INFO - [2022-12-14T06:22:37.014+0000] {dag.py:3427} INFO - Setting next_dagrun for lesson3.exercise2 to 2022-12-14T06:22:34.794790+00:00, run_after=2022-12-15T06:22:34.794790+00:00
[2022-12-14T06:22:37.348+0000] {processor.py:175} INFO - Processing /opt/airflow/dags/lesson4/exercise2.py took 2.866 seconds
[2022-12-14T06:23:16.079+0000] {processor.py:153} INFO - Started process (PID=407) to work on /opt/airflow/dags/lesson4/exercise2.py
[2022-12-14T06:23:16.137+0000] {processor.py:743} INFO - Processing file /opt/airflow/dags/lesson4/exercise2.py for tasks to queue
[2022-12-14T06:23:16.159+0000] {logging_mixin.py:137} INFO - [2022-12-14T06:23:16.156+0000] {dagbag.py:538} INFO - Filling up the DagBag from /opt/airflow/dags/lesson4/exercise2.py
[2022-12-14T06:23:17.243+0000] {processor.py:753} INFO - DAG(s) dict_keys(['lesson3.exercise2']) retrieved from /opt/airflow/dags/lesson4/exercise2.py
[2022-12-14T06:23:19.193+0000] {logging_mixin.py:137} INFO - [2022-12-14T06:23:19.193+0000] {dag.py:2676} INFO - Sync 1 DAGs
[2022-12-14T06:23:19.764+0000] {logging_mixin.py:137} INFO - [2022-12-14T06:23:19.763+0000] {dag.py:3427} INFO - Setting next_dagrun for lesson3.exercise2 to 2022-12-14T06:23:16.683173+00:00, run_after=2022-12-15T06:23:16.683173+00:00
[2022-12-14T06:23:20.214+0000] {processor.py:175} INFO - Processing /opt/airflow/dags/lesson4/exercise2.py took 4.278 seconds
[2022-12-14T06:29:23.295+0000] {processor.py:153} INFO - Started process (PID=573) to work on /opt/airflow/dags/lesson4/exercise2.py
[2022-12-14T06:29:23.869+0000] {processor.py:743} INFO - Processing file /opt/airflow/dags/lesson4/exercise2.py for tasks to queue
[2022-12-14T06:29:24.294+0000] {logging_mixin.py:137} INFO - [2022-12-14T06:29:24.213+0000] {dagbag.py:538} INFO - Filling up the DagBag from /opt/airflow/dags/lesson4/exercise2.py
[2022-12-14T06:30:02.477+0000] {processor.py:753} INFO - DAG(s) dict_keys(['lesson3.exercise2']) retrieved from /opt/airflow/dags/lesson4/exercise2.py
[2022-12-14T06:46:09.684+0000] {processor.py:153} INFO - Started process (PID=65) to work on /opt/airflow/dags/lesson4/exercise2.py
[2022-12-14T06:46:09.710+0000] {processor.py:743} INFO - Processing file /opt/airflow/dags/lesson4/exercise2.py for tasks to queue
[2022-12-14T06:46:09.715+0000] {logging_mixin.py:137} INFO - [2022-12-14T06:46:09.713+0000] {dagbag.py:538} INFO - Filling up the DagBag from /opt/airflow/dags/lesson4/exercise2.py
[2022-12-14T06:46:10.257+0000] {processor.py:753} INFO - DAG(s) dict_keys(['lesson3.exercise2']) retrieved from /opt/airflow/dags/lesson4/exercise2.py
[2022-12-14T06:46:14.074+0000] {logging_mixin.py:137} INFO - [2022-12-14T06:46:14.072+0000] {dag.py:2676} INFO - Sync 1 DAGs
[2022-12-14T06:46:14.562+0000] {logging_mixin.py:137} INFO - [2022-12-14T06:46:14.561+0000] {dag.py:3427} INFO - Setting next_dagrun for lesson3.exercise2 to 2022-12-14T06:46:10.127133+00:00, run_after=2022-12-15T06:46:10.127133+00:00
[2022-12-14T06:46:15.014+0000] {processor.py:175} INFO - Processing /opt/airflow/dags/lesson4/exercise2.py took 5.372 seconds
[2022-12-14T06:51:32.665+0000] {processor.py:153} INFO - Started process (PID=209) to work on /opt/airflow/dags/lesson4/exercise2.py
[2022-12-14T06:51:32.711+0000] {processor.py:743} INFO - Processing file /opt/airflow/dags/lesson4/exercise2.py for tasks to queue
[2022-12-14T06:51:32.740+0000] {logging_mixin.py:137} INFO - [2022-12-14T06:51:32.739+0000] {dagbag.py:538} INFO - Filling up the DagBag from /opt/airflow/dags/lesson4/exercise2.py
[2022-12-14T06:51:34.419+0000] {processor.py:753} INFO - DAG(s) dict_keys(['lesson3.exercise2']) retrieved from /opt/airflow/dags/lesson4/exercise2.py
[2022-12-14T06:51:37.444+0000] {logging_mixin.py:137} INFO - [2022-12-14T06:51:37.444+0000] {dag.py:2676} INFO - Sync 1 DAGs
[2022-12-14T06:51:39.428+0000] {logging_mixin.py:137} INFO - [2022-12-14T06:51:39.425+0000] {dag.py:3427} INFO - Setting next_dagrun for lesson3.exercise2 to 2022-12-14T06:51:33.864675+00:00, run_after=2022-12-15T06:51:33.864675+00:00
[2022-12-14T06:51:40.659+0000] {processor.py:175} INFO - Processing /opt/airflow/dags/lesson4/exercise2.py took 8.075 seconds
[2022-12-14T07:34:40.218+0000] {processor.py:153} INFO - Started process (PID=58) to work on /opt/airflow/dags/lesson4/exercise2.py
[2022-12-14T07:34:40.229+0000] {processor.py:743} INFO - Processing file /opt/airflow/dags/lesson4/exercise2.py for tasks to queue
[2022-12-14T07:34:40.246+0000] {logging_mixin.py:137} INFO - [2022-12-14T07:34:40.246+0000] {dagbag.py:538} INFO - Filling up the DagBag from /opt/airflow/dags/lesson4/exercise2.py
[2022-12-14T07:34:40.901+0000] {processor.py:753} INFO - DAG(s) dict_keys(['lesson3.exercise2']) retrieved from /opt/airflow/dags/lesson4/exercise2.py
[2022-12-14T07:34:44.371+0000] {logging_mixin.py:137} INFO - [2022-12-14T07:34:44.370+0000] {dag.py:2676} INFO - Sync 1 DAGs
[2022-12-14T07:34:45.666+0000] {logging_mixin.py:137} INFO - [2022-12-14T07:34:45.666+0000] {dag.py:3427} INFO - Setting next_dagrun for lesson3.exercise2 to 2022-12-14T07:34:40.726379+00:00, run_after=2022-12-15T07:34:40.726379+00:00
[2022-12-14T07:34:46.769+0000] {processor.py:175} INFO - Processing /opt/airflow/dags/lesson4/exercise2.py took 6.569 seconds
