[2022-12-14T06:20:07.872+0000] {processor.py:153} INFO - Started process (PID=59) to work on /opt/airflow/dags/lesson3/exercise1.py
[2022-12-14T06:20:07.905+0000] {processor.py:743} INFO - Processing file /opt/airflow/dags/lesson3/exercise1.py for tasks to queue
[2022-12-14T06:20:07.992+0000] {logging_mixin.py:137} INFO - [2022-12-14T06:20:07.992+0000] {dagbag.py:538} INFO - Filling up the DagBag from /opt/airflow/dags/lesson3/exercise1.py
[2022-12-14T06:20:11.033+0000] {processor.py:753} INFO - DAG(s) dict_keys(['lesson2.exercise1']) retrieved from /opt/airflow/dags/lesson3/exercise1.py
[2022-12-14T06:20:13.387+0000] {logging_mixin.py:137} INFO - [2022-12-14T06:20:13.387+0000] {manager.py:504} INFO - Created Permission View: can edit on DAG:lesson2.exercise1
[2022-12-14T06:20:13.479+0000] {logging_mixin.py:137} INFO - [2022-12-14T06:20:13.479+0000] {manager.py:504} INFO - Created Permission View: can delete on DAG:lesson2.exercise1
[2022-12-14T06:20:13.558+0000] {logging_mixin.py:137} INFO - [2022-12-14T06:20:13.557+0000] {manager.py:504} INFO - Created Permission View: can read on DAG:lesson2.exercise1
[2022-12-14T06:20:13.561+0000] {logging_mixin.py:137} INFO - [2022-12-14T06:20:13.561+0000] {dag.py:2676} INFO - Sync 1 DAGs
[2022-12-14T06:20:13.722+0000] {logging_mixin.py:137} INFO - [2022-12-14T06:20:13.707+0000] {dag.py:2697} INFO - Creating ORM DAG for lesson2.exercise1
[2022-12-14T06:20:13.851+0000] {logging_mixin.py:137} INFO - [2022-12-14T06:20:13.832+0000] {dag.py:3427} INFO - Setting next_dagrun for lesson2.exercise1 to 2022-12-14T06:20:10.852164+00:00, run_after=2022-12-15T06:20:10.852164+00:00
[2022-12-14T06:20:14.049+0000] {processor.py:175} INFO - Processing /opt/airflow/dags/lesson3/exercise1.py took 6.253 seconds
[2022-12-14T06:20:56.795+0000] {processor.py:153} INFO - Started process (PID=140) to work on /opt/airflow/dags/lesson3/exercise1.py
[2022-12-14T06:20:56.798+0000] {processor.py:743} INFO - Processing file /opt/airflow/dags/lesson3/exercise1.py for tasks to queue
[2022-12-14T06:20:56.799+0000] {logging_mixin.py:137} INFO - [2022-12-14T06:20:56.799+0000] {dagbag.py:538} INFO - Filling up the DagBag from /opt/airflow/dags/lesson3/exercise1.py
[2022-12-14T06:20:56.962+0000] {processor.py:753} INFO - DAG(s) dict_keys(['lesson2.exercise1']) retrieved from /opt/airflow/dags/lesson3/exercise1.py
[2022-12-14T06:20:57.057+0000] {logging_mixin.py:137} INFO - [2022-12-14T06:20:57.057+0000] {dag.py:2676} INFO - Sync 1 DAGs
[2022-12-14T06:20:57.092+0000] {logging_mixin.py:137} INFO - [2022-12-14T06:20:57.092+0000] {dag.py:3427} INFO - Setting next_dagrun for lesson2.exercise1 to 2022-12-14T06:20:56.947664+00:00, run_after=2022-12-15T06:20:56.947664+00:00
[2022-12-14T06:20:57.116+0000] {processor.py:175} INFO - Processing /opt/airflow/dags/lesson3/exercise1.py took 0.330 seconds
[2022-12-14T06:21:27.939+0000] {processor.py:153} INFO - Started process (PID=216) to work on /opt/airflow/dags/lesson3/exercise1.py
[2022-12-14T06:21:27.941+0000] {processor.py:743} INFO - Processing file /opt/airflow/dags/lesson3/exercise1.py for tasks to queue
[2022-12-14T06:21:27.943+0000] {logging_mixin.py:137} INFO - [2022-12-14T06:21:27.943+0000] {dagbag.py:538} INFO - Filling up the DagBag from /opt/airflow/dags/lesson3/exercise1.py
[2022-12-14T06:21:28.061+0000] {processor.py:753} INFO - DAG(s) dict_keys(['lesson2.exercise1']) retrieved from /opt/airflow/dags/lesson3/exercise1.py
[2022-12-14T06:21:28.141+0000] {logging_mixin.py:137} INFO - [2022-12-14T06:21:28.141+0000] {dag.py:2676} INFO - Sync 1 DAGs
[2022-12-14T06:21:28.171+0000] {logging_mixin.py:137} INFO - [2022-12-14T06:21:28.171+0000] {dag.py:3427} INFO - Setting next_dagrun for lesson2.exercise1 to 2022-12-14T06:21:28.050867+00:00, run_after=2022-12-15T06:21:28.050867+00:00
[2022-12-14T06:21:28.203+0000] {processor.py:175} INFO - Processing /opt/airflow/dags/lesson3/exercise1.py took 0.269 seconds
[2022-12-14T06:22:04.965+0000] {processor.py:153} INFO - Started process (PID=293) to work on /opt/airflow/dags/lesson3/exercise1.py
[2022-12-14T06:22:04.969+0000] {processor.py:743} INFO - Processing file /opt/airflow/dags/lesson3/exercise1.py for tasks to queue
[2022-12-14T06:22:04.974+0000] {logging_mixin.py:137} INFO - [2022-12-14T06:22:04.973+0000] {dagbag.py:538} INFO - Filling up the DagBag from /opt/airflow/dags/lesson3/exercise1.py
[2022-12-14T06:22:05.346+0000] {processor.py:753} INFO - DAG(s) dict_keys(['lesson2.exercise1']) retrieved from /opt/airflow/dags/lesson3/exercise1.py
[2022-12-14T06:22:05.577+0000] {logging_mixin.py:137} INFO - [2022-12-14T06:22:05.577+0000] {dag.py:2676} INFO - Sync 1 DAGs
[2022-12-14T06:22:05.671+0000] {logging_mixin.py:137} INFO - [2022-12-14T06:22:05.670+0000] {dag.py:3427} INFO - Setting next_dagrun for lesson2.exercise1 to 2022-12-14T06:22:05.321340+00:00, run_after=2022-12-15T06:22:05.321340+00:00
[2022-12-14T06:22:05.725+0000] {processor.py:175} INFO - Processing /opt/airflow/dags/lesson3/exercise1.py took 0.777 seconds
[2022-12-14T06:22:43.863+0000] {processor.py:153} INFO - Started process (PID=369) to work on /opt/airflow/dags/lesson3/exercise1.py
[2022-12-14T06:22:43.913+0000] {processor.py:743} INFO - Processing file /opt/airflow/dags/lesson3/exercise1.py for tasks to queue
[2022-12-14T06:22:43.953+0000] {logging_mixin.py:137} INFO - [2022-12-14T06:22:43.953+0000] {dagbag.py:538} INFO - Filling up the DagBag from /opt/airflow/dags/lesson3/exercise1.py
[2022-12-14T06:22:45.743+0000] {processor.py:753} INFO - DAG(s) dict_keys(['lesson2.exercise1']) retrieved from /opt/airflow/dags/lesson3/exercise1.py
[2022-12-14T06:22:47.218+0000] {logging_mixin.py:137} INFO - [2022-12-14T06:22:47.217+0000] {dag.py:2676} INFO - Sync 1 DAGs
[2022-12-14T06:22:47.570+0000] {logging_mixin.py:137} INFO - [2022-12-14T06:22:47.570+0000] {dag.py:3427} INFO - Setting next_dagrun for lesson2.exercise1 to 2022-12-14T06:22:45.347690+00:00, run_after=2022-12-15T06:22:45.347690+00:00
[2022-12-14T06:22:47.810+0000] {processor.py:175} INFO - Processing /opt/airflow/dags/lesson3/exercise1.py took 4.169 seconds
[2022-12-14T06:32:08.917+0000] {processor.py:153} INFO - Started process (PID=632) to work on /opt/airflow/dags/lesson3/exercise1.py
[2022-12-14T06:32:09.362+0000] {processor.py:743} INFO - Processing file /opt/airflow/dags/lesson3/exercise1.py for tasks to queue
[2022-12-14T06:32:14.325+0000] {logging_mixin.py:137} INFO - [2022-12-14T06:32:14.317+0000] {dagbag.py:538} INFO - Filling up the DagBag from /opt/airflow/dags/lesson3/exercise1.py
[2022-12-14T06:46:19.985+0000] {processor.py:153} INFO - Started process (PID=72) to work on /opt/airflow/dags/lesson3/exercise1.py
[2022-12-14T06:46:19.989+0000] {processor.py:743} INFO - Processing file /opt/airflow/dags/lesson3/exercise1.py for tasks to queue
[2022-12-14T06:46:20.004+0000] {logging_mixin.py:137} INFO - [2022-12-14T06:46:19.995+0000] {dagbag.py:538} INFO - Filling up the DagBag from /opt/airflow/dags/lesson3/exercise1.py
[2022-12-14T06:46:21.893+0000] {processor.py:753} INFO - DAG(s) dict_keys(['lesson2.exercise1']) retrieved from /opt/airflow/dags/lesson3/exercise1.py
[2022-12-14T06:46:22.534+0000] {logging_mixin.py:137} INFO - [2022-12-14T06:46:22.534+0000] {dag.py:2676} INFO - Sync 1 DAGs
[2022-12-14T06:46:23.225+0000] {logging_mixin.py:137} INFO - [2022-12-14T06:46:23.224+0000] {dag.py:3427} INFO - Setting next_dagrun for lesson2.exercise1 to 2022-12-14T06:46:21.751075+00:00, run_after=2022-12-15T06:46:21.751075+00:00
[2022-12-14T06:46:23.840+0000] {processor.py:175} INFO - Processing /opt/airflow/dags/lesson3/exercise1.py took 3.893 seconds
[2022-12-14T06:52:01.139+0000] {processor.py:153} INFO - Started process (PID=232) to work on /opt/airflow/dags/lesson3/exercise1.py
[2022-12-14T06:52:01.182+0000] {processor.py:743} INFO - Processing file /opt/airflow/dags/lesson3/exercise1.py for tasks to queue
[2022-12-14T06:52:01.188+0000] {logging_mixin.py:137} INFO - [2022-12-14T06:52:01.188+0000] {dagbag.py:538} INFO - Filling up the DagBag from /opt/airflow/dags/lesson3/exercise1.py
[2022-12-14T06:52:05.573+0000] {processor.py:753} INFO - DAG(s) dict_keys(['lesson2.exercise1']) retrieved from /opt/airflow/dags/lesson3/exercise1.py
[2022-12-14T06:52:08.409+0000] {logging_mixin.py:137} INFO - [2022-12-14T06:52:08.373+0000] {dag.py:2676} INFO - Sync 1 DAGs
[2022-12-14T06:52:09.304+0000] {logging_mixin.py:137} INFO - [2022-12-14T06:52:09.303+0000] {dag.py:3427} INFO - Setting next_dagrun for lesson2.exercise1 to 2022-12-14T06:52:05.017076+00:00, run_after=2022-12-15T06:52:05.017076+00:00
[2022-12-14T06:52:10.174+0000] {processor.py:175} INFO - Processing /opt/airflow/dags/lesson3/exercise1.py took 9.108 seconds
[2022-12-14T07:35:05.571+0000] {processor.py:153} INFO - Started process (PID=79) to work on /opt/airflow/dags/lesson3/exercise1.py
[2022-12-14T07:35:05.649+0000] {processor.py:743} INFO - Processing file /opt/airflow/dags/lesson3/exercise1.py for tasks to queue
[2022-12-14T07:35:05.671+0000] {logging_mixin.py:137} INFO - [2022-12-14T07:35:05.670+0000] {dagbag.py:538} INFO - Filling up the DagBag from /opt/airflow/dags/lesson3/exercise1.py
[2022-12-14T07:35:09.850+0000] {processor.py:753} INFO - DAG(s) dict_keys(['lesson2.exercise1']) retrieved from /opt/airflow/dags/lesson3/exercise1.py
[2022-12-14T07:35:18.314+0000] {logging_mixin.py:137} INFO - [2022-12-14T07:35:18.287+0000] {dag.py:2676} INFO - Sync 1 DAGs
[2022-12-14T07:35:19.903+0000] {logging_mixin.py:137} INFO - [2022-12-14T07:35:19.902+0000] {dag.py:3427} INFO - Setting next_dagrun for lesson2.exercise1 to 2022-12-14T07:35:09.384317+00:00, run_after=2022-12-15T07:35:09.384317+00:00
[2022-12-14T07:35:20.409+0000] {processor.py:175} INFO - Processing /opt/airflow/dags/lesson3/exercise1.py took 15.219 seconds
